CRITICAL - 2021-11-06 14:01:34 --> App\Libraries\Tools\Blogging::post_item is not a valid method.
#0 C:\xampp\htdocs\CodeIgniter4\CodeIgniter4\system\View\Cell.php(103): CodeIgniter\View\Exceptions\ViewException::forInvalidCellMethod('App\\Libraries\\T...', 'post_item')
#1 C:\xampp\htdocs\CodeIgniter4\CodeIgniter4\system\Common.php(1292): CodeIgniter\View\Cell->render('App\\Libraries\\T...', NULL, 0, 'AppLibrariesToo...')
#2 C:\xampp\htdocs\CodeIgniter4\CodeIgniter4\app\Views\blogger.php(24): view_cell('App\\Libraries\\T...')
#3 C:\xampp\htdocs\CodeIgniter4\CodeIgniter4\system\View\View.php(230): include('C:\\xampp\\htdocs...')
#4 C:\xampp\htdocs\CodeIgniter4\CodeIgniter4\system\View\View.php(232): CodeIgniter\View\View->CodeIgniter\View\{closure}()
#5 C:\xampp\htdocs\CodeIgniter4\CodeIgniter4\system\Common.php(1271): CodeIgniter\View\View->render('blogger', Array, true)
#6 C:\xampp\htdocs\CodeIgniter4\CodeIgniter4\app\Controllers\Blog.php(14): view('blogger')
#7 C:\xampp\htdocs\CodeIgniter4\CodeIgniter4\system\CodeIgniter.php(928): App\Controllers\Blog->index()
#8 C:\xampp\htdocs\CodeIgniter4\CodeIgniter4\system\CodeIgniter.php(436): CodeIgniter\CodeIgniter->runController(Object(App\Controllers\Blog))
#9 C:\xampp\htdocs\CodeIgniter4\CodeIgniter4\system\CodeIgniter.php(336): CodeIgniter\CodeIgniter->handleRequest(NULL, Object(Config\Cache), false)
#10 C:\xampp\htdocs\CodeIgniter4\CodeIgniter4\public\index.php(37): CodeIgniter\CodeIgniter->run()
#11 C:\xampp\htdocs\CodeIgniter4\CodeIgniter4\system\Commands\Server\rewrite.php(45): require_once('C:\\xampp\\htdocs...')
#12 {main}
CRITICAL - 2021-11-06 14:02:20 --> Unable to locate view cell class: App\Libraries\Tools\Blogging.
#0 C:\xampp\htdocs\CodeIgniter4\CodeIgniter4\system\View\Cell.php(240): CodeIgniter\View\Exceptions\ViewException::forInvalidCellClass('App\\Libraries\\T...')
#1 C:\xampp\htdocs\CodeIgniter4\CodeIgniter4\system\View\Cell.php(81): CodeIgniter\View\Cell->determineClass('App\\Libraries\\T...')
#2 C:\xampp\htdocs\CodeIgniter4\CodeIgniter4\system\Common.php(1292): CodeIgniter\View\Cell->render('App\\Libraries\\T...', NULL, 0, NULL)
#3 C:\xampp\htdocs\CodeIgniter4\CodeIgniter4\app\Views\blogger.php(24): view_cell('App\\Libraries\\T...')
#4 C:\xampp\htdocs\CodeIgniter4\CodeIgniter4\system\View\View.php(230): include('C:\\xampp\\htdocs...')
#5 C:\xampp\htdocs\CodeIgniter4\CodeIgniter4\system\View\View.php(232): CodeIgniter\View\View->CodeIgniter\View\{closure}()
#6 C:\xampp\htdocs\CodeIgniter4\CodeIgniter4\system\Common.php(1271): CodeIgniter\View\View->render('blogger', Array, true)
#7 C:\xampp\htdocs\CodeIgniter4\CodeIgniter4\app\Controllers\Blog.php(14): view('blogger')
#8 C:\xampp\htdocs\CodeIgniter4\CodeIgniter4\system\CodeIgniter.php(928): App\Controllers\Blog->index()
#9 C:\xampp\htdocs\CodeIgniter4\CodeIgniter4\system\CodeIgniter.php(436): CodeIgniter\CodeIgniter->runController(Object(App\Controllers\Blog))
#10 C:\xampp\htdocs\CodeIgniter4\CodeIgniter4\system\CodeIgniter.php(336): CodeIgniter\CodeIgniter->handleRequest(NULL, Object(Config\Cache), false)
#11 C:\xampp\htdocs\CodeIgniter4\CodeIgniter4\public\index.php(37): CodeIgniter\CodeIgniter->run()
#12 C:\xampp\htdocs\CodeIgniter4\CodeIgniter4\system\Commands\Server\rewrite.php(45): require_once('C:\\xampp\\htdocs...')
#13 {main}
CRITICAL - 2021-11-06 14:02:33 --> Unable to locate view cell class: App\Libraries\Blogging.
#0 C:\xampp\htdocs\CodeIgniter4\CodeIgniter4\system\View\Cell.php(240): CodeIgniter\View\Exceptions\ViewException::forInvalidCellClass('App\\Libraries\\B...')
#1 C:\xampp\htdocs\CodeIgniter4\CodeIgniter4\system\View\Cell.php(81): CodeIgniter\View\Cell->determineClass('App\\Libraries\\B...')
#2 C:\xampp\htdocs\CodeIgniter4\CodeIgniter4\system\Common.php(1292): CodeIgniter\View\Cell->render('App\\Libraries\\B...', NULL, 0, NULL)
#3 C:\xampp\htdocs\CodeIgniter4\CodeIgniter4\app\Views\blogger.php(24): view_cell('App\\Libraries\\B...')
#4 C:\xampp\htdocs\CodeIgniter4\CodeIgniter4\system\View\View.php(230): include('C:\\xampp\\htdocs...')
#5 C:\xampp\htdocs\CodeIgniter4\CodeIgniter4\system\View\View.php(232): CodeIgniter\View\View->CodeIgniter\View\{closure}()
#6 C:\xampp\htdocs\CodeIgniter4\CodeIgniter4\system\Common.php(1271): CodeIgniter\View\View->render('blogger', Array, true)
#7 C:\xampp\htdocs\CodeIgniter4\CodeIgniter4\app\Controllers\Blog.php(14): view('blogger')
#8 C:\xampp\htdocs\CodeIgniter4\CodeIgniter4\system\CodeIgniter.php(928): App\Controllers\Blog->index()
#9 C:\xampp\htdocs\CodeIgniter4\CodeIgniter4\system\CodeIgniter.php(436): CodeIgniter\CodeIgniter->runController(Object(App\Controllers\Blog))
#10 C:\xampp\htdocs\CodeIgniter4\CodeIgniter4\system\CodeIgniter.php(336): CodeIgniter\CodeIgniter->handleRequest(NULL, Object(Config\Cache), false)
#11 C:\xampp\htdocs\CodeIgniter4\CodeIgniter4\public\index.php(37): CodeIgniter\CodeIgniter->run()
#12 C:\xampp\htdocs\CodeIgniter4\CodeIgniter4\system\Commands\Server\rewrite.php(45): require_once('C:\\xampp\\htdocs...')
#13 {main}
CRITICAL - 2021-11-06 14:03:53 --> App\Libraries\Blogging::post_item is not a valid method.
#0 C:\xampp\htdocs\CodeIgniter4\CodeIgniter4\system\View\Cell.php(103): CodeIgniter\View\Exceptions\ViewException::forInvalidCellMethod('App\\Libraries\\B...', 'post_item')
#1 C:\xampp\htdocs\CodeIgniter4\CodeIgniter4\system\Common.php(1292): CodeIgniter\View\Cell->render('App\\Libraries\\B...', NULL, 0, 'AppLibrariesBlo...')
#2 C:\xampp\htdocs\CodeIgniter4\CodeIgniter4\app\Views\blogger.php(24): view_cell('App\\Libraries\\B...')
#3 C:\xampp\htdocs\CodeIgniter4\CodeIgniter4\system\View\View.php(230): include('C:\\xampp\\htdocs...')
#4 C:\xampp\htdocs\CodeIgniter4\CodeIgniter4\system\View\View.php(232): CodeIgniter\View\View->CodeIgniter\View\{closure}()
#5 C:\xampp\htdocs\CodeIgniter4\CodeIgniter4\system\Common.php(1271): CodeIgniter\View\View->render('blogger', Array, true)
#6 C:\xampp\htdocs\CodeIgniter4\CodeIgniter4\app\Controllers\Blog.php(14): view('blogger')
#7 C:\xampp\htdocs\CodeIgniter4\CodeIgniter4\system\CodeIgniter.php(928): App\Controllers\Blog->index()
#8 C:\xampp\htdocs\CodeIgniter4\CodeIgniter4\system\CodeIgniter.php(436): CodeIgniter\CodeIgniter->runController(Object(App\Controllers\Blog))
#9 C:\xampp\htdocs\CodeIgniter4\CodeIgniter4\system\CodeIgniter.php(336): CodeIgniter\CodeIgniter->handleRequest(NULL, Object(Config\Cache), false)
#10 C:\xampp\htdocs\CodeIgniter4\CodeIgniter4\public\index.php(37): CodeIgniter\CodeIgniter->run()
#11 C:\xampp\htdocs\CodeIgniter4\CodeIgniter4\system\Commands\Server\rewrite.php(45): require_once('C:\\xampp\\htdocs...')
#12 {main}
CRITICAL - 2021-11-06 14:04:18 --> Undefined array key 1
#0 C:\xampp\htdocs\CodeIgniter4\CodeIgniter4\system\View\Cell.php(231): CodeIgniter\Debug\Exceptions->errorHandler(2, 'Undefined array...', 'C:\\xampp\\htdocs...', 231)
#1 C:\xampp\htdocs\CodeIgniter4\CodeIgniter4\system\View\Cell.php(81): CodeIgniter\View\Cell->determineClass('App\\Libraries\\B...')
#2 C:\xampp\htdocs\CodeIgniter4\CodeIgniter4\system\Common.php(1292): CodeIgniter\View\Cell->render('App\\Libraries\\B...', NULL, 0, NULL)
#3 C:\xampp\htdocs\CodeIgniter4\CodeIgniter4\app\Views\blogger.php(24): view_cell('App\\Libraries\\B...')
#4 C:\xampp\htdocs\CodeIgniter4\CodeIgniter4\system\View\View.php(230): include('C:\\xampp\\htdocs...')
#5 C:\xampp\htdocs\CodeIgniter4\CodeIgniter4\system\View\View.php(232): CodeIgniter\View\View->CodeIgniter\View\{closure}()
#6 C:\xampp\htdocs\CodeIgniter4\CodeIgniter4\system\Common.php(1271): CodeIgniter\View\View->render('blogger', Array, true)
#7 C:\xampp\htdocs\CodeIgniter4\CodeIgniter4\app\Controllers\Blog.php(14): view('blogger')
#8 C:\xampp\htdocs\CodeIgniter4\CodeIgniter4\system\CodeIgniter.php(928): App\Controllers\Blog->index()
#9 C:\xampp\htdocs\CodeIgniter4\CodeIgniter4\system\CodeIgniter.php(436): CodeIgniter\CodeIgniter->runController(Object(App\Controllers\Blog))
#10 C:\xampp\htdocs\CodeIgniter4\CodeIgniter4\system\CodeIgniter.php(336): CodeIgniter\CodeIgniter->handleRequest(NULL, Object(Config\Cache), false)
#11 C:\xampp\htdocs\CodeIgniter4\CodeIgniter4\public\index.php(37): CodeIgniter\CodeIgniter->run()
#12 C:\xampp\htdocs\CodeIgniter4\CodeIgniter4\system\Commands\Server\rewrite.php(45): require_once('C:\\xampp\\htdocs...')
#13 {main}
CRITICAL - 2021-11-06 14:05:54 --> App\Libraries\Blogging::post_item is not a valid method.
#0 C:\xampp\htdocs\CodeIgniter4\CodeIgniter4\system\View\Cell.php(103): CodeIgniter\View\Exceptions\ViewException::forInvalidCellMethod('App\\Libraries\\B...', 'post_item')
#1 C:\xampp\htdocs\CodeIgniter4\CodeIgniter4\system\Common.php(1292): CodeIgniter\View\Cell->render('App\\Libraries\\B...', NULL, 0, 'AppLibrariesBlo...')
#2 C:\xampp\htdocs\CodeIgniter4\CodeIgniter4\app\Views\blogger.php(24): view_cell('App\\Libraries\\B...')
#3 C:\xampp\htdocs\CodeIgniter4\CodeIgniter4\system\View\View.php(230): include('C:\\xampp\\htdocs...')
#4 C:\xampp\htdocs\CodeIgniter4\CodeIgniter4\system\View\View.php(232): CodeIgniter\View\View->CodeIgniter\View\{closure}()
#5 C:\xampp\htdocs\CodeIgniter4\CodeIgniter4\system\Common.php(1271): CodeIgniter\View\View->render('blogger', Array, true)
#6 C:\xampp\htdocs\CodeIgniter4\CodeIgniter4\app\Controllers\Blog.php(14): view('blogger')
#7 C:\xampp\htdocs\CodeIgniter4\CodeIgniter4\system\CodeIgniter.php(928): App\Controllers\Blog->index()
#8 C:\xampp\htdocs\CodeIgniter4\CodeIgniter4\system\CodeIgniter.php(436): CodeIgniter\CodeIgniter->runController(Object(App\Controllers\Blog))
#9 C:\xampp\htdocs\CodeIgniter4\CodeIgniter4\system\CodeIgniter.php(336): CodeIgniter\CodeIgniter->handleRequest(NULL, Object(Config\Cache), false)
#10 C:\xampp\htdocs\CodeIgniter4\CodeIgniter4\public\index.php(37): CodeIgniter\CodeIgniter->run()
#11 C:\xampp\htdocs\CodeIgniter4\CodeIgniter4\system\Commands\Server\rewrite.php(45): require_once('C:\\xampp\\htdocs...')
#12 {main}
CRITICAL - 2021-11-06 14:06:06 --> Undefined array key 1
#0 C:\xampp\htdocs\CodeIgniter4\CodeIgniter4\system\View\Cell.php(231): CodeIgniter\Debug\Exceptions->errorHandler(2, 'Undefined array...', 'C:\\xampp\\htdocs...', 231)
#1 C:\xampp\htdocs\CodeIgniter4\CodeIgniter4\system\View\Cell.php(81): CodeIgniter\View\Cell->determineClass('App\\Libraries\\B...')
#2 C:\xampp\htdocs\CodeIgniter4\CodeIgniter4\system\Common.php(1292): CodeIgniter\View\Cell->render('App\\Libraries\\B...', NULL, 0, NULL)
#3 C:\xampp\htdocs\CodeIgniter4\CodeIgniter4\app\Views\blogger.php(24): view_cell('App\\Libraries\\B...')
#4 C:\xampp\htdocs\CodeIgniter4\CodeIgniter4\system\View\View.php(230): include('C:\\xampp\\htdocs...')
#5 C:\xampp\htdocs\CodeIgniter4\CodeIgniter4\system\View\View.php(232): CodeIgniter\View\View->CodeIgniter\View\{closure}()
#6 C:\xampp\htdocs\CodeIgniter4\CodeIgniter4\system\Common.php(1271): CodeIgniter\View\View->render('blogger', Array, true)
#7 C:\xampp\htdocs\CodeIgniter4\CodeIgniter4\app\Controllers\Blog.php(14): view('blogger')
#8 C:\xampp\htdocs\CodeIgniter4\CodeIgniter4\system\CodeIgniter.php(928): App\Controllers\Blog->index()
#9 C:\xampp\htdocs\CodeIgniter4\CodeIgniter4\system\CodeIgniter.php(436): CodeIgniter\CodeIgniter->runController(Object(App\Controllers\Blog))
#10 C:\xampp\htdocs\CodeIgniter4\CodeIgniter4\system\CodeIgniter.php(336): CodeIgniter\CodeIgniter->handleRequest(NULL, Object(Config\Cache), false)
#11 C:\xampp\htdocs\CodeIgniter4\CodeIgniter4\public\index.php(37): CodeIgniter\CodeIgniter->run()
#12 C:\xampp\htdocs\CodeIgniter4\CodeIgniter4\system\Commands\Server\rewrite.php(45): require_once('C:\\xampp\\htdocs...')
#13 {main}
CRITICAL - 2021-11-06 14:08:54 --> Undefined variable $posts
#0 C:\xampp\htdocs\CodeIgniter4\CodeIgniter4\app\Views\blogger.php(23): CodeIgniter\Debug\Exceptions->errorHandler(2, 'Undefined varia...', 'C:\\xampp\\htdocs...', 23)
#1 C:\xampp\htdocs\CodeIgniter4\CodeIgniter4\system\View\View.php(230): include('C:\\xampp\\htdocs...')
#2 C:\xampp\htdocs\CodeIgniter4\CodeIgniter4\system\View\View.php(232): CodeIgniter\View\View->CodeIgniter\View\{closure}()
#3 C:\xampp\htdocs\CodeIgniter4\CodeIgniter4\system\Common.php(1271): CodeIgniter\View\View->render('blogger', Array, true)
#4 C:\xampp\htdocs\CodeIgniter4\CodeIgniter4\app\Controllers\Blog.php(14): view('blogger')
#5 C:\xampp\htdocs\CodeIgniter4\CodeIgniter4\system\CodeIgniter.php(928): App\Controllers\Blog->index()
#6 C:\xampp\htdocs\CodeIgniter4\CodeIgniter4\system\CodeIgniter.php(436): CodeIgniter\CodeIgniter->runController(Object(App\Controllers\Blog))
#7 C:\xampp\htdocs\CodeIgniter4\CodeIgniter4\system\CodeIgniter.php(336): CodeIgniter\CodeIgniter->handleRequest(NULL, Object(Config\Cache), false)
#8 C:\xampp\htdocs\CodeIgniter4\CodeIgniter4\public\index.php(37): CodeIgniter\CodeIgniter->run()
#9 C:\xampp\htdocs\CodeIgniter4\CodeIgniter4\system\Commands\Server\rewrite.php(45): require_once('C:\\xampp\\htdocs...')
#10 {main}
CRITICAL - 2021-11-06 14:11:16 --> Undefined variable $posts
#0 C:\xampp\htdocs\CodeIgniter4\CodeIgniter4\app\Views\blogger.php(23): CodeIgniter\Debug\Exceptions->errorHandler(2, 'Undefined varia...', 'C:\\xampp\\htdocs...', 23)
#1 C:\xampp\htdocs\CodeIgniter4\CodeIgniter4\system\View\View.php(230): include('C:\\xampp\\htdocs...')
#2 C:\xampp\htdocs\CodeIgniter4\CodeIgniter4\system\View\View.php(232): CodeIgniter\View\View->CodeIgniter\View\{closure}()
#3 C:\xampp\htdocs\CodeIgniter4\CodeIgniter4\system\Common.php(1271): CodeIgniter\View\View->render('blogger', Array, true)
#4 C:\xampp\htdocs\CodeIgniter4\CodeIgniter4\app\Controllers\Blog.php(14): view('blogger')
#5 C:\xampp\htdocs\CodeIgniter4\CodeIgniter4\system\CodeIgniter.php(928): App\Controllers\Blog->index()
#6 C:\xampp\htdocs\CodeIgniter4\CodeIgniter4\system\CodeIgniter.php(436): CodeIgniter\CodeIgniter->runController(Object(App\Controllers\Blog))
#7 C:\xampp\htdocs\CodeIgniter4\CodeIgniter4\system\CodeIgniter.php(336): CodeIgniter\CodeIgniter->handleRequest(NULL, Object(Config\Cache), false)
#8 C:\xampp\htdocs\CodeIgniter4\CodeIgniter4\public\index.php(37): CodeIgniter\CodeIgniter->run()
#9 C:\xampp\htdocs\CodeIgniter4\CodeIgniter4\system\Commands\Server\rewrite.php(45): require_once('C:\\xampp\\htdocs...')
#10 {main}
CRITICAL - 2021-11-06 14:21:08 --> Undefined variable $posts
#0 C:\xampp\htdocs\CodeIgniter4\CodeIgniter4\app\Views\blogger.php(23): CodeIgniter\Debug\Exceptions->errorHandler(2, 'Undefined varia...', 'C:\\xampp\\htdocs...', 23)
#1 C:\xampp\htdocs\CodeIgniter4\CodeIgniter4\system\View\View.php(230): include('C:\\xampp\\htdocs...')
#2 C:\xampp\htdocs\CodeIgniter4\CodeIgniter4\system\View\View.php(232): CodeIgniter\View\View->CodeIgniter\View\{closure}()
#3 C:\xampp\htdocs\CodeIgniter4\CodeIgniter4\system\Common.php(1271): CodeIgniter\View\View->render('blogger', Array, true)
#4 C:\xampp\htdocs\CodeIgniter4\CodeIgniter4\app\Controllers\Blog.php(14): view('blogger')
#5 C:\xampp\htdocs\CodeIgniter4\CodeIgniter4\system\CodeIgniter.php(928): App\Controllers\Blog->index()
#6 C:\xampp\htdocs\CodeIgniter4\CodeIgniter4\system\CodeIgniter.php(436): CodeIgniter\CodeIgniter->runController(Object(App\Controllers\Blog))
#7 C:\xampp\htdocs\CodeIgniter4\CodeIgniter4\system\CodeIgniter.php(336): CodeIgniter\CodeIgniter->handleRequest(NULL, Object(Config\Cache), false)
#8 C:\xampp\htdocs\CodeIgniter4\CodeIgniter4\public\index.php(37): CodeIgniter\CodeIgniter->run()
#9 C:\xampp\htdocs\CodeIgniter4\CodeIgniter4\system\Commands\Server\rewrite.php(45): require_once('C:\\xampp\\htdocs...')
#10 {main}
CRITICAL - 2021-11-06 14:23:32 --> Undefined variable $posts
#0 C:\xampp\htdocs\CodeIgniter4\CodeIgniter4\app\Views\blogger.php(23): CodeIgniter\Debug\Exceptions->errorHandler(2, 'Undefined varia...', 'C:\\xampp\\htdocs...', 23)
#1 C:\xampp\htdocs\CodeIgniter4\CodeIgniter4\system\View\View.php(230): include('C:\\xampp\\htdocs...')
#2 C:\xampp\htdocs\CodeIgniter4\CodeIgniter4\system\View\View.php(232): CodeIgniter\View\View->CodeIgniter\View\{closure}()
#3 C:\xampp\htdocs\CodeIgniter4\CodeIgniter4\system\Common.php(1271): CodeIgniter\View\View->render('blogger', Array, true)
#4 C:\xampp\htdocs\CodeIgniter4\CodeIgniter4\app\Controllers\Blog.php(14): view('blogger')
#5 C:\xampp\htdocs\CodeIgniter4\CodeIgniter4\system\CodeIgniter.php(928): App\Controllers\Blog->index()
#6 C:\xampp\htdocs\CodeIgniter4\CodeIgniter4\system\CodeIgniter.php(436): CodeIgniter\CodeIgniter->runController(Object(App\Controllers\Blog))
#7 C:\xampp\htdocs\CodeIgniter4\CodeIgniter4\system\CodeIgniter.php(336): CodeIgniter\CodeIgniter->handleRequest(NULL, Object(Config\Cache), false)
#8 C:\xampp\htdocs\CodeIgniter4\CodeIgniter4\public\index.php(37): CodeIgniter\CodeIgniter->run()
#9 C:\xampp\htdocs\CodeIgniter4\CodeIgniter4\system\Commands\Server\rewrite.php(45): require_once('C:\\xampp\\htdocs...')
#10 {main}
CRITICAL - 2021-11-06 14:40:28 --> Undefined variable $posts
#0 C:\xampp\htdocs\CodeIgniter4\CodeIgniter4\app\Views\blogger.php(23): CodeIgniter\Debug\Exceptions->errorHandler(2, 'Undefined varia...', 'C:\\xampp\\htdocs...', 23)
#1 C:\xampp\htdocs\CodeIgniter4\CodeIgniter4\system\View\View.php(230): include('C:\\xampp\\htdocs...')
#2 C:\xampp\htdocs\CodeIgniter4\CodeIgniter4\system\View\View.php(232): CodeIgniter\View\View->CodeIgniter\View\{closure}()
#3 C:\xampp\htdocs\CodeIgniter4\CodeIgniter4\system\Common.php(1271): CodeIgniter\View\View->render('blogger', Array, true)
#4 C:\xampp\htdocs\CodeIgniter4\CodeIgniter4\app\Controllers\Blog.php(20): view('blogger')
#5 C:\xampp\htdocs\CodeIgniter4\CodeIgniter4\system\CodeIgniter.php(928): App\Controllers\Blog->index()
#6 C:\xampp\htdocs\CodeIgniter4\CodeIgniter4\system\CodeIgniter.php(436): CodeIgniter\CodeIgniter->runController(Object(App\Controllers\Blog))
#7 C:\xampp\htdocs\CodeIgniter4\CodeIgniter4\system\CodeIgniter.php(336): CodeIgniter\CodeIgniter->handleRequest(NULL, Object(Config\Cache), false)
#8 C:\xampp\htdocs\CodeIgniter4\CodeIgniter4\public\index.php(37): CodeIgniter\CodeIgniter->run()
#9 C:\xampp\htdocs\CodeIgniter4\CodeIgniter4\system\Commands\Server\rewrite.php(45): require_once('C:\\xampp\\htdocs...')
#10 {main}
CRITICAL - 2021-11-06 14:42:38 --> Undefined variable $post
#0 C:\xampp\htdocs\CodeIgniter4\CodeIgniter4\app\Views\blogger.php(23): CodeIgniter\Debug\Exceptions->errorHandler(2, 'Undefined varia...', 'C:\\xampp\\htdocs...', 23)
#1 C:\xampp\htdocs\CodeIgniter4\CodeIgniter4\system\View\View.php(230): include('C:\\xampp\\htdocs...')
#2 C:\xampp\htdocs\CodeIgniter4\CodeIgniter4\system\View\View.php(232): CodeIgniter\View\View->CodeIgniter\View\{closure}()
#3 C:\xampp\htdocs\CodeIgniter4\CodeIgniter4\system\Common.php(1271): CodeIgniter\View\View->render('blogger', Array, true)
#4 C:\xampp\htdocs\CodeIgniter4\CodeIgniter4\app\Controllers\Blog.php(20): view('blogger')
#5 C:\xampp\htdocs\CodeIgniter4\CodeIgniter4\system\CodeIgniter.php(928): App\Controllers\Blog->index()
#6 C:\xampp\htdocs\CodeIgniter4\CodeIgniter4\system\CodeIgniter.php(436): CodeIgniter\CodeIgniter->runController(Object(App\Controllers\Blog))
#7 C:\xampp\htdocs\CodeIgniter4\CodeIgniter4\system\CodeIgniter.php(336): CodeIgniter\CodeIgniter->handleRequest(NULL, Object(Config\Cache), false)
#8 C:\xampp\htdocs\CodeIgniter4\CodeIgniter4\public\index.php(37): CodeIgniter\CodeIgniter->run()
#9 C:\xampp\htdocs\CodeIgniter4\CodeIgniter4\system\Commands\Server\rewrite.php(45): require_once('C:\\xampp\\htdocs...')
#10 {main}
CRITICAL - 2021-11-06 14:42:46 --> syntax error, unexpected token ")"
#0 C:\xampp\htdocs\CodeIgniter4\CodeIgniter4\system\View\View.php(232): CodeIgniter\View\View->CodeIgniter\View\{closure}()
#1 C:\xampp\htdocs\CodeIgniter4\CodeIgniter4\system\Common.php(1271): CodeIgniter\View\View->render('blogger', Array, true)
#2 C:\xampp\htdocs\CodeIgniter4\CodeIgniter4\app\Controllers\Blog.php(20): view('blogger')
#3 C:\xampp\htdocs\CodeIgniter4\CodeIgniter4\system\CodeIgniter.php(928): App\Controllers\Blog->index()
#4 C:\xampp\htdocs\CodeIgniter4\CodeIgniter4\system\CodeIgniter.php(436): CodeIgniter\CodeIgniter->runController(Object(App\Controllers\Blog))
#5 C:\xampp\htdocs\CodeIgniter4\CodeIgniter4\system\CodeIgniter.php(336): CodeIgniter\CodeIgniter->handleRequest(NULL, Object(Config\Cache), false)
#6 C:\xampp\htdocs\CodeIgniter4\CodeIgniter4\public\index.php(37): CodeIgniter\CodeIgniter->run()
#7 C:\xampp\htdocs\CodeIgniter4\CodeIgniter4\system\Commands\Server\rewrite.php(45): require_once('C:\\xampp\\htdocs...')
#8 {main}
CRITICAL - 2021-11-06 14:43:10 --> Undefined variable $post
#0 C:\xampp\htdocs\CodeIgniter4\CodeIgniter4\app\Views\blogger.php(24): CodeIgniter\Debug\Exceptions->errorHandler(2, 'Undefined varia...', 'C:\\xampp\\htdocs...', 24)
#1 C:\xampp\htdocs\CodeIgniter4\CodeIgniter4\system\View\View.php(230): include('C:\\xampp\\htdocs...')
#2 C:\xampp\htdocs\CodeIgniter4\CodeIgniter4\system\View\View.php(232): CodeIgniter\View\View->CodeIgniter\View\{closure}()
#3 C:\xampp\htdocs\CodeIgniter4\CodeIgniter4\system\Common.php(1271): CodeIgniter\View\View->render('blogger', Array, true)
#4 C:\xampp\htdocs\CodeIgniter4\CodeIgniter4\app\Controllers\Blog.php(20): view('blogger')
#5 C:\xampp\htdocs\CodeIgniter4\CodeIgniter4\system\CodeIgniter.php(928): App\Controllers\Blog->index()
#6 C:\xampp\htdocs\CodeIgniter4\CodeIgniter4\system\CodeIgniter.php(436): CodeIgniter\CodeIgniter->runController(Object(App\Controllers\Blog))
#7 C:\xampp\htdocs\CodeIgniter4\CodeIgniter4\system\CodeIgniter.php(336): CodeIgniter\CodeIgniter->handleRequest(NULL, Object(Config\Cache), false)
#8 C:\xampp\htdocs\CodeIgniter4\CodeIgniter4\public\index.php(37): CodeIgniter\CodeIgniter->run()
#9 C:\xampp\htdocs\CodeIgniter4\CodeIgniter4\system\Commands\Server\rewrite.php(45): require_once('C:\\xampp\\htdocs...')
#10 {main}
CRITICAL - 2021-11-06 14:43:23 --> syntax error, unexpected token "]"
#0 C:\xampp\htdocs\CodeIgniter4\CodeIgniter4\system\View\View.php(232): CodeIgniter\View\View->CodeIgniter\View\{closure}()
#1 C:\xampp\htdocs\CodeIgniter4\CodeIgniter4\system\Common.php(1271): CodeIgniter\View\View->render('blogger', Array, true)
#2 C:\xampp\htdocs\CodeIgniter4\CodeIgniter4\app\Controllers\Blog.php(20): view('blogger')
#3 C:\xampp\htdocs\CodeIgniter4\CodeIgniter4\system\CodeIgniter.php(928): App\Controllers\Blog->index()
#4 C:\xampp\htdocs\CodeIgniter4\CodeIgniter4\system\CodeIgniter.php(436): CodeIgniter\CodeIgniter->runController(Object(App\Controllers\Blog))
#5 C:\xampp\htdocs\CodeIgniter4\CodeIgniter4\system\CodeIgniter.php(336): CodeIgniter\CodeIgniter->handleRequest(NULL, Object(Config\Cache), false)
#6 C:\xampp\htdocs\CodeIgniter4\CodeIgniter4\public\index.php(37): CodeIgniter\CodeIgniter->run()
#7 C:\xampp\htdocs\CodeIgniter4\CodeIgniter4\system\Commands\Server\rewrite.php(45): require_once('C:\\xampp\\htdocs...')
#8 {main}
CRITICAL - 2021-11-06 14:43:38 --> Unable to locate view cell class: \app\Libraries\Blogging.
#0 C:\xampp\htdocs\CodeIgniter4\CodeIgniter4\system\View\Cell.php(240): CodeIgniter\View\Exceptions\ViewException::forInvalidCellClass('\\app\\Libraries\\...')
#1 C:\xampp\htdocs\CodeIgniter4\CodeIgniter4\system\View\Cell.php(81): CodeIgniter\View\Cell->determineClass('\\app\\Libraries\\...')
#2 C:\xampp\htdocs\CodeIgniter4\CodeIgniter4\system\Common.php(1292): CodeIgniter\View\Cell->render('\\app\\Libraries\\...', NULL, 0, NULL)
#3 C:\xampp\htdocs\CodeIgniter4\CodeIgniter4\app\Views\blogger.php(24): view_cell('\\app\\Libraries\\...')
#4 C:\xampp\htdocs\CodeIgniter4\CodeIgniter4\system\View\View.php(230): include('C:\\xampp\\htdocs...')
#5 C:\xampp\htdocs\CodeIgniter4\CodeIgniter4\system\View\View.php(232): CodeIgniter\View\View->CodeIgniter\View\{closure}()
#6 C:\xampp\htdocs\CodeIgniter4\CodeIgniter4\system\Common.php(1271): CodeIgniter\View\View->render('blogger', Array, true)
#7 C:\xampp\htdocs\CodeIgniter4\CodeIgniter4\app\Controllers\Blog.php(20): view('blogger')
#8 C:\xampp\htdocs\CodeIgniter4\CodeIgniter4\system\CodeIgniter.php(928): App\Controllers\Blog->index()
#9 C:\xampp\htdocs\CodeIgniter4\CodeIgniter4\system\CodeIgniter.php(436): CodeIgniter\CodeIgniter->runController(Object(App\Controllers\Blog))
#10 C:\xampp\htdocs\CodeIgniter4\CodeIgniter4\system\CodeIgniter.php(336): CodeIgniter\CodeIgniter->handleRequest(NULL, Object(Config\Cache), false)
#11 C:\xampp\htdocs\CodeIgniter4\CodeIgniter4\public\index.php(37): CodeIgniter\CodeIgniter->run()
#12 C:\xampp\htdocs\CodeIgniter4\CodeIgniter4\system\Commands\Server\rewrite.php(45): require_once('C:\\xampp\\htdocs...')
#13 {main}
CRITICAL - 2021-11-06 14:44:12 --> Undefined variable $title
#0 C:\xampp\htdocs\CodeIgniter4\CodeIgniter4\app\Views\components\post_item.php(3): CodeIgniter\Debug\Exceptions->errorHandler(2, 'Undefined varia...', 'C:\\xampp\\htdocs...', 3)
#1 C:\xampp\htdocs\CodeIgniter4\CodeIgniter4\system\View\View.php(230): include('C:\\xampp\\htdocs...')
#2 C:\xampp\htdocs\CodeIgniter4\CodeIgniter4\system\View\View.php(232): CodeIgniter\View\View->CodeIgniter\View\{closure}()
#3 C:\xampp\htdocs\CodeIgniter4\CodeIgniter4\system\Common.php(1271): CodeIgniter\View\View->render('components/post...', Array, true)
#4 C:\xampp\htdocs\CodeIgniter4\CodeIgniter4\app\Libraries\Blogging.php(4): view('components/post...', Array)
#5 C:\xampp\htdocs\CodeIgniter4\CodeIgniter4\system\View\Cell.php(128): App\Libraries\Blogging->postItem(Array)
#6 C:\xampp\htdocs\CodeIgniter4\CodeIgniter4\system\Common.php(1292): CodeIgniter\View\Cell->render('\\App\\Libraries\\...', NULL, 0, 'AppLibrariesBlo...')
#7 C:\xampp\htdocs\CodeIgniter4\CodeIgniter4\app\Views\blogger.php(24): view_cell('\\App\\Libraries\\...')
#8 C:\xampp\htdocs\CodeIgniter4\CodeIgniter4\system\View\View.php(230): include('C:\\xampp\\htdocs...')
#9 C:\xampp\htdocs\CodeIgniter4\CodeIgniter4\system\View\View.php(232): CodeIgniter\View\View->CodeIgniter\View\{closure}()
#10 C:\xampp\htdocs\CodeIgniter4\CodeIgniter4\system\Common.php(1271): CodeIgniter\View\View->render('blogger', Array, true)
#11 C:\xampp\htdocs\CodeIgniter4\CodeIgniter4\app\Controllers\Blog.php(20): view('blogger')
#12 C:\xampp\htdocs\CodeIgniter4\CodeIgniter4\system\CodeIgniter.php(928): App\Controllers\Blog->index()
#13 C:\xampp\htdocs\CodeIgniter4\CodeIgniter4\system\CodeIgniter.php(436): CodeIgniter\CodeIgniter->runController(Object(App\Controllers\Blog))
#14 C:\xampp\htdocs\CodeIgniter4\CodeIgniter4\system\CodeIgniter.php(336): CodeIgniter\CodeIgniter->handleRequest(NULL, Object(Config\Cache), false)
#15 C:\xampp\htdocs\CodeIgniter4\CodeIgniter4\public\index.php(37): CodeIgniter\CodeIgniter->run()
#16 C:\xampp\htdocs\CodeIgniter4\CodeIgniter4\system\Commands\Server\rewrite.php(45): require_once('C:\\xampp\\htdocs...')
#17 {main}
CRITICAL - 2021-11-06 14:46:24 --> Undefined variable $posts
#0 C:\xampp\htdocs\CodeIgniter4\CodeIgniter4\app\Views\blogger.php(23): CodeIgniter\Debug\Exceptions->errorHandler(2, 'Undefined varia...', 'C:\\xampp\\htdocs...', 23)
#1 C:\xampp\htdocs\CodeIgniter4\CodeIgniter4\system\View\View.php(230): include('C:\\xampp\\htdocs...')
#2 C:\xampp\htdocs\CodeIgniter4\CodeIgniter4\system\View\View.php(232): CodeIgniter\View\View->CodeIgniter\View\{closure}()
#3 C:\xampp\htdocs\CodeIgniter4\CodeIgniter4\system\Common.php(1271): CodeIgniter\View\View->render('blogger', Array, true)
#4 C:\xampp\htdocs\CodeIgniter4\CodeIgniter4\app\Controllers\Blog.php(20): view('blogger')
#5 C:\xampp\htdocs\CodeIgniter4\CodeIgniter4\system\CodeIgniter.php(928): App\Controllers\Blog->index()
#6 C:\xampp\htdocs\CodeIgniter4\CodeIgniter4\system\CodeIgniter.php(436): CodeIgniter\CodeIgniter->runController(Object(App\Controllers\Blog))
#7 C:\xampp\htdocs\CodeIgniter4\CodeIgniter4\system\CodeIgniter.php(336): CodeIgniter\CodeIgniter->handleRequest(NULL, Object(Config\Cache), false)
#8 C:\xampp\htdocs\CodeIgniter4\CodeIgniter4\public\index.php(37): CodeIgniter\CodeIgniter->run()
#9 C:\xampp\htdocs\CodeIgniter4\CodeIgniter4\system\Commands\Server\rewrite.php(45): require_once('C:\\xampp\\htdocs...')
#10 {main}
CRITICAL - 2021-11-06 14:47:10 --> include(Blog.php): Failed to open stream: No such file or directory
#0 C:\xampp\htdocs\CodeIgniter4\CodeIgniter4\app\Views\blogger.php(21): CodeIgniter\Debug\Exceptions->errorHandler(2, 'include(Blog.ph...', 'C:\\xampp\\htdocs...', 21)
#1 C:\xampp\htdocs\CodeIgniter4\CodeIgniter4\app\Views\blogger.php(21): include()
#2 C:\xampp\htdocs\CodeIgniter4\CodeIgniter4\system\View\View.php(230): include('C:\\xampp\\htdocs...')
#3 C:\xampp\htdocs\CodeIgniter4\CodeIgniter4\system\View\View.php(232): CodeIgniter\View\View->CodeIgniter\View\{closure}()
#4 C:\xampp\htdocs\CodeIgniter4\CodeIgniter4\system\Common.php(1271): CodeIgniter\View\View->render('blogger', Array, true)
#5 C:\xampp\htdocs\CodeIgniter4\CodeIgniter4\app\Controllers\Blog.php(20): view('blogger')
#6 C:\xampp\htdocs\CodeIgniter4\CodeIgniter4\system\CodeIgniter.php(928): App\Controllers\Blog->index()
#7 C:\xampp\htdocs\CodeIgniter4\CodeIgniter4\system\CodeIgniter.php(436): CodeIgniter\CodeIgniter->runController(Object(App\Controllers\Blog))
#8 C:\xampp\htdocs\CodeIgniter4\CodeIgniter4\system\CodeIgniter.php(336): CodeIgniter\CodeIgniter->handleRequest(NULL, Object(Config\Cache), false)
#9 C:\xampp\htdocs\CodeIgniter4\CodeIgniter4\public\index.php(37): CodeIgniter\CodeIgniter->run()
#10 C:\xampp\htdocs\CodeIgniter4\CodeIgniter4\system\Commands\Server\rewrite.php(45): require_once('C:\\xampp\\htdocs...')
#11 {main}
CRITICAL - 2021-11-06 14:49:13 --> include(Blog.php): Failed to open stream: No such file or directory
#0 C:\xampp\htdocs\CodeIgniter4\CodeIgniter4\app\Views\blogger.php(21): CodeIgniter\Debug\Exceptions->errorHandler(2, 'include(Blog.ph...', 'C:\\xampp\\htdocs...', 21)
#1 C:\xampp\htdocs\CodeIgniter4\CodeIgniter4\app\Views\blogger.php(21): include()
#2 C:\xampp\htdocs\CodeIgniter4\CodeIgniter4\system\View\View.php(230): include('C:\\xampp\\htdocs...')
#3 C:\xampp\htdocs\CodeIgniter4\CodeIgniter4\system\View\View.php(232): CodeIgniter\View\View->CodeIgniter\View\{closure}()
#4 C:\xampp\htdocs\CodeIgniter4\CodeIgniter4\system\Common.php(1271): CodeIgniter\View\View->render('blogger', Array, true)
#5 C:\xampp\htdocs\CodeIgniter4\CodeIgniter4\app\Controllers\Blog.php(21): view('blogger')
#6 C:\xampp\htdocs\CodeIgniter4\CodeIgniter4\system\CodeIgniter.php(928): App\Controllers\Blog->index()
#7 C:\xampp\htdocs\CodeIgniter4\CodeIgniter4\system\CodeIgniter.php(436): CodeIgniter\CodeIgniter->runController(Object(App\Controllers\Blog))
#8 C:\xampp\htdocs\CodeIgniter4\CodeIgniter4\system\CodeIgniter.php(336): CodeIgniter\CodeIgniter->handleRequest(NULL, Object(Config\Cache), false)
#9 C:\xampp\htdocs\CodeIgniter4\CodeIgniter4\public\index.php(37): CodeIgniter\CodeIgniter->run()
#10 C:\xampp\htdocs\CodeIgniter4\CodeIgniter4\system\Commands\Server\rewrite.php(45): require_once('C:\\xampp\\htdocs...')
#11 {main}
CRITICAL - 2021-11-06 14:49:40 --> include(Blog.php): Failed to open stream: No such file or directory
#0 C:\xampp\htdocs\CodeIgniter4\CodeIgniter4\app\Views\blogger.php(21): CodeIgniter\Debug\Exceptions->errorHandler(2, 'include(Blog.ph...', 'C:\\xampp\\htdocs...', 21)
#1 C:\xampp\htdocs\CodeIgniter4\CodeIgniter4\app\Views\blogger.php(21): include()
#2 C:\xampp\htdocs\CodeIgniter4\CodeIgniter4\system\View\View.php(230): include('C:\\xampp\\htdocs...')
#3 C:\xampp\htdocs\CodeIgniter4\CodeIgniter4\system\View\View.php(232): CodeIgniter\View\View->CodeIgniter\View\{closure}()
#4 C:\xampp\htdocs\CodeIgniter4\CodeIgniter4\system\Common.php(1271): CodeIgniter\View\View->render('blogger', Array, true)
#5 C:\xampp\htdocs\CodeIgniter4\CodeIgniter4\app\Controllers\Blog.php(21): view('blogger')
#6 C:\xampp\htdocs\CodeIgniter4\CodeIgniter4\system\CodeIgniter.php(928): App\Controllers\Blog->index()
#7 C:\xampp\htdocs\CodeIgniter4\CodeIgniter4\system\CodeIgniter.php(436): CodeIgniter\CodeIgniter->runController(Object(App\Controllers\Blog))
#8 C:\xampp\htdocs\CodeIgniter4\CodeIgniter4\system\CodeIgniter.php(336): CodeIgniter\CodeIgniter->handleRequest(NULL, Object(Config\Cache), false)
#9 C:\xampp\htdocs\CodeIgniter4\CodeIgniter4\public\index.php(37): CodeIgniter\CodeIgniter->run()
#10 C:\xampp\htdocs\CodeIgniter4\CodeIgniter4\system\Commands\Server\rewrite.php(45): require_once('C:\\xampp\\htdocs...')
#11 {main}
