CRITICAL - 2021-11-04 03:51:06 --> Array to string conversion
#0 C:\xampp\htdocs\CodeIgniter4\CodeIgniter4\app\Controllers\Blog.php(14): CodeIgniter\Debug\Exceptions->errorHandler(2, 'Array to string...', 'C:\\xampp\\htdocs...', 14)
#1 C:\xampp\htdocs\CodeIgniter4\CodeIgniter4\system\CodeIgniter.php(928): App\Controllers\Blog->index()
#2 C:\xampp\htdocs\CodeIgniter4\CodeIgniter4\system\CodeIgniter.php(436): CodeIgniter\CodeIgniter->runController(Object(App\Controllers\Blog))
#3 C:\xampp\htdocs\CodeIgniter4\CodeIgniter4\system\CodeIgniter.php(336): CodeIgniter\CodeIgniter->handleRequest(NULL, Object(Config\Cache), false)
#4 C:\xampp\htdocs\CodeIgniter4\CodeIgniter4\public\index.php(37): CodeIgniter\CodeIgniter->run()
#5 C:\xampp\htdocs\CodeIgniter4\CodeIgniter4\system\Commands\Server\rewrite.php(45): require_once('C:\\xampp\\htdocs...')
#6 {main}
CRITICAL - 2021-11-04 03:53:16 --> Undefined variable $meta_title
#0 C:\xampp\htdocs\CodeIgniter4\CodeIgniter4\app\Views\blogger.php(7): CodeIgniter\Debug\Exceptions->errorHandler(2, 'Undefined varia...', 'C:\\xampp\\htdocs...', 7)
#1 C:\xampp\htdocs\CodeIgniter4\CodeIgniter4\system\View\View.php(230): include('C:\\xampp\\htdocs...')
#2 C:\xampp\htdocs\CodeIgniter4\CodeIgniter4\system\View\View.php(232): CodeIgniter\View\View->CodeIgniter\View\{closure}()
#3 C:\xampp\htdocs\CodeIgniter4\CodeIgniter4\system\Common.php(1271): CodeIgniter\View\View->render('blogger', Array, true)
#4 C:\xampp\htdocs\CodeIgniter4\CodeIgniter4\app\Controllers\Blog.php(13): view('blogger')
#5 C:\xampp\htdocs\CodeIgniter4\CodeIgniter4\system\CodeIgniter.php(928): App\Controllers\Blog->index()
#6 C:\xampp\htdocs\CodeIgniter4\CodeIgniter4\system\CodeIgniter.php(436): CodeIgniter\CodeIgniter->runController(Object(App\Controllers\Blog))
#7 C:\xampp\htdocs\CodeIgniter4\CodeIgniter4\system\CodeIgniter.php(336): CodeIgniter\CodeIgniter->handleRequest(NULL, Object(Config\Cache), false)
#8 C:\xampp\htdocs\CodeIgniter4\CodeIgniter4\public\index.php(37): CodeIgniter\CodeIgniter->run()
#9 C:\xampp\htdocs\CodeIgniter4\CodeIgniter4\system\Commands\Server\rewrite.php(45): require_once('C:\\xampp\\htdocs...')
#10 {main}
CRITICAL - 2021-11-04 03:55:37 --> Undefined variable $meta_title
#0 C:\xampp\htdocs\CodeIgniter4\CodeIgniter4\app\Views\blogger.php(7): CodeIgniter\Debug\Exceptions->errorHandler(2, 'Undefined varia...', 'C:\\xampp\\htdocs...', 7)
#1 C:\xampp\htdocs\CodeIgniter4\CodeIgniter4\system\View\View.php(230): include('C:\\xampp\\htdocs...')
#2 C:\xampp\htdocs\CodeIgniter4\CodeIgniter4\system\View\View.php(232): CodeIgniter\View\View->CodeIgniter\View\{closure}()
#3 C:\xampp\htdocs\CodeIgniter4\CodeIgniter4\system\Common.php(1271): CodeIgniter\View\View->render('blogger', Array, true)
#4 C:\xampp\htdocs\CodeIgniter4\CodeIgniter4\app\Controllers\Blog.php(13): view('blogger')
#5 C:\xampp\htdocs\CodeIgniter4\CodeIgniter4\system\CodeIgniter.php(928): App\Controllers\Blog->index()
#6 C:\xampp\htdocs\CodeIgniter4\CodeIgniter4\system\CodeIgniter.php(436): CodeIgniter\CodeIgniter->runController(Object(App\Controllers\Blog))
#7 C:\xampp\htdocs\CodeIgniter4\CodeIgniter4\system\CodeIgniter.php(336): CodeIgniter\CodeIgniter->handleRequest(NULL, Object(Config\Cache), false)
#8 C:\xampp\htdocs\CodeIgniter4\CodeIgniter4\public\index.php(37): CodeIgniter\CodeIgniter->run()
#9 C:\xampp\htdocs\CodeIgniter4\CodeIgniter4\system\Commands\Server\rewrite.php(45): require_once('C:\\xampp\\htdocs...')
#10 {main}
