CRITICAL - 2022-01-28 07:54:13 --> Class "Algolia\AlgoliaSearch\SearchClient" not found
#0 C:\xampp\htdocs\CodeIgniter4\CodeIgniter4\system\View\View.php(230): include()
#1 C:\xampp\htdocs\CodeIgniter4\CodeIgniter4\system\View\View.php(232): CodeIgniter\View\View->CodeIgniter\View\{closure}()
#2 C:\xampp\htdocs\CodeIgniter4\CodeIgniter4\system\Common.php(1271): CodeIgniter\View\View->render('apiform', Array, true)
#3 C:\xampp\htdocs\CodeIgniter4\CodeIgniter4\app\Controllers\Cloth.php(521): view('apiform')
#4 C:\xampp\htdocs\CodeIgniter4\CodeIgniter4\system\CodeIgniter.php(928): App\Controllers\Cloth->Apiform()
#5 C:\xampp\htdocs\CodeIgniter4\CodeIgniter4\system\CodeIgniter.php(436): CodeIgniter\CodeIgniter->runController(Object(App\Controllers\Cloth))
#6 C:\xampp\htdocs\CodeIgniter4\CodeIgniter4\system\CodeIgniter.php(336): CodeIgniter\CodeIgniter->handleRequest(NULL, Object(Config\Cache), false)
#7 C:\xampp\htdocs\CodeIgniter4\CodeIgniter4\public\index.php(37): CodeIgniter\CodeIgniter->run()
#8 C:\xampp\htdocs\CodeIgniter4\CodeIgniter4\system\Commands\Server\rewrite.php(45): require_once('C:\\xampp\\htdocs...')
#9 {main}
CRITICAL - 2022-01-28 07:54:55 --> Call to undefined function generateSecuredApiKey()
#0 C:\xampp\htdocs\CodeIgniter4\CodeIgniter4\system\View\View.php(230): include()
#1 C:\xampp\htdocs\CodeIgniter4\CodeIgniter4\system\View\View.php(232): CodeIgniter\View\View->CodeIgniter\View\{closure}()
#2 C:\xampp\htdocs\CodeIgniter4\CodeIgniter4\system\Common.php(1271): CodeIgniter\View\View->render('apiform', Array, true)
#3 C:\xampp\htdocs\CodeIgniter4\CodeIgniter4\app\Controllers\Cloth.php(521): view('apiform')
#4 C:\xampp\htdocs\CodeIgniter4\CodeIgniter4\system\CodeIgniter.php(928): App\Controllers\Cloth->Apiform()
#5 C:\xampp\htdocs\CodeIgniter4\CodeIgniter4\system\CodeIgniter.php(436): CodeIgniter\CodeIgniter->runController(Object(App\Controllers\Cloth))
#6 C:\xampp\htdocs\CodeIgniter4\CodeIgniter4\system\CodeIgniter.php(336): CodeIgniter\CodeIgniter->handleRequest(NULL, Object(Config\Cache), false)
#7 C:\xampp\htdocs\CodeIgniter4\CodeIgniter4\public\index.php(37): CodeIgniter\CodeIgniter->run()
#8 C:\xampp\htdocs\CodeIgniter4\CodeIgniter4\system\Commands\Server\rewrite.php(45): require_once('C:\\xampp\\htdocs...')
#9 {main}
CRITICAL - 2022-01-28 08:04:30 --> gethostbyaddr() expects exactly 1 argument, 0 given
#0 C:\xampp\htdocs\CodeIgniter4\CodeIgniter4\app\Views\apiform.php(19): gethostbyaddr()
#1 C:\xampp\htdocs\CodeIgniter4\CodeIgniter4\system\View\View.php(230): include('C:\\xampp\\htdocs...')
#2 C:\xampp\htdocs\CodeIgniter4\CodeIgniter4\system\View\View.php(232): CodeIgniter\View\View->CodeIgniter\View\{closure}()
#3 C:\xampp\htdocs\CodeIgniter4\CodeIgniter4\system\Common.php(1271): CodeIgniter\View\View->render('apiform', Array, true)
#4 C:\xampp\htdocs\CodeIgniter4\CodeIgniter4\app\Controllers\Cloth.php(521): view('apiform')
#5 C:\xampp\htdocs\CodeIgniter4\CodeIgniter4\system\CodeIgniter.php(928): App\Controllers\Cloth->Apiform()
#6 C:\xampp\htdocs\CodeIgniter4\CodeIgniter4\system\CodeIgniter.php(436): CodeIgniter\CodeIgniter->runController(Object(App\Controllers\Cloth))
#7 C:\xampp\htdocs\CodeIgniter4\CodeIgniter4\system\CodeIgniter.php(336): CodeIgniter\CodeIgniter->handleRequest(NULL, Object(Config\Cache), false)
#8 C:\xampp\htdocs\CodeIgniter4\CodeIgniter4\public\index.php(37): CodeIgniter\CodeIgniter->run()
#9 C:\xampp\htdocs\CodeIgniter4\CodeIgniter4\system\Commands\Server\rewrite.php(45): require_once('C:\\xampp\\htdocs...')
#10 {main}
CRITICAL - 2022-01-28 08:04:41 --> Call to undefined function generateApiKey()
#0 C:\xampp\htdocs\CodeIgniter4\CodeIgniter4\system\View\View.php(230): include()
#1 C:\xampp\htdocs\CodeIgniter4\CodeIgniter4\system\View\View.php(232): CodeIgniter\View\View->CodeIgniter\View\{closure}()
#2 C:\xampp\htdocs\CodeIgniter4\CodeIgniter4\system\Common.php(1271): CodeIgniter\View\View->render('apiform', Array, true)
#3 C:\xampp\htdocs\CodeIgniter4\CodeIgniter4\app\Controllers\Cloth.php(521): view('apiform')
#4 C:\xampp\htdocs\CodeIgniter4\CodeIgniter4\system\CodeIgniter.php(928): App\Controllers\Cloth->Apiform()
#5 C:\xampp\htdocs\CodeIgniter4\CodeIgniter4\system\CodeIgniter.php(436): CodeIgniter\CodeIgniter->runController(Object(App\Controllers\Cloth))
#6 C:\xampp\htdocs\CodeIgniter4\CodeIgniter4\system\CodeIgniter.php(336): CodeIgniter\CodeIgniter->handleRequest(NULL, Object(Config\Cache), false)
#7 C:\xampp\htdocs\CodeIgniter4\CodeIgniter4\public\index.php(37): CodeIgniter\CodeIgniter->run()
#8 C:\xampp\htdocs\CodeIgniter4\CodeIgniter4\system\Commands\Server\rewrite.php(45): require_once('C:\\xampp\\htdocs...')
#9 {main}
CRITICAL - 2022-01-28 08:12:00 --> Call to undefined function generateApiKey()
#0 C:\xampp\htdocs\CodeIgniter4\CodeIgniter4\system\View\View.php(230): include()
#1 C:\xampp\htdocs\CodeIgniter4\CodeIgniter4\system\View\View.php(232): CodeIgniter\View\View->CodeIgniter\View\{closure}()
#2 C:\xampp\htdocs\CodeIgniter4\CodeIgniter4\system\Common.php(1271): CodeIgniter\View\View->render('apiform', Array, true)
#3 C:\xampp\htdocs\CodeIgniter4\CodeIgniter4\app\Controllers\Cloth.php(521): view('apiform')
#4 C:\xampp\htdocs\CodeIgniter4\CodeIgniter4\system\CodeIgniter.php(928): App\Controllers\Cloth->Apiform()
#5 C:\xampp\htdocs\CodeIgniter4\CodeIgniter4\system\CodeIgniter.php(436): CodeIgniter\CodeIgniter->runController(Object(App\Controllers\Cloth))
#6 C:\xampp\htdocs\CodeIgniter4\CodeIgniter4\system\CodeIgniter.php(336): CodeIgniter\CodeIgniter->handleRequest(NULL, Object(Config\Cache), false)
#7 C:\xampp\htdocs\CodeIgniter4\CodeIgniter4\public\index.php(37): CodeIgniter\CodeIgniter->run()
#8 C:\xampp\htdocs\CodeIgniter4\CodeIgniter4\system\Commands\Server\rewrite.php(45): require_once('C:\\xampp\\htdocs...')
#9 {main}
CRITICAL - 2022-01-28 08:20:53 --> gethostbyaddr() expects exactly 1 argument, 0 given
#0 C:\xampp\htdocs\CodeIgniter4\CodeIgniter4\app\Views\ip.php(12): gethostbyaddr()
#1 C:\xampp\htdocs\CodeIgniter4\CodeIgniter4\system\View\View.php(230): include('C:\\xampp\\htdocs...')
#2 C:\xampp\htdocs\CodeIgniter4\CodeIgniter4\system\View\View.php(232): CodeIgniter\View\View->CodeIgniter\View\{closure}()
#3 C:\xampp\htdocs\CodeIgniter4\CodeIgniter4\system\Common.php(1271): CodeIgniter\View\View->render('ip', Array, true)
#4 C:\xampp\htdocs\CodeIgniter4\CodeIgniter4\app\Controllers\Cloth.php(540): view('ip')
#5 C:\xampp\htdocs\CodeIgniter4\CodeIgniter4\system\CodeIgniter.php(928): App\Controllers\Cloth->ip()
#6 C:\xampp\htdocs\CodeIgniter4\CodeIgniter4\system\CodeIgniter.php(436): CodeIgniter\CodeIgniter->runController(Object(App\Controllers\Cloth))
#7 C:\xampp\htdocs\CodeIgniter4\CodeIgniter4\system\CodeIgniter.php(336): CodeIgniter\CodeIgniter->handleRequest(NULL, Object(Config\Cache), false)
#8 C:\xampp\htdocs\CodeIgniter4\CodeIgniter4\public\index.php(37): CodeIgniter\CodeIgniter->run()
#9 C:\xampp\htdocs\CodeIgniter4\CodeIgniter4\system\Commands\Server\rewrite.php(45): require_once('C:\\xampp\\htdocs...')
#10 {main}
CRITICAL - 2022-01-28 08:21:08 --> gethostbyaddr(): Address is not a valid IPv4 or IPv6 address
#0 [internal function]: CodeIgniter\Debug\Exceptions->errorHandler(2, 'gethostbyaddr()...', 'C:\\xampp\\htdocs...', 12)
#1 C:\xampp\htdocs\CodeIgniter4\CodeIgniter4\app\Views\ip.php(12): gethostbyaddr('')
#2 C:\xampp\htdocs\CodeIgniter4\CodeIgniter4\system\View\View.php(230): include('C:\\xampp\\htdocs...')
#3 C:\xampp\htdocs\CodeIgniter4\CodeIgniter4\system\View\View.php(232): CodeIgniter\View\View->CodeIgniter\View\{closure}()
#4 C:\xampp\htdocs\CodeIgniter4\CodeIgniter4\system\Common.php(1271): CodeIgniter\View\View->render('ip', Array, true)
#5 C:\xampp\htdocs\CodeIgniter4\CodeIgniter4\app\Controllers\Cloth.php(540): view('ip')
#6 C:\xampp\htdocs\CodeIgniter4\CodeIgniter4\system\CodeIgniter.php(928): App\Controllers\Cloth->ip()
#7 C:\xampp\htdocs\CodeIgniter4\CodeIgniter4\system\CodeIgniter.php(436): CodeIgniter\CodeIgniter->runController(Object(App\Controllers\Cloth))
#8 C:\xampp\htdocs\CodeIgniter4\CodeIgniter4\system\CodeIgniter.php(336): CodeIgniter\CodeIgniter->handleRequest(NULL, Object(Config\Cache), false)
#9 C:\xampp\htdocs\CodeIgniter4\CodeIgniter4\public\index.php(37): CodeIgniter\CodeIgniter->run()
#10 C:\xampp\htdocs\CodeIgniter4\CodeIgniter4\system\Commands\Server\rewrite.php(45): require_once('C:\\xampp\\htdocs...')
#11 {main}
CRITICAL - 2022-01-28 08:34:31 --> gethostbyaddr(): Address is not a valid IPv4 or IPv6 address
#0 [internal function]: CodeIgniter\Debug\Exceptions->errorHandler(2, 'gethostbyaddr()...', 'C:\\xampp\\htdocs...', 13)
#1 C:\xampp\htdocs\CodeIgniter4\CodeIgniter4\app\Views\ip.php(13): gethostbyaddr('192.168.0.55/24')
#2 C:\xampp\htdocs\CodeIgniter4\CodeIgniter4\system\View\View.php(230): include('C:\\xampp\\htdocs...')
#3 C:\xampp\htdocs\CodeIgniter4\CodeIgniter4\system\View\View.php(232): CodeIgniter\View\View->CodeIgniter\View\{closure}()
#4 C:\xampp\htdocs\CodeIgniter4\CodeIgniter4\system\Common.php(1271): CodeIgniter\View\View->render('ip', Array, true)
#5 C:\xampp\htdocs\CodeIgniter4\CodeIgniter4\app\Controllers\Cloth.php(540): view('ip')
#6 C:\xampp\htdocs\CodeIgniter4\CodeIgniter4\system\CodeIgniter.php(928): App\Controllers\Cloth->ip()
#7 C:\xampp\htdocs\CodeIgniter4\CodeIgniter4\system\CodeIgniter.php(436): CodeIgniter\CodeIgniter->runController(Object(App\Controllers\Cloth))
#8 C:\xampp\htdocs\CodeIgniter4\CodeIgniter4\system\CodeIgniter.php(336): CodeIgniter\CodeIgniter->handleRequest(NULL, Object(Config\Cache), false)
#9 C:\xampp\htdocs\CodeIgniter4\CodeIgniter4\public\index.php(37): CodeIgniter\CodeIgniter->run()
#10 C:\xampp\htdocs\CodeIgniter4\CodeIgniter4\system\Commands\Server\rewrite.php(45): require_once('C:\\xampp\\htdocs...')
#11 {main}
CRITICAL - 2022-01-28 08:34:51 --> key() expects exactly 1 argument, 0 given
#0 C:\xampp\htdocs\CodeIgniter4\CodeIgniter4\app\Views\ip.php(18): key()
#1 C:\xampp\htdocs\CodeIgniter4\CodeIgniter4\system\View\View.php(230): include('C:\\xampp\\htdocs...')
#2 C:\xampp\htdocs\CodeIgniter4\CodeIgniter4\system\View\View.php(232): CodeIgniter\View\View->CodeIgniter\View\{closure}()
#3 C:\xampp\htdocs\CodeIgniter4\CodeIgniter4\system\Common.php(1271): CodeIgniter\View\View->render('ip', Array, true)
#4 C:\xampp\htdocs\CodeIgniter4\CodeIgniter4\app\Controllers\Cloth.php(540): view('ip')
#5 C:\xampp\htdocs\CodeIgniter4\CodeIgniter4\system\CodeIgniter.php(928): App\Controllers\Cloth->ip()
#6 C:\xampp\htdocs\CodeIgniter4\CodeIgniter4\system\CodeIgniter.php(436): CodeIgniter\CodeIgniter->runController(Object(App\Controllers\Cloth))
#7 C:\xampp\htdocs\CodeIgniter4\CodeIgniter4\system\CodeIgniter.php(336): CodeIgniter\CodeIgniter->handleRequest(NULL, Object(Config\Cache), false)
#8 C:\xampp\htdocs\CodeIgniter4\CodeIgniter4\public\index.php(37): CodeIgniter\CodeIgniter->run()
#9 C:\xampp\htdocs\CodeIgniter4\CodeIgniter4\system\Commands\Server\rewrite.php(45): require_once('C:\\xampp\\htdocs...')
#10 {main}
CRITICAL - 2022-01-28 11:39:31 --> key() expects exactly 1 argument, 0 given
#0 C:\xampp\htdocs\CodeIgniter4\CodeIgniter4\app\Views\ip.php(18): key()
#1 C:\xampp\htdocs\CodeIgniter4\CodeIgniter4\system\View\View.php(230): include('C:\\xampp\\htdocs...')
#2 C:\xampp\htdocs\CodeIgniter4\CodeIgniter4\system\View\View.php(232): CodeIgniter\View\View->CodeIgniter\View\{closure}()
#3 C:\xampp\htdocs\CodeIgniter4\CodeIgniter4\system\Common.php(1271): CodeIgniter\View\View->render('ip', Array, true)
#4 C:\xampp\htdocs\CodeIgniter4\CodeIgniter4\app\Controllers\Cloth.php(540): view('ip')
#5 C:\xampp\htdocs\CodeIgniter4\CodeIgniter4\system\CodeIgniter.php(928): App\Controllers\Cloth->ip()
#6 C:\xampp\htdocs\CodeIgniter4\CodeIgniter4\system\CodeIgniter.php(436): CodeIgniter\CodeIgniter->runController(Object(App\Controllers\Cloth))
#7 C:\xampp\htdocs\CodeIgniter4\CodeIgniter4\system\CodeIgniter.php(336): CodeIgniter\CodeIgniter->handleRequest(NULL, Object(Config\Cache), false)
#8 C:\xampp\htdocs\CodeIgniter4\CodeIgniter4\public\index.php(37): CodeIgniter\CodeIgniter->run()
#9 C:\xampp\htdocs\CodeIgniter4\CodeIgniter4\system\Commands\Server\rewrite.php(45): require_once('C:\\xampp\\htdocs...')
#10 {main}
