ERROR - 2021-12-13 07:24:35 --> Cannot add or update a child row: a foreign key constraint fails (`ecommerce`.`subcategories`, CONSTRAINT `subcategories_ibfk_1` FOREIGN KEY (`category_id`) REFERENCES `categories` (`category_id`))
CRITICAL - 2021-12-13 07:24:35 --> Cannot add or update a child row: a foreign key constraint fails (`ecommerce`.`subcategories`, CONSTRAINT `subcategories_ibfk_1` FOREIGN KEY (`category_id`) REFERENCES `categories` (`category_id`))
#0 C:\xampp\htdocs\CodeIgniter4\CodeIgniter4\system\Database\MySQLi\Connection.php(329): mysqli->query('INSERT INTO `su...')
#1 C:\xampp\htdocs\CodeIgniter4\CodeIgniter4\system\Database\BaseConnection.php(732): CodeIgniter\Database\MySQLi\Connection->execute('INSERT INTO `su...')
#2 C:\xampp\htdocs\CodeIgniter4\CodeIgniter4\system\Database\BaseConnection.php(647): CodeIgniter\Database\BaseConnection->simpleQuery('INSERT INTO `su...')
#3 C:\xampp\htdocs\CodeIgniter4\CodeIgniter4\system\Database\BaseBuilder.php(2277): CodeIgniter\Database\BaseConnection->query('INSERT INTO `su...', Array, false)
#4 C:\xampp\htdocs\CodeIgniter4\CodeIgniter4\system\Model.php(259): CodeIgniter\Database\BaseBuilder->insert()
#5 C:\xampp\htdocs\CodeIgniter4\CodeIgniter4\system\BaseModel.php(774): CodeIgniter\Model->doInsert(Array)
#6 C:\xampp\htdocs\CodeIgniter4\CodeIgniter4\system\Model.php(686): CodeIgniter\BaseModel->insert(Array, false)
#7 C:\xampp\htdocs\CodeIgniter4\CodeIgniter4\system\BaseModel.php(687): CodeIgniter\Model->insert(Array, false)
#8 C:\xampp\htdocs\CodeIgniter4\CodeIgniter4\app\Controllers\Cloth.php(334): CodeIgniter\BaseModel->save(Array)
#9 C:\xampp\htdocs\CodeIgniter4\CodeIgniter4\system\CodeIgniter.php(928): App\Controllers\Cloth->SubcategoryInsert()
#10 C:\xampp\htdocs\CodeIgniter4\CodeIgniter4\system\CodeIgniter.php(436): CodeIgniter\CodeIgniter->runController(Object(App\Controllers\Cloth))
#11 C:\xampp\htdocs\CodeIgniter4\CodeIgniter4\system\CodeIgniter.php(336): CodeIgniter\CodeIgniter->handleRequest(NULL, Object(Config\Cache), false)
#12 C:\xampp\htdocs\CodeIgniter4\CodeIgniter4\public\index.php(37): CodeIgniter\CodeIgniter->run()
#13 C:\xampp\htdocs\CodeIgniter4\CodeIgniter4\system\Commands\Server\rewrite.php(45): require_once('C:\\xampp\\htdocs...')
#14 {main}
CRITICAL - 2021-12-13 09:34:26 --> Too few arguments to function CodeIgniter\Database\BaseBuilder::where(), 0 passed in C:\xampp\htdocs\CodeIgniter4\CodeIgniter4\app\Controllers\Cloth.php on line 263 and at least 1 expected
#0 C:\xampp\htdocs\CodeIgniter4\CodeIgniter4\app\Controllers\Cloth.php(263): CodeIgniter\Database\BaseBuilder->where()
#1 C:\xampp\htdocs\CodeIgniter4\CodeIgniter4\system\CodeIgniter.php(928): App\Controllers\Cloth->Base()
#2 C:\xampp\htdocs\CodeIgniter4\CodeIgniter4\system\CodeIgniter.php(436): CodeIgniter\CodeIgniter->runController(Object(App\Controllers\Cloth))
#3 C:\xampp\htdocs\CodeIgniter4\CodeIgniter4\system\CodeIgniter.php(336): CodeIgniter\CodeIgniter->handleRequest(NULL, Object(Config\Cache), false)
#4 C:\xampp\htdocs\CodeIgniter4\CodeIgniter4\public\index.php(37): CodeIgniter\CodeIgniter->run()
#5 C:\xampp\htdocs\CodeIgniter4\CodeIgniter4\system\Commands\Server\rewrite.php(45): require_once('C:\\xampp\\htdocs...')
#6 {main}
CRITICAL - 2021-12-13 09:36:03 --> Too few arguments to function CodeIgniter\Database\BaseBuilder::like(), 0 passed in C:\xampp\htdocs\CodeIgniter4\CodeIgniter4\app\Controllers\Cloth.php on line 263 and at least 1 expected
#0 C:\xampp\htdocs\CodeIgniter4\CodeIgniter4\app\Controllers\Cloth.php(263): CodeIgniter\Database\BaseBuilder->like()
#1 C:\xampp\htdocs\CodeIgniter4\CodeIgniter4\system\CodeIgniter.php(928): App\Controllers\Cloth->Base()
#2 C:\xampp\htdocs\CodeIgniter4\CodeIgniter4\system\CodeIgniter.php(436): CodeIgniter\CodeIgniter->runController(Object(App\Controllers\Cloth))
#3 C:\xampp\htdocs\CodeIgniter4\CodeIgniter4\system\CodeIgniter.php(336): CodeIgniter\CodeIgniter->handleRequest(NULL, Object(Config\Cache), false)
#4 C:\xampp\htdocs\CodeIgniter4\CodeIgniter4\public\index.php(37): CodeIgniter\CodeIgniter->run()
#5 C:\xampp\htdocs\CodeIgniter4\CodeIgniter4\system\Commands\Server\rewrite.php(45): require_once('C:\\xampp\\htdocs...')
#6 {main}
CRITICAL - 2021-12-13 12:02:16 --> Invalid file: payment.php
#0 C:\xampp\htdocs\CodeIgniter4\CodeIgniter4\system\View\View.php(213): CodeIgniter\Exceptions\FrameworkException::forInvalidFile('payment.php')
#1 C:\xampp\htdocs\CodeIgniter4\CodeIgniter4\system\Common.php(1271): CodeIgniter\View\View->render('payment', Array, true)
#2 C:\xampp\htdocs\CodeIgniter4\CodeIgniter4\app\Controllers\Cloth.php(355): view('payment')
#3 C:\xampp\htdocs\CodeIgniter4\CodeIgniter4\system\CodeIgniter.php(928): App\Controllers\Cloth->Payment()
#4 C:\xampp\htdocs\CodeIgniter4\CodeIgniter4\system\CodeIgniter.php(436): CodeIgniter\CodeIgniter->runController(Object(App\Controllers\Cloth))
#5 C:\xampp\htdocs\CodeIgniter4\CodeIgniter4\system\CodeIgniter.php(336): CodeIgniter\CodeIgniter->handleRequest(NULL, Object(Config\Cache), false)
#6 C:\xampp\htdocs\CodeIgniter4\CodeIgniter4\public\index.php(37): CodeIgniter\CodeIgniter->run()
#7 C:\xampp\htdocs\CodeIgniter4\CodeIgniter4\system\Commands\Server\rewrite.php(45): require_once('C:\\xampp\\htdocs...')
#8 {main}
CRITICAL - 2021-12-13 12:04:23 --> Invalid file: payment.php
#0 C:\xampp\htdocs\CodeIgniter4\CodeIgniter4\system\View\View.php(213): CodeIgniter\Exceptions\FrameworkException::forInvalidFile('payment.php')
#1 C:\xampp\htdocs\CodeIgniter4\CodeIgniter4\system\Common.php(1271): CodeIgniter\View\View->render('payment', Array, true)
#2 C:\xampp\htdocs\CodeIgniter4\CodeIgniter4\app\Controllers\Cloth.php(355): view('payment')
#3 C:\xampp\htdocs\CodeIgniter4\CodeIgniter4\system\CodeIgniter.php(928): App\Controllers\Cloth->Payment()
#4 C:\xampp\htdocs\CodeIgniter4\CodeIgniter4\system\CodeIgniter.php(436): CodeIgniter\CodeIgniter->runController(Object(App\Controllers\Cloth))
#5 C:\xampp\htdocs\CodeIgniter4\CodeIgniter4\system\CodeIgniter.php(336): CodeIgniter\CodeIgniter->handleRequest(NULL, Object(Config\Cache), false)
#6 C:\xampp\htdocs\CodeIgniter4\CodeIgniter4\public\index.php(37): CodeIgniter\CodeIgniter->run()
#7 C:\xampp\htdocs\CodeIgniter4\CodeIgniter4\system\Commands\Server\rewrite.php(45): require_once('C:\\xampp\\htdocs...')
#8 {main}
CRITICAL - 2021-12-13 12:04:24 --> Invalid file: payment.php
#0 C:\xampp\htdocs\CodeIgniter4\CodeIgniter4\system\View\View.php(213): CodeIgniter\Exceptions\FrameworkException::forInvalidFile('payment.php')
#1 C:\xampp\htdocs\CodeIgniter4\CodeIgniter4\system\Common.php(1271): CodeIgniter\View\View->render('payment', Array, true)
#2 C:\xampp\htdocs\CodeIgniter4\CodeIgniter4\app\Controllers\Cloth.php(355): view('payment')
#3 C:\xampp\htdocs\CodeIgniter4\CodeIgniter4\system\CodeIgniter.php(928): App\Controllers\Cloth->Payment()
#4 C:\xampp\htdocs\CodeIgniter4\CodeIgniter4\system\CodeIgniter.php(436): CodeIgniter\CodeIgniter->runController(Object(App\Controllers\Cloth))
#5 C:\xampp\htdocs\CodeIgniter4\CodeIgniter4\system\CodeIgniter.php(336): CodeIgniter\CodeIgniter->handleRequest(NULL, Object(Config\Cache), false)
#6 C:\xampp\htdocs\CodeIgniter4\CodeIgniter4\public\index.php(37): CodeIgniter\CodeIgniter->run()
#7 C:\xampp\htdocs\CodeIgniter4\CodeIgniter4\system\Commands\Server\rewrite.php(45): require_once('C:\\xampp\\htdocs...')
#8 {main}
CRITICAL - 2021-12-13 22:30:22 --> ini_set(): Session ini settings cannot be changed when a session is active
#0 [internal function]: CodeIgniter\Debug\Exceptions->errorHandler(2, 'ini_set(): Sess...', 'C:\\xampp\\htdocs...', 80)
#1 C:\xampp\htdocs\CodeIgniter4\CodeIgniter4\system\Session\Handlers\FileHandler.php(80): ini_set('session.save_pa...', 'C:\\xampp\\htdocs...')
#2 C:\xampp\htdocs\CodeIgniter4\CodeIgniter4\system\Config\Services.php(728): CodeIgniter\Session\Handlers\FileHandler->__construct(Object(Config\App), '::1')
#3 C:\xampp\htdocs\CodeIgniter4\CodeIgniter4\system\Config\BaseService.php(263): CodeIgniter\Config\Services::session(Object(Config\App), false)
#4 C:\xampp\htdocs\CodeIgniter4\CodeIgniter4\system\Config\BaseService.php(192): CodeIgniter\Config\BaseService::__callStatic('session', Array)
#5 C:\xampp\htdocs\CodeIgniter4\CodeIgniter4\system\Config\Services.php(721): CodeIgniter\Config\BaseService::getSharedInstance('session', NULL)
#6 C:\xampp\htdocs\CodeIgniter4\CodeIgniter4\system\Config\BaseService.php(263): CodeIgniter\Config\Services::session()
#7 C:\xampp\htdocs\CodeIgniter4\CodeIgniter4\system\Common.php(1053): CodeIgniter\Config\BaseService::__callStatic('session', Array)
#8 C:\xampp\htdocs\CodeIgniter4\CodeIgniter4\app\Views\cart.php(5): session()
#9 C:\xampp\htdocs\CodeIgniter4\CodeIgniter4\system\View\View.php(230): include('C:\\xampp\\htdocs...')
#10 C:\xampp\htdocs\CodeIgniter4\CodeIgniter4\system\View\View.php(232): CodeIgniter\View\View->CodeIgniter\View\{closure}()
#11 C:\xampp\htdocs\CodeIgniter4\CodeIgniter4\system\Common.php(1271): CodeIgniter\View\View->render('cart', Array, true)
#12 C:\xampp\htdocs\CodeIgniter4\CodeIgniter4\app\Controllers\Cloth.php(275): view('cart')
#13 C:\xampp\htdocs\CodeIgniter4\CodeIgniter4\system\CodeIgniter.php(928): App\Controllers\Cloth->Cart()
#14 C:\xampp\htdocs\CodeIgniter4\CodeIgniter4\system\CodeIgniter.php(436): CodeIgniter\CodeIgniter->runController(Object(App\Controllers\Cloth))
#15 C:\xampp\htdocs\CodeIgniter4\CodeIgniter4\system\CodeIgniter.php(336): CodeIgniter\CodeIgniter->handleRequest(NULL, Object(Config\Cache), false)
#16 C:\xampp\htdocs\CodeIgniter4\CodeIgniter4\public\index.php(37): CodeIgniter\CodeIgniter->run()
#17 C:\xampp\htdocs\CodeIgniter4\CodeIgniter4\system\Commands\Server\rewrite.php(45): require_once('C:\\xampp\\htdocs...')
#18 {main}
CRITICAL - 2021-12-13 22:31:57 --> Undefined variable $session
#0 C:\xampp\htdocs\CodeIgniter4\CodeIgniter4\app\Views\cart.php(6): CodeIgniter\Debug\Exceptions->errorHandler(2, 'Undefined varia...', 'C:\\xampp\\htdocs...', 6)
#1 C:\xampp\htdocs\CodeIgniter4\CodeIgniter4\system\View\View.php(230): include('C:\\xampp\\htdocs...')
#2 C:\xampp\htdocs\CodeIgniter4\CodeIgniter4\system\View\View.php(232): CodeIgniter\View\View->CodeIgniter\View\{closure}()
#3 C:\xampp\htdocs\CodeIgniter4\CodeIgniter4\system\Common.php(1271): CodeIgniter\View\View->render('cart', Array, true)
#4 C:\xampp\htdocs\CodeIgniter4\CodeIgniter4\app\Controllers\Cloth.php(275): view('cart')
#5 C:\xampp\htdocs\CodeIgniter4\CodeIgniter4\system\CodeIgniter.php(928): App\Controllers\Cloth->Cart()
#6 C:\xampp\htdocs\CodeIgniter4\CodeIgniter4\system\CodeIgniter.php(436): CodeIgniter\CodeIgniter->runController(Object(App\Controllers\Cloth))
#7 C:\xampp\htdocs\CodeIgniter4\CodeIgniter4\system\CodeIgniter.php(336): CodeIgniter\CodeIgniter->handleRequest(NULL, Object(Config\Cache), false)
#8 C:\xampp\htdocs\CodeIgniter4\CodeIgniter4\public\index.php(37): CodeIgniter\CodeIgniter->run()
#9 C:\xampp\htdocs\CodeIgniter4\CodeIgniter4\system\Commands\Server\rewrite.php(45): require_once('C:\\xampp\\htdocs...')
#10 {main}
CRITICAL - 2021-12-13 22:39:17 --> Undefined array key "category"
#0 C:\xampp\htdocs\CodeIgniter4\CodeIgniter4\app\Views\cart.php(25): CodeIgniter\Debug\Exceptions->errorHandler(2, 'Undefined array...', 'C:\\xampp\\htdocs...', 25)
#1 C:\xampp\htdocs\CodeIgniter4\CodeIgniter4\system\View\View.php(230): include('C:\\xampp\\htdocs...')
#2 C:\xampp\htdocs\CodeIgniter4\CodeIgniter4\system\View\View.php(232): CodeIgniter\View\View->CodeIgniter\View\{closure}()
#3 C:\xampp\htdocs\CodeIgniter4\CodeIgniter4\system\Common.php(1271): CodeIgniter\View\View->render('cart', Array, true)
#4 C:\xampp\htdocs\CodeIgniter4\CodeIgniter4\app\Controllers\Cloth.php(275): view('cart')
#5 C:\xampp\htdocs\CodeIgniter4\CodeIgniter4\system\CodeIgniter.php(928): App\Controllers\Cloth->Cart()
#6 C:\xampp\htdocs\CodeIgniter4\CodeIgniter4\system\CodeIgniter.php(436): CodeIgniter\CodeIgniter->runController(Object(App\Controllers\Cloth))
#7 C:\xampp\htdocs\CodeIgniter4\CodeIgniter4\system\CodeIgniter.php(336): CodeIgniter\CodeIgniter->handleRequest(NULL, Object(Config\Cache), false)
#8 C:\xampp\htdocs\CodeIgniter4\CodeIgniter4\public\index.php(37): CodeIgniter\CodeIgniter->run()
#9 C:\xampp\htdocs\CodeIgniter4\CodeIgniter4\system\Commands\Server\rewrite.php(45): require_once('C:\\xampp\\htdocs...')
#10 {main}
CRITICAL - 2021-12-13 23:13:06 --> Call to undefined function url()
#0 C:\xampp\htdocs\CodeIgniter4\CodeIgniter4\system\View\View.php(230): include()
#1 C:\xampp\htdocs\CodeIgniter4\CodeIgniter4\system\View\View.php(232): CodeIgniter\View\View->CodeIgniter\View\{closure}()
#2 C:\xampp\htdocs\CodeIgniter4\CodeIgniter4\system\Common.php(1271): CodeIgniter\View\View->render('cart', Array, true)
#3 C:\xampp\htdocs\CodeIgniter4\CodeIgniter4\app\Controllers\Cloth.php(275): view('cart')
#4 C:\xampp\htdocs\CodeIgniter4\CodeIgniter4\system\CodeIgniter.php(928): App\Controllers\Cloth->Cart()
#5 C:\xampp\htdocs\CodeIgniter4\CodeIgniter4\system\CodeIgniter.php(436): CodeIgniter\CodeIgniter->runController(Object(App\Controllers\Cloth))
#6 C:\xampp\htdocs\CodeIgniter4\CodeIgniter4\system\CodeIgniter.php(336): CodeIgniter\CodeIgniter->handleRequest(NULL, Object(Config\Cache), false)
#7 C:\xampp\htdocs\CodeIgniter4\CodeIgniter4\public\index.php(37): CodeIgniter\CodeIgniter->run()
#8 C:\xampp\htdocs\CodeIgniter4\CodeIgniter4\system\Commands\Server\rewrite.php(45): require_once('C:\\xampp\\htdocs...')
#9 {main}
CRITICAL - 2021-12-13 23:13:11 --> Call to undefined function url()
#0 C:\xampp\htdocs\CodeIgniter4\CodeIgniter4\system\View\View.php(230): include()
#1 C:\xampp\htdocs\CodeIgniter4\CodeIgniter4\system\View\View.php(232): CodeIgniter\View\View->CodeIgniter\View\{closure}()
#2 C:\xampp\htdocs\CodeIgniter4\CodeIgniter4\system\Common.php(1271): CodeIgniter\View\View->render('cart', Array, true)
#3 C:\xampp\htdocs\CodeIgniter4\CodeIgniter4\app\Controllers\Cloth.php(275): view('cart')
#4 C:\xampp\htdocs\CodeIgniter4\CodeIgniter4\system\CodeIgniter.php(928): App\Controllers\Cloth->Cart()
#5 C:\xampp\htdocs\CodeIgniter4\CodeIgniter4\system\CodeIgniter.php(436): CodeIgniter\CodeIgniter->runController(Object(App\Controllers\Cloth))
#6 C:\xampp\htdocs\CodeIgniter4\CodeIgniter4\system\CodeIgniter.php(336): CodeIgniter\CodeIgniter->handleRequest(NULL, Object(Config\Cache), false)
#7 C:\xampp\htdocs\CodeIgniter4\CodeIgniter4\public\index.php(37): CodeIgniter\CodeIgniter->run()
#8 C:\xampp\htdocs\CodeIgniter4\CodeIgniter4\system\Commands\Server\rewrite.php(45): require_once('C:\\xampp\\htdocs...')
#9 {main}
CRITICAL - 2021-12-13 23:14:44 --> Call to undefined function url()
#0 C:\xampp\htdocs\CodeIgniter4\CodeIgniter4\system\View\View.php(230): include()
#1 C:\xampp\htdocs\CodeIgniter4\CodeIgniter4\system\View\View.php(232): CodeIgniter\View\View->CodeIgniter\View\{closure}()
#2 C:\xampp\htdocs\CodeIgniter4\CodeIgniter4\system\Common.php(1271): CodeIgniter\View\View->render('cart', Array, true)
#3 C:\xampp\htdocs\CodeIgniter4\CodeIgniter4\app\Controllers\Cloth.php(275): view('cart')
#4 C:\xampp\htdocs\CodeIgniter4\CodeIgniter4\system\CodeIgniter.php(928): App\Controllers\Cloth->Cart()
#5 C:\xampp\htdocs\CodeIgniter4\CodeIgniter4\system\CodeIgniter.php(436): CodeIgniter\CodeIgniter->runController(Object(App\Controllers\Cloth))
#6 C:\xampp\htdocs\CodeIgniter4\CodeIgniter4\system\CodeIgniter.php(336): CodeIgniter\CodeIgniter->handleRequest(NULL, Object(Config\Cache), false)
#7 C:\xampp\htdocs\CodeIgniter4\CodeIgniter4\public\index.php(37): CodeIgniter\CodeIgniter->run()
#8 C:\xampp\htdocs\CodeIgniter4\CodeIgniter4\system\Commands\Server\rewrite.php(45): require_once('C:\\xampp\\htdocs...')
#9 {main}
CRITICAL - 2021-12-13 23:20:12 --> Undefined variable $_SESSION
#0 C:\xampp\htdocs\CodeIgniter4\CodeIgniter4\app\Views\cart.php(150): CodeIgniter\Debug\Exceptions->errorHandler(2, 'Undefined varia...', 'C:\\xampp\\htdocs...', 150)
#1 C:\xampp\htdocs\CodeIgniter4\CodeIgniter4\system\View\View.php(230): include('C:\\xampp\\htdocs...')
#2 C:\xampp\htdocs\CodeIgniter4\CodeIgniter4\system\View\View.php(232): CodeIgniter\View\View->CodeIgniter\View\{closure}()
#3 C:\xampp\htdocs\CodeIgniter4\CodeIgniter4\system\Common.php(1271): CodeIgniter\View\View->render('cart', Array, true)
#4 C:\xampp\htdocs\CodeIgniter4\CodeIgniter4\app\Controllers\Cloth.php(275): view('cart')
#5 C:\xampp\htdocs\CodeIgniter4\CodeIgniter4\system\CodeIgniter.php(928): App\Controllers\Cloth->Cart()
#6 C:\xampp\htdocs\CodeIgniter4\CodeIgniter4\system\CodeIgniter.php(436): CodeIgniter\CodeIgniter->runController(Object(App\Controllers\Cloth))
#7 C:\xampp\htdocs\CodeIgniter4\CodeIgniter4\system\CodeIgniter.php(336): CodeIgniter\CodeIgniter->handleRequest(NULL, Object(Config\Cache), false)
#8 C:\xampp\htdocs\CodeIgniter4\CodeIgniter4\public\index.php(37): CodeIgniter\CodeIgniter->run()
#9 C:\xampp\htdocs\CodeIgniter4\CodeIgniter4\system\Commands\Server\rewrite.php(45): require_once('C:\\xampp\\htdocs...')
#10 {main}
