ERROR - 2021-11-29 00:55:06 --> Error connecting to the database: Call to undefined function CodeIgniter\Database\MySQLi\mysqli_init()
CRITICAL - 2021-11-29 00:55:06 --> Unable to connect to the database.
Main connection [MySQLi]: Call to undefined function CodeIgniter\Database\MySQLi\mysqli_init()
#0 C:\xampp\htdocs\CodeIgniter4\CodeIgniter4\system\Database\BaseConnection.php(625): CodeIgniter\Database\BaseConnection->initialize()
#1 C:\xampp\htdocs\CodeIgniter4\CodeIgniter4\system\Database\BaseBuilder.php(2277): CodeIgniter\Database\BaseConnection->query('INSERT INTO `po...', Array, false)
#2 C:\xampp\htdocs\CodeIgniter4\CodeIgniter4\system\Model.php(259): CodeIgniter\Database\BaseBuilder->insert()
#3 C:\xampp\htdocs\CodeIgniter4\CodeIgniter4\system\BaseModel.php(774): CodeIgniter\Model->doInsert(Array)
#4 C:\xampp\htdocs\CodeIgniter4\CodeIgniter4\system\Model.php(686): CodeIgniter\BaseModel->insert(Array, false)
#5 C:\xampp\htdocs\CodeIgniter4\CodeIgniter4\system\BaseModel.php(687): CodeIgniter\Model->insert(Array, false)
#6 C:\xampp\htdocs\CodeIgniter4\CodeIgniter4\app\Controllers\Blog.php(71): CodeIgniter\BaseModel->save(Array)
#7 C:\xampp\htdocs\CodeIgniter4\CodeIgniter4\system\CodeIgniter.php(928): App\Controllers\Blog->new()
#8 C:\xampp\htdocs\CodeIgniter4\CodeIgniter4\system\CodeIgniter.php(436): CodeIgniter\CodeIgniter->runController(Object(App\Controllers\Blog))
#9 C:\xampp\htdocs\CodeIgniter4\CodeIgniter4\system\CodeIgniter.php(336): CodeIgniter\CodeIgniter->handleRequest(NULL, Object(Config\Cache), false)
#10 C:\xampp\htdocs\CodeIgniter4\CodeIgniter4\public\index.php(37): CodeIgniter\CodeIgniter->run()
#11 C:\xampp\htdocs\CodeIgniter4\CodeIgniter4\system\Commands\Server\rewrite.php(45): require_once('C:\\xampp\\htdocs...')
#12 {main}
ERROR - 2021-11-29 00:55:07 --> Error connecting to the database: Call to undefined function CodeIgniter\Database\MySQLi\mysqli_init()
CRITICAL - 2021-11-29 00:55:07 --> Unable to connect to the database.
Main connection [MySQLi]: Call to undefined function CodeIgniter\Database\MySQLi\mysqli_init()
#0 C:\xampp\htdocs\CodeIgniter4\CodeIgniter4\system\Database\BaseConnection.php(625): CodeIgniter\Database\BaseConnection->initialize()
#1 C:\xampp\htdocs\CodeIgniter4\CodeIgniter4\system\Database\BaseBuilder.php(2277): CodeIgniter\Database\BaseConnection->query('INSERT INTO `po...', Array, false)
#2 C:\xampp\htdocs\CodeIgniter4\CodeIgniter4\system\Model.php(259): CodeIgniter\Database\BaseBuilder->insert()
#3 C:\xampp\htdocs\CodeIgniter4\CodeIgniter4\system\BaseModel.php(774): CodeIgniter\Model->doInsert(Array)
#4 C:\xampp\htdocs\CodeIgniter4\CodeIgniter4\system\Model.php(686): CodeIgniter\BaseModel->insert(Array, false)
#5 C:\xampp\htdocs\CodeIgniter4\CodeIgniter4\system\BaseModel.php(687): CodeIgniter\Model->insert(Array, false)
#6 C:\xampp\htdocs\CodeIgniter4\CodeIgniter4\app\Controllers\Blog.php(71): CodeIgniter\BaseModel->save(Array)
#7 C:\xampp\htdocs\CodeIgniter4\CodeIgniter4\system\CodeIgniter.php(928): App\Controllers\Blog->new()
#8 C:\xampp\htdocs\CodeIgniter4\CodeIgniter4\system\CodeIgniter.php(436): CodeIgniter\CodeIgniter->runController(Object(App\Controllers\Blog))
#9 C:\xampp\htdocs\CodeIgniter4\CodeIgniter4\system\CodeIgniter.php(336): CodeIgniter\CodeIgniter->handleRequest(NULL, Object(Config\Cache), false)
#10 C:\xampp\htdocs\CodeIgniter4\CodeIgniter4\public\index.php(37): CodeIgniter\CodeIgniter->run()
#11 C:\xampp\htdocs\CodeIgniter4\CodeIgniter4\system\Commands\Server\rewrite.php(45): require_once('C:\\xampp\\htdocs...')
#12 {main}
CRITICAL - 2021-11-29 02:38:30 --> Invalid file: apaclientedit.php
#0 C:\xampp\htdocs\CodeIgniter4\CodeIgniter4\system\View\View.php(213): CodeIgniter\Exceptions\FrameworkException::forInvalidFile('apaclientedit.p...')
#1 C:\xampp\htdocs\CodeIgniter4\CodeIgniter4\system\Common.php(1271): CodeIgniter\View\View->render('apaclientedit', Array, true)
#2 C:\xampp\htdocs\CodeIgniter4\CodeIgniter4\app\Controllers\Cloth.php(39): view('apaclientedit')
#3 C:\xampp\htdocs\CodeIgniter4\CodeIgniter4\system\CodeIgniter.php(928): App\Controllers\Cloth->ClientEdit()
#4 C:\xampp\htdocs\CodeIgniter4\CodeIgniter4\system\CodeIgniter.php(436): CodeIgniter\CodeIgniter->runController(Object(App\Controllers\Cloth))
#5 C:\xampp\htdocs\CodeIgniter4\CodeIgniter4\system\CodeIgniter.php(336): CodeIgniter\CodeIgniter->handleRequest(NULL, Object(Config\Cache), false)
#6 C:\xampp\htdocs\CodeIgniter4\CodeIgniter4\public\index.php(37): CodeIgniter\CodeIgniter->run()
#7 C:\xampp\htdocs\CodeIgniter4\CodeIgniter4\system\Commands\Server\rewrite.php(45): require_once('C:\\xampp\\htdocs...')
#8 {main}
CRITICAL - 2021-11-29 02:39:56 --> Invalid file: apaclientedit.php
#0 C:\xampp\htdocs\CodeIgniter4\CodeIgniter4\system\View\View.php(213): CodeIgniter\Exceptions\FrameworkException::forInvalidFile('apaclientedit.p...')
#1 C:\xampp\htdocs\CodeIgniter4\CodeIgniter4\system\Common.php(1271): CodeIgniter\View\View->render('apaclientedit', Array, true)
#2 C:\xampp\htdocs\CodeIgniter4\CodeIgniter4\app\Controllers\Cloth.php(39): view('apaclientedit')
#3 C:\xampp\htdocs\CodeIgniter4\CodeIgniter4\system\CodeIgniter.php(928): App\Controllers\Cloth->ClientEdit()
#4 C:\xampp\htdocs\CodeIgniter4\CodeIgniter4\system\CodeIgniter.php(436): CodeIgniter\CodeIgniter->runController(Object(App\Controllers\Cloth))
#5 C:\xampp\htdocs\CodeIgniter4\CodeIgniter4\system\CodeIgniter.php(336): CodeIgniter\CodeIgniter->handleRequest(NULL, Object(Config\Cache), false)
#6 C:\xampp\htdocs\CodeIgniter4\CodeIgniter4\public\index.php(37): CodeIgniter\CodeIgniter->run()
#7 C:\xampp\htdocs\CodeIgniter4\CodeIgniter4\system\Commands\Server\rewrite.php(45): require_once('C:\\xampp\\htdocs...')
#8 {main}
CRITICAL - 2021-11-29 02:42:33 --> Invalid file: apaclientedit.php
#0 C:\xampp\htdocs\CodeIgniter4\CodeIgniter4\system\View\View.php(213): CodeIgniter\Exceptions\FrameworkException::forInvalidFile('apaclientedit.p...')
#1 C:\xampp\htdocs\CodeIgniter4\CodeIgniter4\system\Common.php(1271): CodeIgniter\View\View->render('apaclientedit', Array, true)
#2 C:\xampp\htdocs\CodeIgniter4\CodeIgniter4\app\Controllers\Cloth.php(39): view('apaclientedit')
#3 C:\xampp\htdocs\CodeIgniter4\CodeIgniter4\system\CodeIgniter.php(928): App\Controllers\Cloth->ClientEdit()
#4 C:\xampp\htdocs\CodeIgniter4\CodeIgniter4\system\CodeIgniter.php(436): CodeIgniter\CodeIgniter->runController(Object(App\Controllers\Cloth))
#5 C:\xampp\htdocs\CodeIgniter4\CodeIgniter4\system\CodeIgniter.php(336): CodeIgniter\CodeIgniter->handleRequest(NULL, Object(Config\Cache), false)
#6 C:\xampp\htdocs\CodeIgniter4\CodeIgniter4\public\index.php(37): CodeIgniter\CodeIgniter->run()
#7 C:\xampp\htdocs\CodeIgniter4\CodeIgniter4\system\Commands\Server\rewrite.php(45): require_once('C:\\xampp\\htdocs...')
#8 {main}
CRITICAL - 2021-11-29 02:45:35 --> Invalid file: apaclientedit.php
#0 C:\xampp\htdocs\CodeIgniter4\CodeIgniter4\system\View\View.php(213): CodeIgniter\Exceptions\FrameworkException::forInvalidFile('apaclientedit.p...')
#1 C:\xampp\htdocs\CodeIgniter4\CodeIgniter4\system\Common.php(1271): CodeIgniter\View\View->render('apaclientedit', Array, true)
#2 C:\xampp\htdocs\CodeIgniter4\CodeIgniter4\app\Controllers\Cloth.php(38): view('apaclientedit')
#3 C:\xampp\htdocs\CodeIgniter4\CodeIgniter4\system\CodeIgniter.php(928): App\Controllers\Cloth->ClientEdit()
#4 C:\xampp\htdocs\CodeIgniter4\CodeIgniter4\system\CodeIgniter.php(436): CodeIgniter\CodeIgniter->runController(Object(App\Controllers\Cloth))
#5 C:\xampp\htdocs\CodeIgniter4\CodeIgniter4\system\CodeIgniter.php(336): CodeIgniter\CodeIgniter->handleRequest(NULL, Object(Config\Cache), false)
#6 C:\xampp\htdocs\CodeIgniter4\CodeIgniter4\public\index.php(37): CodeIgniter\CodeIgniter->run()
#7 C:\xampp\htdocs\CodeIgniter4\CodeIgniter4\system\Commands\Server\rewrite.php(45): require_once('C:\\xampp\\htdocs...')
#8 {main}
CRITICAL - 2021-11-29 02:46:12 --> Invalid file: apaclientedit.php
#0 C:\xampp\htdocs\CodeIgniter4\CodeIgniter4\system\View\View.php(213): CodeIgniter\Exceptions\FrameworkException::forInvalidFile('apaclientedit.p...')
#1 C:\xampp\htdocs\CodeIgniter4\CodeIgniter4\system\Common.php(1271): CodeIgniter\View\View->render('apaclientedit', Array, true)
#2 C:\xampp\htdocs\CodeIgniter4\CodeIgniter4\app\Controllers\Cloth.php(38): view('apaclientedit')
#3 C:\xampp\htdocs\CodeIgniter4\CodeIgniter4\system\CodeIgniter.php(928): App\Controllers\Cloth->ClientEdit()
#4 C:\xampp\htdocs\CodeIgniter4\CodeIgniter4\system\CodeIgniter.php(436): CodeIgniter\CodeIgniter->runController(Object(App\Controllers\Cloth))
#5 C:\xampp\htdocs\CodeIgniter4\CodeIgniter4\system\CodeIgniter.php(336): CodeIgniter\CodeIgniter->handleRequest(NULL, Object(Config\Cache), false)
#6 C:\xampp\htdocs\CodeIgniter4\CodeIgniter4\public\index.php(37): CodeIgniter\CodeIgniter->run()
#7 C:\xampp\htdocs\CodeIgniter4\CodeIgniter4\system\Commands\Server\rewrite.php(45): require_once('C:\\xampp\\htdocs...')
#8 {main}
CRITICAL - 2021-11-29 02:46:24 --> Invalid file: apaclientedit.php
#0 C:\xampp\htdocs\CodeIgniter4\CodeIgniter4\system\View\View.php(213): CodeIgniter\Exceptions\FrameworkException::forInvalidFile('apaclientedit.p...')
#1 C:\xampp\htdocs\CodeIgniter4\CodeIgniter4\system\Common.php(1271): CodeIgniter\View\View->render('apaclientedit', Array, true)
#2 C:\xampp\htdocs\CodeIgniter4\CodeIgniter4\app\Controllers\Cloth.php(38): view('apaclientedit')
#3 C:\xampp\htdocs\CodeIgniter4\CodeIgniter4\system\CodeIgniter.php(928): App\Controllers\Cloth->ClientEdit()
#4 C:\xampp\htdocs\CodeIgniter4\CodeIgniter4\system\CodeIgniter.php(436): CodeIgniter\CodeIgniter->runController(Object(App\Controllers\Cloth))
#5 C:\xampp\htdocs\CodeIgniter4\CodeIgniter4\system\CodeIgniter.php(336): CodeIgniter\CodeIgniter->handleRequest(NULL, Object(Config\Cache), false)
#6 C:\xampp\htdocs\CodeIgniter4\CodeIgniter4\public\index.php(37): CodeIgniter\CodeIgniter->run()
#7 C:\xampp\htdocs\CodeIgniter4\CodeIgniter4\system\Commands\Server\rewrite.php(45): require_once('C:\\xampp\\htdocs...')
#8 {main}
CRITICAL - 2021-11-29 02:47:44 --> Invalid file: apaclientedit.php
#0 C:\xampp\htdocs\CodeIgniter4\CodeIgniter4\system\View\View.php(213): CodeIgniter\Exceptions\FrameworkException::forInvalidFile('apaclientedit.p...')
#1 C:\xampp\htdocs\CodeIgniter4\CodeIgniter4\system\Common.php(1271): CodeIgniter\View\View->render('apaclientedit', Array, true)
#2 C:\xampp\htdocs\CodeIgniter4\CodeIgniter4\app\Controllers\Cloth.php(38): view('apaclientedit')
#3 C:\xampp\htdocs\CodeIgniter4\CodeIgniter4\system\CodeIgniter.php(928): App\Controllers\Cloth->ClientEdit()
#4 C:\xampp\htdocs\CodeIgniter4\CodeIgniter4\system\CodeIgniter.php(436): CodeIgniter\CodeIgniter->runController(Object(App\Controllers\Cloth))
#5 C:\xampp\htdocs\CodeIgniter4\CodeIgniter4\system\CodeIgniter.php(336): CodeIgniter\CodeIgniter->handleRequest(NULL, Object(Config\Cache), false)
#6 C:\xampp\htdocs\CodeIgniter4\CodeIgniter4\public\index.php(37): CodeIgniter\CodeIgniter->run()
#7 C:\xampp\htdocs\CodeIgniter4\CodeIgniter4\system\Commands\Server\rewrite.php(45): require_once('C:\\xampp\\htdocs...')
#8 {main}
