CRITICAL - 2021-12-15 05:15:45 --> printf(): Argument #1 ($format) must be of type string, array given
#0 C:\xampp\htdocs\CodeIgniter4\CodeIgniter4\app\Controllers\Cloth.php(52): printf(Array)
#1 C:\xampp\htdocs\CodeIgniter4\CodeIgniter4\system\CodeIgniter.php(928): App\Controllers\Cloth->ProcessLogin()
#2 C:\xampp\htdocs\CodeIgniter4\CodeIgniter4\system\CodeIgniter.php(436): CodeIgniter\CodeIgniter->runController(Object(App\Controllers\Cloth))
#3 C:\xampp\htdocs\CodeIgniter4\CodeIgniter4\system\CodeIgniter.php(336): CodeIgniter\CodeIgniter->handleRequest(NULL, Object(Config\Cache), false)
#4 C:\xampp\htdocs\CodeIgniter4\CodeIgniter4\public\index.php(37): CodeIgniter\CodeIgniter->run()
#5 C:\xampp\htdocs\CodeIgniter4\CodeIgniter4\system\Commands\Server\rewrite.php(45): require_once('C:\\xampp\\htdocs...')
#6 {main}
CRITICAL - 2021-12-15 05:53:23 --> Undefined variable $db
#0 C:\xampp\htdocs\CodeIgniter4\CodeIgniter4\app\Views\payment.php(50): CodeIgniter\Debug\Exceptions->errorHandler(2, 'Undefined varia...', 'C:\\xampp\\htdocs...', 50)
#1 C:\xampp\htdocs\CodeIgniter4\CodeIgniter4\system\View\View.php(230): include('C:\\xampp\\htdocs...')
#2 C:\xampp\htdocs\CodeIgniter4\CodeIgniter4\system\View\View.php(232): CodeIgniter\View\View->CodeIgniter\View\{closure}()
#3 C:\xampp\htdocs\CodeIgniter4\CodeIgniter4\system\Common.php(1271): CodeIgniter\View\View->render('payment', Array, true)
#4 C:\xampp\htdocs\CodeIgniter4\CodeIgniter4\app\Controllers\Cloth.php(448): view('payment')
#5 C:\xampp\htdocs\CodeIgniter4\CodeIgniter4\system\CodeIgniter.php(928): App\Controllers\Cloth->Payment()
#6 C:\xampp\htdocs\CodeIgniter4\CodeIgniter4\system\CodeIgniter.php(436): CodeIgniter\CodeIgniter->runController(Object(App\Controllers\Cloth))
#7 C:\xampp\htdocs\CodeIgniter4\CodeIgniter4\system\CodeIgniter.php(336): CodeIgniter\CodeIgniter->handleRequest(NULL, Object(Config\Cache), false)
#8 C:\xampp\htdocs\CodeIgniter4\CodeIgniter4\public\index.php(37): CodeIgniter\CodeIgniter->run()
#9 C:\xampp\htdocs\CodeIgniter4\CodeIgniter4\system\Commands\Server\rewrite.php(45): require_once('C:\\xampp\\htdocs...')
#10 {main}
CRITICAL - 2021-12-15 05:53:58 --> Array to string conversion
#0 C:\xampp\htdocs\CodeIgniter4\CodeIgniter4\app\Views\payment.php(80): CodeIgniter\Debug\Exceptions->errorHandler(2, 'Array to string...', 'C:\\xampp\\htdocs...', 80)
#1 C:\xampp\htdocs\CodeIgniter4\CodeIgniter4\system\View\View.php(230): include('C:\\xampp\\htdocs...')
#2 C:\xampp\htdocs\CodeIgniter4\CodeIgniter4\system\View\View.php(232): CodeIgniter\View\View->CodeIgniter\View\{closure}()
#3 C:\xampp\htdocs\CodeIgniter4\CodeIgniter4\system\Common.php(1271): CodeIgniter\View\View->render('payment', Array, true)
#4 C:\xampp\htdocs\CodeIgniter4\CodeIgniter4\app\Controllers\Cloth.php(448): view('payment')
#5 C:\xampp\htdocs\CodeIgniter4\CodeIgniter4\system\CodeIgniter.php(928): App\Controllers\Cloth->Payment()
#6 C:\xampp\htdocs\CodeIgniter4\CodeIgniter4\system\CodeIgniter.php(436): CodeIgniter\CodeIgniter->runController(Object(App\Controllers\Cloth))
#7 C:\xampp\htdocs\CodeIgniter4\CodeIgniter4\system\CodeIgniter.php(336): CodeIgniter\CodeIgniter->handleRequest(NULL, Object(Config\Cache), false)
#8 C:\xampp\htdocs\CodeIgniter4\CodeIgniter4\public\index.php(37): CodeIgniter\CodeIgniter->run()
#9 C:\xampp\htdocs\CodeIgniter4\CodeIgniter4\system\Commands\Server\rewrite.php(45): require_once('C:\\xampp\\htdocs...')
#10 {main}
CRITICAL - 2021-12-15 05:54:34 --> Array to string conversion
#0 C:\xampp\htdocs\CodeIgniter4\CodeIgniter4\app\Views\payment.php(80): CodeIgniter\Debug\Exceptions->errorHandler(2, 'Array to string...', 'C:\\xampp\\htdocs...', 80)
#1 C:\xampp\htdocs\CodeIgniter4\CodeIgniter4\system\View\View.php(230): include('C:\\xampp\\htdocs...')
#2 C:\xampp\htdocs\CodeIgniter4\CodeIgniter4\system\View\View.php(232): CodeIgniter\View\View->CodeIgniter\View\{closure}()
#3 C:\xampp\htdocs\CodeIgniter4\CodeIgniter4\system\Common.php(1271): CodeIgniter\View\View->render('payment', Array, true)
#4 C:\xampp\htdocs\CodeIgniter4\CodeIgniter4\app\Controllers\Cloth.php(448): view('payment')
#5 C:\xampp\htdocs\CodeIgniter4\CodeIgniter4\system\CodeIgniter.php(928): App\Controllers\Cloth->Payment()
#6 C:\xampp\htdocs\CodeIgniter4\CodeIgniter4\system\CodeIgniter.php(436): CodeIgniter\CodeIgniter->runController(Object(App\Controllers\Cloth))
#7 C:\xampp\htdocs\CodeIgniter4\CodeIgniter4\system\CodeIgniter.php(336): CodeIgniter\CodeIgniter->handleRequest(NULL, Object(Config\Cache), false)
#8 C:\xampp\htdocs\CodeIgniter4\CodeIgniter4\public\index.php(37): CodeIgniter\CodeIgniter->run()
#9 C:\xampp\htdocs\CodeIgniter4\CodeIgniter4\system\Commands\Server\rewrite.php(45): require_once('C:\\xampp\\htdocs...')
#10 {main}
CRITICAL - 2021-12-15 05:56:01 --> number_format(): Argument #1 ($num) must be of type float, array given
#0 C:\xampp\htdocs\CodeIgniter4\CodeIgniter4\app\Views\payment.php(80): number_format(Array)
#1 C:\xampp\htdocs\CodeIgniter4\CodeIgniter4\system\View\View.php(230): include('C:\\xampp\\htdocs...')
#2 C:\xampp\htdocs\CodeIgniter4\CodeIgniter4\system\View\View.php(232): CodeIgniter\View\View->CodeIgniter\View\{closure}()
#3 C:\xampp\htdocs\CodeIgniter4\CodeIgniter4\system\Common.php(1271): CodeIgniter\View\View->render('payment', Array, true)
#4 C:\xampp\htdocs\CodeIgniter4\CodeIgniter4\app\Controllers\Cloth.php(448): view('payment')
#5 C:\xampp\htdocs\CodeIgniter4\CodeIgniter4\system\CodeIgniter.php(928): App\Controllers\Cloth->Payment()
#6 C:\xampp\htdocs\CodeIgniter4\CodeIgniter4\system\CodeIgniter.php(436): CodeIgniter\CodeIgniter->runController(Object(App\Controllers\Cloth))
#7 C:\xampp\htdocs\CodeIgniter4\CodeIgniter4\system\CodeIgniter.php(336): CodeIgniter\CodeIgniter->handleRequest(NULL, Object(Config\Cache), false)
#8 C:\xampp\htdocs\CodeIgniter4\CodeIgniter4\public\index.php(37): CodeIgniter\CodeIgniter->run()
#9 C:\xampp\htdocs\CodeIgniter4\CodeIgniter4\system\Commands\Server\rewrite.php(45): require_once('C:\\xampp\\htdocs...')
#10 {main}
CRITICAL - 2021-12-15 05:57:25 --> number_format(): Argument #1 ($num) must be of type float, array given
#0 C:\xampp\htdocs\CodeIgniter4\CodeIgniter4\app\Views\payment.php(80): number_format(Array, 1)
#1 C:\xampp\htdocs\CodeIgniter4\CodeIgniter4\system\View\View.php(230): include('C:\\xampp\\htdocs...')
#2 C:\xampp\htdocs\CodeIgniter4\CodeIgniter4\system\View\View.php(232): CodeIgniter\View\View->CodeIgniter\View\{closure}()
#3 C:\xampp\htdocs\CodeIgniter4\CodeIgniter4\system\Common.php(1271): CodeIgniter\View\View->render('payment', Array, true)
#4 C:\xampp\htdocs\CodeIgniter4\CodeIgniter4\app\Controllers\Cloth.php(448): view('payment')
#5 C:\xampp\htdocs\CodeIgniter4\CodeIgniter4\system\CodeIgniter.php(928): App\Controllers\Cloth->Payment()
#6 C:\xampp\htdocs\CodeIgniter4\CodeIgniter4\system\CodeIgniter.php(436): CodeIgniter\CodeIgniter->runController(Object(App\Controllers\Cloth))
#7 C:\xampp\htdocs\CodeIgniter4\CodeIgniter4\system\CodeIgniter.php(336): CodeIgniter\CodeIgniter->handleRequest(NULL, Object(Config\Cache), false)
#8 C:\xampp\htdocs\CodeIgniter4\CodeIgniter4\public\index.php(37): CodeIgniter\CodeIgniter->run()
#9 C:\xampp\htdocs\CodeIgniter4\CodeIgniter4\system\Commands\Server\rewrite.php(45): require_once('C:\\xampp\\htdocs...')
#10 {main}
CRITICAL - 2021-12-15 05:57:37 --> number_format(): Argument #1 ($num) must be of type float, array given
#0 C:\xampp\htdocs\CodeIgniter4\CodeIgniter4\app\Views\payment.php(80): number_format(Array, 0)
#1 C:\xampp\htdocs\CodeIgniter4\CodeIgniter4\system\View\View.php(230): include('C:\\xampp\\htdocs...')
#2 C:\xampp\htdocs\CodeIgniter4\CodeIgniter4\system\View\View.php(232): CodeIgniter\View\View->CodeIgniter\View\{closure}()
#3 C:\xampp\htdocs\CodeIgniter4\CodeIgniter4\system\Common.php(1271): CodeIgniter\View\View->render('payment', Array, true)
#4 C:\xampp\htdocs\CodeIgniter4\CodeIgniter4\app\Controllers\Cloth.php(448): view('payment')
#5 C:\xampp\htdocs\CodeIgniter4\CodeIgniter4\system\CodeIgniter.php(928): App\Controllers\Cloth->Payment()
#6 C:\xampp\htdocs\CodeIgniter4\CodeIgniter4\system\CodeIgniter.php(436): CodeIgniter\CodeIgniter->runController(Object(App\Controllers\Cloth))
#7 C:\xampp\htdocs\CodeIgniter4\CodeIgniter4\system\CodeIgniter.php(336): CodeIgniter\CodeIgniter->handleRequest(NULL, Object(Config\Cache), false)
#8 C:\xampp\htdocs\CodeIgniter4\CodeIgniter4\public\index.php(37): CodeIgniter\CodeIgniter->run()
#9 C:\xampp\htdocs\CodeIgniter4\CodeIgniter4\system\Commands\Server\rewrite.php(45): require_once('C:\\xampp\\htdocs...')
#10 {main}
CRITICAL - 2021-12-15 06:01:17 --> number_format() expects at least 1 argument, 0 given
#0 C:\xampp\htdocs\CodeIgniter4\CodeIgniter4\app\Views\payment.php(74): number_format()
#1 C:\xampp\htdocs\CodeIgniter4\CodeIgniter4\system\View\View.php(230): include('C:\\xampp\\htdocs...')
#2 C:\xampp\htdocs\CodeIgniter4\CodeIgniter4\system\View\View.php(232): CodeIgniter\View\View->CodeIgniter\View\{closure}()
#3 C:\xampp\htdocs\CodeIgniter4\CodeIgniter4\system\Common.php(1271): CodeIgniter\View\View->render('payment', Array, true)
#4 C:\xampp\htdocs\CodeIgniter4\CodeIgniter4\app\Controllers\Cloth.php(448): view('payment')
#5 C:\xampp\htdocs\CodeIgniter4\CodeIgniter4\system\CodeIgniter.php(928): App\Controllers\Cloth->Payment()
#6 C:\xampp\htdocs\CodeIgniter4\CodeIgniter4\system\CodeIgniter.php(436): CodeIgniter\CodeIgniter->runController(Object(App\Controllers\Cloth))
#7 C:\xampp\htdocs\CodeIgniter4\CodeIgniter4\system\CodeIgniter.php(336): CodeIgniter\CodeIgniter->handleRequest(NULL, Object(Config\Cache), false)
#8 C:\xampp\htdocs\CodeIgniter4\CodeIgniter4\public\index.php(37): CodeIgniter\CodeIgniter->run()
#9 C:\xampp\htdocs\CodeIgniter4\CodeIgniter4\system\Commands\Server\rewrite.php(45): require_once('C:\\xampp\\htdocs...')
#10 {main}
CRITICAL - 2021-12-15 06:01:30 --> number_format(): Argument #1 ($num) must be of type float, array given
#0 C:\xampp\htdocs\CodeIgniter4\CodeIgniter4\app\Views\payment.php(81): number_format(Array, 2)
#1 C:\xampp\htdocs\CodeIgniter4\CodeIgniter4\system\View\View.php(230): include('C:\\xampp\\htdocs...')
#2 C:\xampp\htdocs\CodeIgniter4\CodeIgniter4\system\View\View.php(232): CodeIgniter\View\View->CodeIgniter\View\{closure}()
#3 C:\xampp\htdocs\CodeIgniter4\CodeIgniter4\system\Common.php(1271): CodeIgniter\View\View->render('payment', Array, true)
#4 C:\xampp\htdocs\CodeIgniter4\CodeIgniter4\app\Controllers\Cloth.php(448): view('payment')
#5 C:\xampp\htdocs\CodeIgniter4\CodeIgniter4\system\CodeIgniter.php(928): App\Controllers\Cloth->Payment()
#6 C:\xampp\htdocs\CodeIgniter4\CodeIgniter4\system\CodeIgniter.php(436): CodeIgniter\CodeIgniter->runController(Object(App\Controllers\Cloth))
#7 C:\xampp\htdocs\CodeIgniter4\CodeIgniter4\system\CodeIgniter.php(336): CodeIgniter\CodeIgniter->handleRequest(NULL, Object(Config\Cache), false)
#8 C:\xampp\htdocs\CodeIgniter4\CodeIgniter4\public\index.php(37): CodeIgniter\CodeIgniter->run()
#9 C:\xampp\htdocs\CodeIgniter4\CodeIgniter4\system\Commands\Server\rewrite.php(45): require_once('C:\\xampp\\htdocs...')
#10 {main}
CRITICAL - 2021-12-15 06:01:33 --> number_format(): Argument #1 ($num) must be of type float, array given
#0 C:\xampp\htdocs\CodeIgniter4\CodeIgniter4\app\Views\payment.php(81): number_format(Array, 2)
#1 C:\xampp\htdocs\CodeIgniter4\CodeIgniter4\system\View\View.php(230): include('C:\\xampp\\htdocs...')
#2 C:\xampp\htdocs\CodeIgniter4\CodeIgniter4\system\View\View.php(232): CodeIgniter\View\View->CodeIgniter\View\{closure}()
#3 C:\xampp\htdocs\CodeIgniter4\CodeIgniter4\system\Common.php(1271): CodeIgniter\View\View->render('payment', Array, true)
#4 C:\xampp\htdocs\CodeIgniter4\CodeIgniter4\app\Controllers\Cloth.php(448): view('payment')
#5 C:\xampp\htdocs\CodeIgniter4\CodeIgniter4\system\CodeIgniter.php(928): App\Controllers\Cloth->Payment()
#6 C:\xampp\htdocs\CodeIgniter4\CodeIgniter4\system\CodeIgniter.php(436): CodeIgniter\CodeIgniter->runController(Object(App\Controllers\Cloth))
#7 C:\xampp\htdocs\CodeIgniter4\CodeIgniter4\system\CodeIgniter.php(336): CodeIgniter\CodeIgniter->handleRequest(NULL, Object(Config\Cache), false)
#8 C:\xampp\htdocs\CodeIgniter4\CodeIgniter4\public\index.php(37): CodeIgniter\CodeIgniter->run()
#9 C:\xampp\htdocs\CodeIgniter4\CodeIgniter4\system\Commands\Server\rewrite.php(45): require_once('C:\\xampp\\htdocs...')
#10 {main}
CRITICAL - 2021-12-15 06:01:50 --> number_format(): Argument #1 ($num) must be of type float, array given
#0 C:\xampp\htdocs\CodeIgniter4\CodeIgniter4\app\Views\payment.php(81): number_format(Array, 2)
#1 C:\xampp\htdocs\CodeIgniter4\CodeIgniter4\system\View\View.php(230): include('C:\\xampp\\htdocs...')
#2 C:\xampp\htdocs\CodeIgniter4\CodeIgniter4\system\View\View.php(232): CodeIgniter\View\View->CodeIgniter\View\{closure}()
#3 C:\xampp\htdocs\CodeIgniter4\CodeIgniter4\system\Common.php(1271): CodeIgniter\View\View->render('payment', Array, true)
#4 C:\xampp\htdocs\CodeIgniter4\CodeIgniter4\app\Controllers\Cloth.php(448): view('payment')
#5 C:\xampp\htdocs\CodeIgniter4\CodeIgniter4\system\CodeIgniter.php(928): App\Controllers\Cloth->Payment()
#6 C:\xampp\htdocs\CodeIgniter4\CodeIgniter4\system\CodeIgniter.php(436): CodeIgniter\CodeIgniter->runController(Object(App\Controllers\Cloth))
#7 C:\xampp\htdocs\CodeIgniter4\CodeIgniter4\system\CodeIgniter.php(336): CodeIgniter\CodeIgniter->handleRequest(NULL, Object(Config\Cache), false)
#8 C:\xampp\htdocs\CodeIgniter4\CodeIgniter4\public\index.php(37): CodeIgniter\CodeIgniter->run()
#9 C:\xampp\htdocs\CodeIgniter4\CodeIgniter4\system\Commands\Server\rewrite.php(45): require_once('C:\\xampp\\htdocs...')
#10 {main}
CRITICAL - 2021-12-15 06:01:59 --> number_format(): Argument #1 ($num) must be of type float, array given
#0 C:\xampp\htdocs\CodeIgniter4\CodeIgniter4\app\Views\payment.php(81): number_format(Array, 1)
#1 C:\xampp\htdocs\CodeIgniter4\CodeIgniter4\system\View\View.php(230): include('C:\\xampp\\htdocs...')
#2 C:\xampp\htdocs\CodeIgniter4\CodeIgniter4\system\View\View.php(232): CodeIgniter\View\View->CodeIgniter\View\{closure}()
#3 C:\xampp\htdocs\CodeIgniter4\CodeIgniter4\system\Common.php(1271): CodeIgniter\View\View->render('payment', Array, true)
#4 C:\xampp\htdocs\CodeIgniter4\CodeIgniter4\app\Controllers\Cloth.php(448): view('payment')
#5 C:\xampp\htdocs\CodeIgniter4\CodeIgniter4\system\CodeIgniter.php(928): App\Controllers\Cloth->Payment()
#6 C:\xampp\htdocs\CodeIgniter4\CodeIgniter4\system\CodeIgniter.php(436): CodeIgniter\CodeIgniter->runController(Object(App\Controllers\Cloth))
#7 C:\xampp\htdocs\CodeIgniter4\CodeIgniter4\system\CodeIgniter.php(336): CodeIgniter\CodeIgniter->handleRequest(NULL, Object(Config\Cache), false)
#8 C:\xampp\htdocs\CodeIgniter4\CodeIgniter4\public\index.php(37): CodeIgniter\CodeIgniter->run()
#9 C:\xampp\htdocs\CodeIgniter4\CodeIgniter4\system\Commands\Server\rewrite.php(45): require_once('C:\\xampp\\htdocs...')
#10 {main}
CRITICAL - 2021-12-15 06:02:46 --> Array to string conversion
#0 C:\xampp\htdocs\CodeIgniter4\CodeIgniter4\app\Views\payment.php(81): CodeIgniter\Debug\Exceptions->errorHandler(2, 'Array to string...', 'C:\\xampp\\htdocs...', 81)
#1 C:\xampp\htdocs\CodeIgniter4\CodeIgniter4\system\View\View.php(230): include('C:\\xampp\\htdocs...')
#2 C:\xampp\htdocs\CodeIgniter4\CodeIgniter4\system\View\View.php(232): CodeIgniter\View\View->CodeIgniter\View\{closure}()
#3 C:\xampp\htdocs\CodeIgniter4\CodeIgniter4\system\Common.php(1271): CodeIgniter\View\View->render('payment', Array, true)
#4 C:\xampp\htdocs\CodeIgniter4\CodeIgniter4\app\Controllers\Cloth.php(448): view('payment')
#5 C:\xampp\htdocs\CodeIgniter4\CodeIgniter4\system\CodeIgniter.php(928): App\Controllers\Cloth->Payment()
#6 C:\xampp\htdocs\CodeIgniter4\CodeIgniter4\system\CodeIgniter.php(436): CodeIgniter\CodeIgniter->runController(Object(App\Controllers\Cloth))
#7 C:\xampp\htdocs\CodeIgniter4\CodeIgniter4\system\CodeIgniter.php(336): CodeIgniter\CodeIgniter->handleRequest(NULL, Object(Config\Cache), false)
#8 C:\xampp\htdocs\CodeIgniter4\CodeIgniter4\public\index.php(37): CodeIgniter\CodeIgniter->run()
#9 C:\xampp\htdocs\CodeIgniter4\CodeIgniter4\system\Commands\Server\rewrite.php(45): require_once('C:\\xampp\\htdocs...')
#10 {main}
CRITICAL - 2021-12-15 06:02:49 --> Array to string conversion
#0 C:\xampp\htdocs\CodeIgniter4\CodeIgniter4\app\Views\payment.php(81): CodeIgniter\Debug\Exceptions->errorHandler(2, 'Array to string...', 'C:\\xampp\\htdocs...', 81)
#1 C:\xampp\htdocs\CodeIgniter4\CodeIgniter4\system\View\View.php(230): include('C:\\xampp\\htdocs...')
#2 C:\xampp\htdocs\CodeIgniter4\CodeIgniter4\system\View\View.php(232): CodeIgniter\View\View->CodeIgniter\View\{closure}()
#3 C:\xampp\htdocs\CodeIgniter4\CodeIgniter4\system\Common.php(1271): CodeIgniter\View\View->render('payment', Array, true)
#4 C:\xampp\htdocs\CodeIgniter4\CodeIgniter4\app\Controllers\Cloth.php(448): view('payment')
#5 C:\xampp\htdocs\CodeIgniter4\CodeIgniter4\system\CodeIgniter.php(928): App\Controllers\Cloth->Payment()
#6 C:\xampp\htdocs\CodeIgniter4\CodeIgniter4\system\CodeIgniter.php(436): CodeIgniter\CodeIgniter->runController(Object(App\Controllers\Cloth))
#7 C:\xampp\htdocs\CodeIgniter4\CodeIgniter4\system\CodeIgniter.php(336): CodeIgniter\CodeIgniter->handleRequest(NULL, Object(Config\Cache), false)
#8 C:\xampp\htdocs\CodeIgniter4\CodeIgniter4\public\index.php(37): CodeIgniter\CodeIgniter->run()
#9 C:\xampp\htdocs\CodeIgniter4\CodeIgniter4\system\Commands\Server\rewrite.php(45): require_once('C:\\xampp\\htdocs...')
#10 {main}
CRITICAL - 2021-12-15 06:04:18 --> Array to string conversion
#0 C:\xampp\htdocs\CodeIgniter4\CodeIgniter4\app\Views\payment.php(81): CodeIgniter\Debug\Exceptions->errorHandler(2, 'Array to string...', 'C:\\xampp\\htdocs...', 81)
#1 C:\xampp\htdocs\CodeIgniter4\CodeIgniter4\system\View\View.php(230): include('C:\\xampp\\htdocs...')
#2 C:\xampp\htdocs\CodeIgniter4\CodeIgniter4\system\View\View.php(232): CodeIgniter\View\View->CodeIgniter\View\{closure}()
#3 C:\xampp\htdocs\CodeIgniter4\CodeIgniter4\system\Common.php(1271): CodeIgniter\View\View->render('payment', Array, true)
#4 C:\xampp\htdocs\CodeIgniter4\CodeIgniter4\app\Controllers\Cloth.php(448): view('payment')
#5 C:\xampp\htdocs\CodeIgniter4\CodeIgniter4\system\CodeIgniter.php(928): App\Controllers\Cloth->Payment()
#6 C:\xampp\htdocs\CodeIgniter4\CodeIgniter4\system\CodeIgniter.php(436): CodeIgniter\CodeIgniter->runController(Object(App\Controllers\Cloth))
#7 C:\xampp\htdocs\CodeIgniter4\CodeIgniter4\system\CodeIgniter.php(336): CodeIgniter\CodeIgniter->handleRequest(NULL, Object(Config\Cache), false)
#8 C:\xampp\htdocs\CodeIgniter4\CodeIgniter4\public\index.php(37): CodeIgniter\CodeIgniter->run()
#9 C:\xampp\htdocs\CodeIgniter4\CodeIgniter4\system\Commands\Server\rewrite.php(45): require_once('C:\\xampp\\htdocs...')
#10 {main}
CRITICAL - 2021-12-15 06:04:19 --> Array to string conversion
#0 C:\xampp\htdocs\CodeIgniter4\CodeIgniter4\app\Views\payment.php(81): CodeIgniter\Debug\Exceptions->errorHandler(2, 'Array to string...', 'C:\\xampp\\htdocs...', 81)
#1 C:\xampp\htdocs\CodeIgniter4\CodeIgniter4\system\View\View.php(230): include('C:\\xampp\\htdocs...')
#2 C:\xampp\htdocs\CodeIgniter4\CodeIgniter4\system\View\View.php(232): CodeIgniter\View\View->CodeIgniter\View\{closure}()
#3 C:\xampp\htdocs\CodeIgniter4\CodeIgniter4\system\Common.php(1271): CodeIgniter\View\View->render('payment', Array, true)
#4 C:\xampp\htdocs\CodeIgniter4\CodeIgniter4\app\Controllers\Cloth.php(448): view('payment')
#5 C:\xampp\htdocs\CodeIgniter4\CodeIgniter4\system\CodeIgniter.php(928): App\Controllers\Cloth->Payment()
#6 C:\xampp\htdocs\CodeIgniter4\CodeIgniter4\system\CodeIgniter.php(436): CodeIgniter\CodeIgniter->runController(Object(App\Controllers\Cloth))
#7 C:\xampp\htdocs\CodeIgniter4\CodeIgniter4\system\CodeIgniter.php(336): CodeIgniter\CodeIgniter->handleRequest(NULL, Object(Config\Cache), false)
#8 C:\xampp\htdocs\CodeIgniter4\CodeIgniter4\public\index.php(37): CodeIgniter\CodeIgniter->run()
#9 C:\xampp\htdocs\CodeIgniter4\CodeIgniter4\system\Commands\Server\rewrite.php(45): require_once('C:\\xampp\\htdocs...')
#10 {main}
CRITICAL - 2021-12-15 06:04:36 --> Array to string conversion
#0 C:\xampp\htdocs\CodeIgniter4\CodeIgniter4\app\Views\payment.php(81): CodeIgniter\Debug\Exceptions->errorHandler(2, 'Array to string...', 'C:\\xampp\\htdocs...', 81)
#1 C:\xampp\htdocs\CodeIgniter4\CodeIgniter4\system\View\View.php(230): include('C:\\xampp\\htdocs...')
#2 C:\xampp\htdocs\CodeIgniter4\CodeIgniter4\system\View\View.php(232): CodeIgniter\View\View->CodeIgniter\View\{closure}()
#3 C:\xampp\htdocs\CodeIgniter4\CodeIgniter4\system\Common.php(1271): CodeIgniter\View\View->render('payment', Array, true)
#4 C:\xampp\htdocs\CodeIgniter4\CodeIgniter4\app\Controllers\Cloth.php(448): view('payment')
#5 C:\xampp\htdocs\CodeIgniter4\CodeIgniter4\system\CodeIgniter.php(928): App\Controllers\Cloth->Payment()
#6 C:\xampp\htdocs\CodeIgniter4\CodeIgniter4\system\CodeIgniter.php(436): CodeIgniter\CodeIgniter->runController(Object(App\Controllers\Cloth))
#7 C:\xampp\htdocs\CodeIgniter4\CodeIgniter4\system\CodeIgniter.php(336): CodeIgniter\CodeIgniter->handleRequest(NULL, Object(Config\Cache), false)
#8 C:\xampp\htdocs\CodeIgniter4\CodeIgniter4\public\index.php(37): CodeIgniter\CodeIgniter->run()
#9 C:\xampp\htdocs\CodeIgniter4\CodeIgniter4\system\Commands\Server\rewrite.php(45): require_once('C:\\xampp\\htdocs...')
#10 {main}
CRITICAL - 2021-12-15 06:04:37 --> Array to string conversion
#0 C:\xampp\htdocs\CodeIgniter4\CodeIgniter4\app\Views\payment.php(81): CodeIgniter\Debug\Exceptions->errorHandler(2, 'Array to string...', 'C:\\xampp\\htdocs...', 81)
#1 C:\xampp\htdocs\CodeIgniter4\CodeIgniter4\system\View\View.php(230): include('C:\\xampp\\htdocs...')
#2 C:\xampp\htdocs\CodeIgniter4\CodeIgniter4\system\View\View.php(232): CodeIgniter\View\View->CodeIgniter\View\{closure}()
#3 C:\xampp\htdocs\CodeIgniter4\CodeIgniter4\system\Common.php(1271): CodeIgniter\View\View->render('payment', Array, true)
#4 C:\xampp\htdocs\CodeIgniter4\CodeIgniter4\app\Controllers\Cloth.php(448): view('payment')
#5 C:\xampp\htdocs\CodeIgniter4\CodeIgniter4\system\CodeIgniter.php(928): App\Controllers\Cloth->Payment()
#6 C:\xampp\htdocs\CodeIgniter4\CodeIgniter4\system\CodeIgniter.php(436): CodeIgniter\CodeIgniter->runController(Object(App\Controllers\Cloth))
#7 C:\xampp\htdocs\CodeIgniter4\CodeIgniter4\system\CodeIgniter.php(336): CodeIgniter\CodeIgniter->handleRequest(NULL, Object(Config\Cache), false)
#8 C:\xampp\htdocs\CodeIgniter4\CodeIgniter4\public\index.php(37): CodeIgniter\CodeIgniter->run()
#9 C:\xampp\htdocs\CodeIgniter4\CodeIgniter4\system\Commands\Server\rewrite.php(45): require_once('C:\\xampp\\htdocs...')
#10 {main}
CRITICAL - 2021-12-15 06:04:48 --> Array to string conversion
#0 C:\xampp\htdocs\CodeIgniter4\CodeIgniter4\app\Views\payment.php(81): CodeIgniter\Debug\Exceptions->errorHandler(2, 'Array to string...', 'C:\\xampp\\htdocs...', 81)
#1 C:\xampp\htdocs\CodeIgniter4\CodeIgniter4\system\View\View.php(230): include('C:\\xampp\\htdocs...')
#2 C:\xampp\htdocs\CodeIgniter4\CodeIgniter4\system\View\View.php(232): CodeIgniter\View\View->CodeIgniter\View\{closure}()
#3 C:\xampp\htdocs\CodeIgniter4\CodeIgniter4\system\Common.php(1271): CodeIgniter\View\View->render('payment', Array, true)
#4 C:\xampp\htdocs\CodeIgniter4\CodeIgniter4\app\Controllers\Cloth.php(448): view('payment')
#5 C:\xampp\htdocs\CodeIgniter4\CodeIgniter4\system\CodeIgniter.php(928): App\Controllers\Cloth->Payment()
#6 C:\xampp\htdocs\CodeIgniter4\CodeIgniter4\system\CodeIgniter.php(436): CodeIgniter\CodeIgniter->runController(Object(App\Controllers\Cloth))
#7 C:\xampp\htdocs\CodeIgniter4\CodeIgniter4\system\CodeIgniter.php(336): CodeIgniter\CodeIgniter->handleRequest(NULL, Object(Config\Cache), false)
#8 C:\xampp\htdocs\CodeIgniter4\CodeIgniter4\public\index.php(37): CodeIgniter\CodeIgniter->run()
#9 C:\xampp\htdocs\CodeIgniter4\CodeIgniter4\system\Commands\Server\rewrite.php(45): require_once('C:\\xampp\\htdocs...')
#10 {main}
CRITICAL - 2021-12-15 06:04:49 --> Array to string conversion
#0 C:\xampp\htdocs\CodeIgniter4\CodeIgniter4\app\Views\payment.php(81): CodeIgniter\Debug\Exceptions->errorHandler(2, 'Array to string...', 'C:\\xampp\\htdocs...', 81)
#1 C:\xampp\htdocs\CodeIgniter4\CodeIgniter4\system\View\View.php(230): include('C:\\xampp\\htdocs...')
#2 C:\xampp\htdocs\CodeIgniter4\CodeIgniter4\system\View\View.php(232): CodeIgniter\View\View->CodeIgniter\View\{closure}()
#3 C:\xampp\htdocs\CodeIgniter4\CodeIgniter4\system\Common.php(1271): CodeIgniter\View\View->render('payment', Array, true)
#4 C:\xampp\htdocs\CodeIgniter4\CodeIgniter4\app\Controllers\Cloth.php(448): view('payment')
#5 C:\xampp\htdocs\CodeIgniter4\CodeIgniter4\system\CodeIgniter.php(928): App\Controllers\Cloth->Payment()
#6 C:\xampp\htdocs\CodeIgniter4\CodeIgniter4\system\CodeIgniter.php(436): CodeIgniter\CodeIgniter->runController(Object(App\Controllers\Cloth))
#7 C:\xampp\htdocs\CodeIgniter4\CodeIgniter4\system\CodeIgniter.php(336): CodeIgniter\CodeIgniter->handleRequest(NULL, Object(Config\Cache), false)
#8 C:\xampp\htdocs\CodeIgniter4\CodeIgniter4\public\index.php(37): CodeIgniter\CodeIgniter->run()
#9 C:\xampp\htdocs\CodeIgniter4\CodeIgniter4\system\Commands\Server\rewrite.php(45): require_once('C:\\xampp\\htdocs...')
#10 {main}
CRITICAL - 2021-12-15 06:04:49 --> Array to string conversion
#0 C:\xampp\htdocs\CodeIgniter4\CodeIgniter4\app\Views\payment.php(81): CodeIgniter\Debug\Exceptions->errorHandler(2, 'Array to string...', 'C:\\xampp\\htdocs...', 81)
#1 C:\xampp\htdocs\CodeIgniter4\CodeIgniter4\system\View\View.php(230): include('C:\\xampp\\htdocs...')
#2 C:\xampp\htdocs\CodeIgniter4\CodeIgniter4\system\View\View.php(232): CodeIgniter\View\View->CodeIgniter\View\{closure}()
#3 C:\xampp\htdocs\CodeIgniter4\CodeIgniter4\system\Common.php(1271): CodeIgniter\View\View->render('payment', Array, true)
#4 C:\xampp\htdocs\CodeIgniter4\CodeIgniter4\app\Controllers\Cloth.php(448): view('payment')
#5 C:\xampp\htdocs\CodeIgniter4\CodeIgniter4\system\CodeIgniter.php(928): App\Controllers\Cloth->Payment()
#6 C:\xampp\htdocs\CodeIgniter4\CodeIgniter4\system\CodeIgniter.php(436): CodeIgniter\CodeIgniter->runController(Object(App\Controllers\Cloth))
#7 C:\xampp\htdocs\CodeIgniter4\CodeIgniter4\system\CodeIgniter.php(336): CodeIgniter\CodeIgniter->handleRequest(NULL, Object(Config\Cache), false)
#8 C:\xampp\htdocs\CodeIgniter4\CodeIgniter4\public\index.php(37): CodeIgniter\CodeIgniter->run()
#9 C:\xampp\htdocs\CodeIgniter4\CodeIgniter4\system\Commands\Server\rewrite.php(45): require_once('C:\\xampp\\htdocs...')
#10 {main}
CRITICAL - 2021-12-15 06:04:49 --> Array to string conversion
#0 C:\xampp\htdocs\CodeIgniter4\CodeIgniter4\app\Views\payment.php(81): CodeIgniter\Debug\Exceptions->errorHandler(2, 'Array to string...', 'C:\\xampp\\htdocs...', 81)
#1 C:\xampp\htdocs\CodeIgniter4\CodeIgniter4\system\View\View.php(230): include('C:\\xampp\\htdocs...')
#2 C:\xampp\htdocs\CodeIgniter4\CodeIgniter4\system\View\View.php(232): CodeIgniter\View\View->CodeIgniter\View\{closure}()
#3 C:\xampp\htdocs\CodeIgniter4\CodeIgniter4\system\Common.php(1271): CodeIgniter\View\View->render('payment', Array, true)
#4 C:\xampp\htdocs\CodeIgniter4\CodeIgniter4\app\Controllers\Cloth.php(448): view('payment')
#5 C:\xampp\htdocs\CodeIgniter4\CodeIgniter4\system\CodeIgniter.php(928): App\Controllers\Cloth->Payment()
#6 C:\xampp\htdocs\CodeIgniter4\CodeIgniter4\system\CodeIgniter.php(436): CodeIgniter\CodeIgniter->runController(Object(App\Controllers\Cloth))
#7 C:\xampp\htdocs\CodeIgniter4\CodeIgniter4\system\CodeIgniter.php(336): CodeIgniter\CodeIgniter->handleRequest(NULL, Object(Config\Cache), false)
#8 C:\xampp\htdocs\CodeIgniter4\CodeIgniter4\public\index.php(37): CodeIgniter\CodeIgniter->run()
#9 C:\xampp\htdocs\CodeIgniter4\CodeIgniter4\system\Commands\Server\rewrite.php(45): require_once('C:\\xampp\\htdocs...')
#10 {main}
CRITICAL - 2021-12-15 06:04:50 --> Array to string conversion
#0 C:\xampp\htdocs\CodeIgniter4\CodeIgniter4\app\Views\payment.php(81): CodeIgniter\Debug\Exceptions->errorHandler(2, 'Array to string...', 'C:\\xampp\\htdocs...', 81)
#1 C:\xampp\htdocs\CodeIgniter4\CodeIgniter4\system\View\View.php(230): include('C:\\xampp\\htdocs...')
#2 C:\xampp\htdocs\CodeIgniter4\CodeIgniter4\system\View\View.php(232): CodeIgniter\View\View->CodeIgniter\View\{closure}()
#3 C:\xampp\htdocs\CodeIgniter4\CodeIgniter4\system\Common.php(1271): CodeIgniter\View\View->render('payment', Array, true)
#4 C:\xampp\htdocs\CodeIgniter4\CodeIgniter4\app\Controllers\Cloth.php(448): view('payment')
#5 C:\xampp\htdocs\CodeIgniter4\CodeIgniter4\system\CodeIgniter.php(928): App\Controllers\Cloth->Payment()
#6 C:\xampp\htdocs\CodeIgniter4\CodeIgniter4\system\CodeIgniter.php(436): CodeIgniter\CodeIgniter->runController(Object(App\Controllers\Cloth))
#7 C:\xampp\htdocs\CodeIgniter4\CodeIgniter4\system\CodeIgniter.php(336): CodeIgniter\CodeIgniter->handleRequest(NULL, Object(Config\Cache), false)
#8 C:\xampp\htdocs\CodeIgniter4\CodeIgniter4\public\index.php(37): CodeIgniter\CodeIgniter->run()
#9 C:\xampp\htdocs\CodeIgniter4\CodeIgniter4\system\Commands\Server\rewrite.php(45): require_once('C:\\xampp\\htdocs...')
#10 {main}
CRITICAL - 2021-12-15 06:04:51 --> Array to string conversion
#0 C:\xampp\htdocs\CodeIgniter4\CodeIgniter4\app\Views\payment.php(81): CodeIgniter\Debug\Exceptions->errorHandler(2, 'Array to string...', 'C:\\xampp\\htdocs...', 81)
#1 C:\xampp\htdocs\CodeIgniter4\CodeIgniter4\system\View\View.php(230): include('C:\\xampp\\htdocs...')
#2 C:\xampp\htdocs\CodeIgniter4\CodeIgniter4\system\View\View.php(232): CodeIgniter\View\View->CodeIgniter\View\{closure}()
#3 C:\xampp\htdocs\CodeIgniter4\CodeIgniter4\system\Common.php(1271): CodeIgniter\View\View->render('payment', Array, true)
#4 C:\xampp\htdocs\CodeIgniter4\CodeIgniter4\app\Controllers\Cloth.php(448): view('payment')
#5 C:\xampp\htdocs\CodeIgniter4\CodeIgniter4\system\CodeIgniter.php(928): App\Controllers\Cloth->Payment()
#6 C:\xampp\htdocs\CodeIgniter4\CodeIgniter4\system\CodeIgniter.php(436): CodeIgniter\CodeIgniter->runController(Object(App\Controllers\Cloth))
#7 C:\xampp\htdocs\CodeIgniter4\CodeIgniter4\system\CodeIgniter.php(336): CodeIgniter\CodeIgniter->handleRequest(NULL, Object(Config\Cache), false)
#8 C:\xampp\htdocs\CodeIgniter4\CodeIgniter4\public\index.php(37): CodeIgniter\CodeIgniter->run()
#9 C:\xampp\htdocs\CodeIgniter4\CodeIgniter4\system\Commands\Server\rewrite.php(45): require_once('C:\\xampp\\htdocs...')
#10 {main}
CRITICAL - 2021-12-15 06:04:51 --> Array to string conversion
#0 C:\xampp\htdocs\CodeIgniter4\CodeIgniter4\app\Views\payment.php(81): CodeIgniter\Debug\Exceptions->errorHandler(2, 'Array to string...', 'C:\\xampp\\htdocs...', 81)
#1 C:\xampp\htdocs\CodeIgniter4\CodeIgniter4\system\View\View.php(230): include('C:\\xampp\\htdocs...')
#2 C:\xampp\htdocs\CodeIgniter4\CodeIgniter4\system\View\View.php(232): CodeIgniter\View\View->CodeIgniter\View\{closure}()
#3 C:\xampp\htdocs\CodeIgniter4\CodeIgniter4\system\Common.php(1271): CodeIgniter\View\View->render('payment', Array, true)
#4 C:\xampp\htdocs\CodeIgniter4\CodeIgniter4\app\Controllers\Cloth.php(448): view('payment')
#5 C:\xampp\htdocs\CodeIgniter4\CodeIgniter4\system\CodeIgniter.php(928): App\Controllers\Cloth->Payment()
#6 C:\xampp\htdocs\CodeIgniter4\CodeIgniter4\system\CodeIgniter.php(436): CodeIgniter\CodeIgniter->runController(Object(App\Controllers\Cloth))
#7 C:\xampp\htdocs\CodeIgniter4\CodeIgniter4\system\CodeIgniter.php(336): CodeIgniter\CodeIgniter->handleRequest(NULL, Object(Config\Cache), false)
#8 C:\xampp\htdocs\CodeIgniter4\CodeIgniter4\public\index.php(37): CodeIgniter\CodeIgniter->run()
#9 C:\xampp\htdocs\CodeIgniter4\CodeIgniter4\system\Commands\Server\rewrite.php(45): require_once('C:\\xampp\\htdocs...')
#10 {main}
CRITICAL - 2021-12-15 06:04:51 --> Array to string conversion
#0 C:\xampp\htdocs\CodeIgniter4\CodeIgniter4\app\Views\payment.php(81): CodeIgniter\Debug\Exceptions->errorHandler(2, 'Array to string...', 'C:\\xampp\\htdocs...', 81)
#1 C:\xampp\htdocs\CodeIgniter4\CodeIgniter4\system\View\View.php(230): include('C:\\xampp\\htdocs...')
#2 C:\xampp\htdocs\CodeIgniter4\CodeIgniter4\system\View\View.php(232): CodeIgniter\View\View->CodeIgniter\View\{closure}()
#3 C:\xampp\htdocs\CodeIgniter4\CodeIgniter4\system\Common.php(1271): CodeIgniter\View\View->render('payment', Array, true)
#4 C:\xampp\htdocs\CodeIgniter4\CodeIgniter4\app\Controllers\Cloth.php(448): view('payment')
#5 C:\xampp\htdocs\CodeIgniter4\CodeIgniter4\system\CodeIgniter.php(928): App\Controllers\Cloth->Payment()
#6 C:\xampp\htdocs\CodeIgniter4\CodeIgniter4\system\CodeIgniter.php(436): CodeIgniter\CodeIgniter->runController(Object(App\Controllers\Cloth))
#7 C:\xampp\htdocs\CodeIgniter4\CodeIgniter4\system\CodeIgniter.php(336): CodeIgniter\CodeIgniter->handleRequest(NULL, Object(Config\Cache), false)
#8 C:\xampp\htdocs\CodeIgniter4\CodeIgniter4\public\index.php(37): CodeIgniter\CodeIgniter->run()
#9 C:\xampp\htdocs\CodeIgniter4\CodeIgniter4\system\Commands\Server\rewrite.php(45): require_once('C:\\xampp\\htdocs...')
#10 {main}
CRITICAL - 2021-12-15 06:04:51 --> Array to string conversion
#0 C:\xampp\htdocs\CodeIgniter4\CodeIgniter4\app\Views\payment.php(81): CodeIgniter\Debug\Exceptions->errorHandler(2, 'Array to string...', 'C:\\xampp\\htdocs...', 81)
#1 C:\xampp\htdocs\CodeIgniter4\CodeIgniter4\system\View\View.php(230): include('C:\\xampp\\htdocs...')
#2 C:\xampp\htdocs\CodeIgniter4\CodeIgniter4\system\View\View.php(232): CodeIgniter\View\View->CodeIgniter\View\{closure}()
#3 C:\xampp\htdocs\CodeIgniter4\CodeIgniter4\system\Common.php(1271): CodeIgniter\View\View->render('payment', Array, true)
#4 C:\xampp\htdocs\CodeIgniter4\CodeIgniter4\app\Controllers\Cloth.php(448): view('payment')
#5 C:\xampp\htdocs\CodeIgniter4\CodeIgniter4\system\CodeIgniter.php(928): App\Controllers\Cloth->Payment()
#6 C:\xampp\htdocs\CodeIgniter4\CodeIgniter4\system\CodeIgniter.php(436): CodeIgniter\CodeIgniter->runController(Object(App\Controllers\Cloth))
#7 C:\xampp\htdocs\CodeIgniter4\CodeIgniter4\system\CodeIgniter.php(336): CodeIgniter\CodeIgniter->handleRequest(NULL, Object(Config\Cache), false)
#8 C:\xampp\htdocs\CodeIgniter4\CodeIgniter4\public\index.php(37): CodeIgniter\CodeIgniter->run()
#9 C:\xampp\htdocs\CodeIgniter4\CodeIgniter4\system\Commands\Server\rewrite.php(45): require_once('C:\\xampp\\htdocs...')
#10 {main}
CRITICAL - 2021-12-15 06:05:15 --> Array to string conversion
#0 C:\xampp\htdocs\CodeIgniter4\CodeIgniter4\app\Views\payment.php(81): CodeIgniter\Debug\Exceptions->errorHandler(2, 'Array to string...', 'C:\\xampp\\htdocs...', 81)
#1 C:\xampp\htdocs\CodeIgniter4\CodeIgniter4\system\View\View.php(230): include('C:\\xampp\\htdocs...')
#2 C:\xampp\htdocs\CodeIgniter4\CodeIgniter4\system\View\View.php(232): CodeIgniter\View\View->CodeIgniter\View\{closure}()
#3 C:\xampp\htdocs\CodeIgniter4\CodeIgniter4\system\Common.php(1271): CodeIgniter\View\View->render('payment', Array, true)
#4 C:\xampp\htdocs\CodeIgniter4\CodeIgniter4\app\Controllers\Cloth.php(448): view('payment')
#5 C:\xampp\htdocs\CodeIgniter4\CodeIgniter4\system\CodeIgniter.php(928): App\Controllers\Cloth->Payment()
#6 C:\xampp\htdocs\CodeIgniter4\CodeIgniter4\system\CodeIgniter.php(436): CodeIgniter\CodeIgniter->runController(Object(App\Controllers\Cloth))
#7 C:\xampp\htdocs\CodeIgniter4\CodeIgniter4\system\CodeIgniter.php(336): CodeIgniter\CodeIgniter->handleRequest(NULL, Object(Config\Cache), false)
#8 C:\xampp\htdocs\CodeIgniter4\CodeIgniter4\public\index.php(37): CodeIgniter\CodeIgniter->run()
#9 C:\xampp\htdocs\CodeIgniter4\CodeIgniter4\system\Commands\Server\rewrite.php(45): require_once('C:\\xampp\\htdocs...')
#10 {main}
CRITICAL - 2021-12-15 06:05:16 --> Array to string conversion
#0 C:\xampp\htdocs\CodeIgniter4\CodeIgniter4\app\Views\payment.php(81): CodeIgniter\Debug\Exceptions->errorHandler(2, 'Array to string...', 'C:\\xampp\\htdocs...', 81)
#1 C:\xampp\htdocs\CodeIgniter4\CodeIgniter4\system\View\View.php(230): include('C:\\xampp\\htdocs...')
#2 C:\xampp\htdocs\CodeIgniter4\CodeIgniter4\system\View\View.php(232): CodeIgniter\View\View->CodeIgniter\View\{closure}()
#3 C:\xampp\htdocs\CodeIgniter4\CodeIgniter4\system\Common.php(1271): CodeIgniter\View\View->render('payment', Array, true)
#4 C:\xampp\htdocs\CodeIgniter4\CodeIgniter4\app\Controllers\Cloth.php(448): view('payment')
#5 C:\xampp\htdocs\CodeIgniter4\CodeIgniter4\system\CodeIgniter.php(928): App\Controllers\Cloth->Payment()
#6 C:\xampp\htdocs\CodeIgniter4\CodeIgniter4\system\CodeIgniter.php(436): CodeIgniter\CodeIgniter->runController(Object(App\Controllers\Cloth))
#7 C:\xampp\htdocs\CodeIgniter4\CodeIgniter4\system\CodeIgniter.php(336): CodeIgniter\CodeIgniter->handleRequest(NULL, Object(Config\Cache), false)
#8 C:\xampp\htdocs\CodeIgniter4\CodeIgniter4\public\index.php(37): CodeIgniter\CodeIgniter->run()
#9 C:\xampp\htdocs\CodeIgniter4\CodeIgniter4\system\Commands\Server\rewrite.php(45): require_once('C:\\xampp\\htdocs...')
#10 {main}
CRITICAL - 2021-12-15 06:11:48 --> Array to string conversion
#0 C:\xampp\htdocs\CodeIgniter4\CodeIgniter4\app\Views\payment.php(81): CodeIgniter\Debug\Exceptions->errorHandler(2, 'Array to string...', 'C:\\xampp\\htdocs...', 81)
#1 C:\xampp\htdocs\CodeIgniter4\CodeIgniter4\system\View\View.php(230): include('C:\\xampp\\htdocs...')
#2 C:\xampp\htdocs\CodeIgniter4\CodeIgniter4\system\View\View.php(232): CodeIgniter\View\View->CodeIgniter\View\{closure}()
#3 C:\xampp\htdocs\CodeIgniter4\CodeIgniter4\system\Common.php(1271): CodeIgniter\View\View->render('payment', Array, true)
#4 C:\xampp\htdocs\CodeIgniter4\CodeIgniter4\app\Controllers\Cloth.php(448): view('payment')
#5 C:\xampp\htdocs\CodeIgniter4\CodeIgniter4\system\CodeIgniter.php(928): App\Controllers\Cloth->Payment()
#6 C:\xampp\htdocs\CodeIgniter4\CodeIgniter4\system\CodeIgniter.php(436): CodeIgniter\CodeIgniter->runController(Object(App\Controllers\Cloth))
#7 C:\xampp\htdocs\CodeIgniter4\CodeIgniter4\system\CodeIgniter.php(336): CodeIgniter\CodeIgniter->handleRequest(NULL, Object(Config\Cache), false)
#8 C:\xampp\htdocs\CodeIgniter4\CodeIgniter4\public\index.php(37): CodeIgniter\CodeIgniter->run()
#9 C:\xampp\htdocs\CodeIgniter4\CodeIgniter4\system\Commands\Server\rewrite.php(45): require_once('C:\\xampp\\htdocs...')
#10 {main}
CRITICAL - 2021-12-15 06:12:41 --> number_format(): Argument #1 ($num) must be of type float, array given
#0 C:\xampp\htdocs\CodeIgniter4\CodeIgniter4\app\Views\payment.php(81): number_format(Array, 1)
#1 C:\xampp\htdocs\CodeIgniter4\CodeIgniter4\system\View\View.php(230): include('C:\\xampp\\htdocs...')
#2 C:\xampp\htdocs\CodeIgniter4\CodeIgniter4\system\View\View.php(232): CodeIgniter\View\View->CodeIgniter\View\{closure}()
#3 C:\xampp\htdocs\CodeIgniter4\CodeIgniter4\system\Common.php(1271): CodeIgniter\View\View->render('payment', Array, true)
#4 C:\xampp\htdocs\CodeIgniter4\CodeIgniter4\app\Controllers\Cloth.php(448): view('payment')
#5 C:\xampp\htdocs\CodeIgniter4\CodeIgniter4\system\CodeIgniter.php(928): App\Controllers\Cloth->Payment()
#6 C:\xampp\htdocs\CodeIgniter4\CodeIgniter4\system\CodeIgniter.php(436): CodeIgniter\CodeIgniter->runController(Object(App\Controllers\Cloth))
#7 C:\xampp\htdocs\CodeIgniter4\CodeIgniter4\system\CodeIgniter.php(336): CodeIgniter\CodeIgniter->handleRequest(NULL, Object(Config\Cache), false)
#8 C:\xampp\htdocs\CodeIgniter4\CodeIgniter4\public\index.php(37): CodeIgniter\CodeIgniter->run()
#9 C:\xampp\htdocs\CodeIgniter4\CodeIgniter4\system\Commands\Server\rewrite.php(45): require_once('C:\\xampp\\htdocs...')
#10 {main}
CRITICAL - 2021-12-15 06:12:42 --> number_format(): Argument #1 ($num) must be of type float, array given
#0 C:\xampp\htdocs\CodeIgniter4\CodeIgniter4\app\Views\payment.php(81): number_format(Array, 1)
#1 C:\xampp\htdocs\CodeIgniter4\CodeIgniter4\system\View\View.php(230): include('C:\\xampp\\htdocs...')
#2 C:\xampp\htdocs\CodeIgniter4\CodeIgniter4\system\View\View.php(232): CodeIgniter\View\View->CodeIgniter\View\{closure}()
#3 C:\xampp\htdocs\CodeIgniter4\CodeIgniter4\system\Common.php(1271): CodeIgniter\View\View->render('payment', Array, true)
#4 C:\xampp\htdocs\CodeIgniter4\CodeIgniter4\app\Controllers\Cloth.php(448): view('payment')
#5 C:\xampp\htdocs\CodeIgniter4\CodeIgniter4\system\CodeIgniter.php(928): App\Controllers\Cloth->Payment()
#6 C:\xampp\htdocs\CodeIgniter4\CodeIgniter4\system\CodeIgniter.php(436): CodeIgniter\CodeIgniter->runController(Object(App\Controllers\Cloth))
#7 C:\xampp\htdocs\CodeIgniter4\CodeIgniter4\system\CodeIgniter.php(336): CodeIgniter\CodeIgniter->handleRequest(NULL, Object(Config\Cache), false)
#8 C:\xampp\htdocs\CodeIgniter4\CodeIgniter4\public\index.php(37): CodeIgniter\CodeIgniter->run()
#9 C:\xampp\htdocs\CodeIgniter4\CodeIgniter4\system\Commands\Server\rewrite.php(45): require_once('C:\\xampp\\htdocs...')
#10 {main}
CRITICAL - 2021-12-15 06:13:21 --> number_format(): Argument #1 ($num) must be of type float, array given
#0 C:\xampp\htdocs\CodeIgniter4\CodeIgniter4\app\Views\payment.php(81): number_format(Array, 1)
#1 C:\xampp\htdocs\CodeIgniter4\CodeIgniter4\system\View\View.php(230): include('C:\\xampp\\htdocs...')
#2 C:\xampp\htdocs\CodeIgniter4\CodeIgniter4\system\View\View.php(232): CodeIgniter\View\View->CodeIgniter\View\{closure}()
#3 C:\xampp\htdocs\CodeIgniter4\CodeIgniter4\system\Common.php(1271): CodeIgniter\View\View->render('payment', Array, true)
#4 C:\xampp\htdocs\CodeIgniter4\CodeIgniter4\app\Controllers\Cloth.php(448): view('payment')
#5 C:\xampp\htdocs\CodeIgniter4\CodeIgniter4\system\CodeIgniter.php(928): App\Controllers\Cloth->Payment()
#6 C:\xampp\htdocs\CodeIgniter4\CodeIgniter4\system\CodeIgniter.php(436): CodeIgniter\CodeIgniter->runController(Object(App\Controllers\Cloth))
#7 C:\xampp\htdocs\CodeIgniter4\CodeIgniter4\system\CodeIgniter.php(336): CodeIgniter\CodeIgniter->handleRequest(NULL, Object(Config\Cache), false)
#8 C:\xampp\htdocs\CodeIgniter4\CodeIgniter4\public\index.php(37): CodeIgniter\CodeIgniter->run()
#9 C:\xampp\htdocs\CodeIgniter4\CodeIgniter4\system\Commands\Server\rewrite.php(45): require_once('C:\\xampp\\htdocs...')
#10 {main}
CRITICAL - 2021-12-15 06:13:22 --> number_format(): Argument #1 ($num) must be of type float, array given
#0 C:\xampp\htdocs\CodeIgniter4\CodeIgniter4\app\Views\payment.php(81): number_format(Array, 1)
#1 C:\xampp\htdocs\CodeIgniter4\CodeIgniter4\system\View\View.php(230): include('C:\\xampp\\htdocs...')
#2 C:\xampp\htdocs\CodeIgniter4\CodeIgniter4\system\View\View.php(232): CodeIgniter\View\View->CodeIgniter\View\{closure}()
#3 C:\xampp\htdocs\CodeIgniter4\CodeIgniter4\system\Common.php(1271): CodeIgniter\View\View->render('payment', Array, true)
#4 C:\xampp\htdocs\CodeIgniter4\CodeIgniter4\app\Controllers\Cloth.php(448): view('payment')
#5 C:\xampp\htdocs\CodeIgniter4\CodeIgniter4\system\CodeIgniter.php(928): App\Controllers\Cloth->Payment()
#6 C:\xampp\htdocs\CodeIgniter4\CodeIgniter4\system\CodeIgniter.php(436): CodeIgniter\CodeIgniter->runController(Object(App\Controllers\Cloth))
#7 C:\xampp\htdocs\CodeIgniter4\CodeIgniter4\system\CodeIgniter.php(336): CodeIgniter\CodeIgniter->handleRequest(NULL, Object(Config\Cache), false)
#8 C:\xampp\htdocs\CodeIgniter4\CodeIgniter4\public\index.php(37): CodeIgniter\CodeIgniter->run()
#9 C:\xampp\htdocs\CodeIgniter4\CodeIgniter4\system\Commands\Server\rewrite.php(45): require_once('C:\\xampp\\htdocs...')
#10 {main}
CRITICAL - 2021-12-15 06:19:35 --> floatval() expects exactly 1 argument, 2 given
#0 C:\xampp\htdocs\CodeIgniter4\CodeIgniter4\app\Views\payment.php(81): floatval(Array, 2)
#1 C:\xampp\htdocs\CodeIgniter4\CodeIgniter4\system\View\View.php(230): include('C:\\xampp\\htdocs...')
#2 C:\xampp\htdocs\CodeIgniter4\CodeIgniter4\system\View\View.php(232): CodeIgniter\View\View->CodeIgniter\View\{closure}()
#3 C:\xampp\htdocs\CodeIgniter4\CodeIgniter4\system\Common.php(1271): CodeIgniter\View\View->render('payment', Array, true)
#4 C:\xampp\htdocs\CodeIgniter4\CodeIgniter4\app\Controllers\Cloth.php(448): view('payment')
#5 C:\xampp\htdocs\CodeIgniter4\CodeIgniter4\system\CodeIgniter.php(928): App\Controllers\Cloth->Payment()
#6 C:\xampp\htdocs\CodeIgniter4\CodeIgniter4\system\CodeIgniter.php(436): CodeIgniter\CodeIgniter->runController(Object(App\Controllers\Cloth))
#7 C:\xampp\htdocs\CodeIgniter4\CodeIgniter4\system\CodeIgniter.php(336): CodeIgniter\CodeIgniter->handleRequest(NULL, Object(Config\Cache), false)
#8 C:\xampp\htdocs\CodeIgniter4\CodeIgniter4\public\index.php(37): CodeIgniter\CodeIgniter->run()
#9 C:\xampp\htdocs\CodeIgniter4\CodeIgniter4\system\Commands\Server\rewrite.php(45): require_once('C:\\xampp\\htdocs...')
#10 {main}
CRITICAL - 2021-12-15 06:19:47 --> floatval() expects exactly 1 argument, 2 given
#0 C:\xampp\htdocs\CodeIgniter4\CodeIgniter4\app\Views\payment.php(81): floatval(Array, 1)
#1 C:\xampp\htdocs\CodeIgniter4\CodeIgniter4\system\View\View.php(230): include('C:\\xampp\\htdocs...')
#2 C:\xampp\htdocs\CodeIgniter4\CodeIgniter4\system\View\View.php(232): CodeIgniter\View\View->CodeIgniter\View\{closure}()
#3 C:\xampp\htdocs\CodeIgniter4\CodeIgniter4\system\Common.php(1271): CodeIgniter\View\View->render('payment', Array, true)
#4 C:\xampp\htdocs\CodeIgniter4\CodeIgniter4\app\Controllers\Cloth.php(448): view('payment')
#5 C:\xampp\htdocs\CodeIgniter4\CodeIgniter4\system\CodeIgniter.php(928): App\Controllers\Cloth->Payment()
#6 C:\xampp\htdocs\CodeIgniter4\CodeIgniter4\system\CodeIgniter.php(436): CodeIgniter\CodeIgniter->runController(Object(App\Controllers\Cloth))
#7 C:\xampp\htdocs\CodeIgniter4\CodeIgniter4\system\CodeIgniter.php(336): CodeIgniter\CodeIgniter->handleRequest(NULL, Object(Config\Cache), false)
#8 C:\xampp\htdocs\CodeIgniter4\CodeIgniter4\public\index.php(37): CodeIgniter\CodeIgniter->run()
#9 C:\xampp\htdocs\CodeIgniter4\CodeIgniter4\system\Commands\Server\rewrite.php(45): require_once('C:\\xampp\\htdocs...')
#10 {main}
CRITICAL - 2021-12-15 06:19:50 --> floatval() expects exactly 1 argument, 2 given
#0 C:\xampp\htdocs\CodeIgniter4\CodeIgniter4\app\Views\payment.php(81): floatval(Array, 1)
#1 C:\xampp\htdocs\CodeIgniter4\CodeIgniter4\system\View\View.php(230): include('C:\\xampp\\htdocs...')
#2 C:\xampp\htdocs\CodeIgniter4\CodeIgniter4\system\View\View.php(232): CodeIgniter\View\View->CodeIgniter\View\{closure}()
#3 C:\xampp\htdocs\CodeIgniter4\CodeIgniter4\system\Common.php(1271): CodeIgniter\View\View->render('payment', Array, true)
#4 C:\xampp\htdocs\CodeIgniter4\CodeIgniter4\app\Controllers\Cloth.php(448): view('payment')
#5 C:\xampp\htdocs\CodeIgniter4\CodeIgniter4\system\CodeIgniter.php(928): App\Controllers\Cloth->Payment()
#6 C:\xampp\htdocs\CodeIgniter4\CodeIgniter4\system\CodeIgniter.php(436): CodeIgniter\CodeIgniter->runController(Object(App\Controllers\Cloth))
#7 C:\xampp\htdocs\CodeIgniter4\CodeIgniter4\system\CodeIgniter.php(336): CodeIgniter\CodeIgniter->handleRequest(NULL, Object(Config\Cache), false)
#8 C:\xampp\htdocs\CodeIgniter4\CodeIgniter4\public\index.php(37): CodeIgniter\CodeIgniter->run()
#9 C:\xampp\htdocs\CodeIgniter4\CodeIgniter4\system\Commands\Server\rewrite.php(45): require_once('C:\\xampp\\htdocs...')
#10 {main}
CRITICAL - 2021-12-15 06:19:51 --> floatval() expects exactly 1 argument, 2 given
#0 C:\xampp\htdocs\CodeIgniter4\CodeIgniter4\app\Views\payment.php(81): floatval(Array, 1)
#1 C:\xampp\htdocs\CodeIgniter4\CodeIgniter4\system\View\View.php(230): include('C:\\xampp\\htdocs...')
#2 C:\xampp\htdocs\CodeIgniter4\CodeIgniter4\system\View\View.php(232): CodeIgniter\View\View->CodeIgniter\View\{closure}()
#3 C:\xampp\htdocs\CodeIgniter4\CodeIgniter4\system\Common.php(1271): CodeIgniter\View\View->render('payment', Array, true)
#4 C:\xampp\htdocs\CodeIgniter4\CodeIgniter4\app\Controllers\Cloth.php(448): view('payment')
#5 C:\xampp\htdocs\CodeIgniter4\CodeIgniter4\system\CodeIgniter.php(928): App\Controllers\Cloth->Payment()
#6 C:\xampp\htdocs\CodeIgniter4\CodeIgniter4\system\CodeIgniter.php(436): CodeIgniter\CodeIgniter->runController(Object(App\Controllers\Cloth))
#7 C:\xampp\htdocs\CodeIgniter4\CodeIgniter4\system\CodeIgniter.php(336): CodeIgniter\CodeIgniter->handleRequest(NULL, Object(Config\Cache), false)
#8 C:\xampp\htdocs\CodeIgniter4\CodeIgniter4\public\index.php(37): CodeIgniter\CodeIgniter->run()
#9 C:\xampp\htdocs\CodeIgniter4\CodeIgniter4\system\Commands\Server\rewrite.php(45): require_once('C:\\xampp\\htdocs...')
#10 {main}
CRITICAL - 2021-12-15 06:19:59 --> Array to string conversion
#0 C:\xampp\htdocs\CodeIgniter4\CodeIgniter4\app\Views\payment.php(141): CodeIgniter\Debug\Exceptions->errorHandler(2, 'Array to string...', 'C:\\xampp\\htdocs...', 141)
#1 C:\xampp\htdocs\CodeIgniter4\CodeIgniter4\system\View\View.php(230): include('C:\\xampp\\htdocs...')
#2 C:\xampp\htdocs\CodeIgniter4\CodeIgniter4\system\View\View.php(232): CodeIgniter\View\View->CodeIgniter\View\{closure}()
#3 C:\xampp\htdocs\CodeIgniter4\CodeIgniter4\system\Common.php(1271): CodeIgniter\View\View->render('payment', Array, true)
#4 C:\xampp\htdocs\CodeIgniter4\CodeIgniter4\app\Controllers\Cloth.php(448): view('payment')
#5 C:\xampp\htdocs\CodeIgniter4\CodeIgniter4\system\CodeIgniter.php(928): App\Controllers\Cloth->Payment()
#6 C:\xampp\htdocs\CodeIgniter4\CodeIgniter4\system\CodeIgniter.php(436): CodeIgniter\CodeIgniter->runController(Object(App\Controllers\Cloth))
#7 C:\xampp\htdocs\CodeIgniter4\CodeIgniter4\system\CodeIgniter.php(336): CodeIgniter\CodeIgniter->handleRequest(NULL, Object(Config\Cache), false)
#8 C:\xampp\htdocs\CodeIgniter4\CodeIgniter4\public\index.php(37): CodeIgniter\CodeIgniter->run()
#9 C:\xampp\htdocs\CodeIgniter4\CodeIgniter4\system\Commands\Server\rewrite.php(45): require_once('C:\\xampp\\htdocs...')
#10 {main}
CRITICAL - 2021-12-15 06:43:54 --> Undefined variable $row
#0 C:\xampp\htdocs\CodeIgniter4\CodeIgniter4\app\Views\payment.php(58): CodeIgniter\Debug\Exceptions->errorHandler(2, 'Undefined varia...', 'C:\\xampp\\htdocs...', 58)
#1 C:\xampp\htdocs\CodeIgniter4\CodeIgniter4\system\View\View.php(230): include('C:\\xampp\\htdocs...')
#2 C:\xampp\htdocs\CodeIgniter4\CodeIgniter4\system\View\View.php(232): CodeIgniter\View\View->CodeIgniter\View\{closure}()
#3 C:\xampp\htdocs\CodeIgniter4\CodeIgniter4\system\Common.php(1271): CodeIgniter\View\View->render('payment', Array, true)
#4 C:\xampp\htdocs\CodeIgniter4\CodeIgniter4\app\Controllers\Cloth.php(448): view('payment')
#5 C:\xampp\htdocs\CodeIgniter4\CodeIgniter4\system\CodeIgniter.php(928): App\Controllers\Cloth->Payment()
#6 C:\xampp\htdocs\CodeIgniter4\CodeIgniter4\system\CodeIgniter.php(436): CodeIgniter\CodeIgniter->runController(Object(App\Controllers\Cloth))
#7 C:\xampp\htdocs\CodeIgniter4\CodeIgniter4\system\CodeIgniter.php(336): CodeIgniter\CodeIgniter->handleRequest(NULL, Object(Config\Cache), false)
#8 C:\xampp\htdocs\CodeIgniter4\CodeIgniter4\public\index.php(37): CodeIgniter\CodeIgniter->run()
#9 C:\xampp\htdocs\CodeIgniter4\CodeIgniter4\system\Commands\Server\rewrite.php(45): require_once('C:\\xampp\\htdocs...')
#10 {main}
CRITICAL - 2021-12-15 09:34:45 --> Encrypter needs a starter key.
#0 C:\xampp\htdocs\CodeIgniter4\CodeIgniter4\system\Encryption\Encryption.php(143): CodeIgniter\Encryption\Exceptions\EncryptionException::forNeedsStarterKey()
#1 C:\xampp\htdocs\CodeIgniter4\CodeIgniter4\system\Config\Services.php(247): CodeIgniter\Encryption\Encryption->initialize(Object(Config\Encryption))
#2 C:\xampp\htdocs\CodeIgniter4\CodeIgniter4\system\Config\BaseService.php(263): CodeIgniter\Config\Services::encrypter()
#3 C:\xampp\htdocs\CodeIgniter4\CodeIgniter4\app\Controllers\Cloth.php(499): CodeIgniter\Config\BaseService::__callStatic('encrypter', Array)
#4 C:\xampp\htdocs\CodeIgniter4\CodeIgniter4\system\CodeIgniter.php(928): App\Controllers\Cloth->Encryption()
#5 C:\xampp\htdocs\CodeIgniter4\CodeIgniter4\system\CodeIgniter.php(436): CodeIgniter\CodeIgniter->runController(Object(App\Controllers\Cloth))
#6 C:\xampp\htdocs\CodeIgniter4\CodeIgniter4\system\CodeIgniter.php(336): CodeIgniter\CodeIgniter->handleRequest(NULL, Object(Config\Cache), false)
#7 C:\xampp\htdocs\CodeIgniter4\CodeIgniter4\public\index.php(37): CodeIgniter\CodeIgniter->run()
#8 C:\xampp\htdocs\CodeIgniter4\CodeIgniter4\system\Commands\Server\rewrite.php(45): require_once('C:\\xampp\\htdocs...')
#9 {main}
CRITICAL - 2021-12-15 09:36:21 --> Encrypter needs a starter key.
#0 C:\xampp\htdocs\CodeIgniter4\CodeIgniter4\system\Encryption\Encryption.php(143): CodeIgniter\Encryption\Exceptions\EncryptionException::forNeedsStarterKey()
#1 C:\xampp\htdocs\CodeIgniter4\CodeIgniter4\system\Config\Services.php(247): CodeIgniter\Encryption\Encryption->initialize(Object(Config\Encryption))
#2 C:\xampp\htdocs\CodeIgniter4\CodeIgniter4\system\Config\BaseService.php(263): CodeIgniter\Config\Services::encrypter()
#3 C:\xampp\htdocs\CodeIgniter4\CodeIgniter4\app\Controllers\Cloth.php(499): CodeIgniter\Config\BaseService::__callStatic('encrypter', Array)
#4 C:\xampp\htdocs\CodeIgniter4\CodeIgniter4\system\CodeIgniter.php(928): App\Controllers\Cloth->Encryption()
#5 C:\xampp\htdocs\CodeIgniter4\CodeIgniter4\system\CodeIgniter.php(436): CodeIgniter\CodeIgniter->runController(Object(App\Controllers\Cloth))
#6 C:\xampp\htdocs\CodeIgniter4\CodeIgniter4\system\CodeIgniter.php(336): CodeIgniter\CodeIgniter->handleRequest(NULL, Object(Config\Cache), false)
#7 C:\xampp\htdocs\CodeIgniter4\CodeIgniter4\public\index.php(37): CodeIgniter\CodeIgniter->run()
#8 C:\xampp\htdocs\CodeIgniter4\CodeIgniter4\system\Commands\Server\rewrite.php(45): require_once('C:\\xampp\\htdocs...')
#9 {main}
CRITICAL - 2021-12-15 09:36:48 --> Undefined variable $encrypter
#0 C:\xampp\htdocs\CodeIgniter4\CodeIgniter4\app\Controllers\Cloth.php(501): CodeIgniter\Debug\Exceptions->errorHandler(2, 'Undefined varia...', 'C:\\xampp\\htdocs...', 501)
#1 C:\xampp\htdocs\CodeIgniter4\CodeIgniter4\system\CodeIgniter.php(928): App\Controllers\Cloth->Encryption()
#2 C:\xampp\htdocs\CodeIgniter4\CodeIgniter4\system\CodeIgniter.php(436): CodeIgniter\CodeIgniter->runController(Object(App\Controllers\Cloth))
#3 C:\xampp\htdocs\CodeIgniter4\CodeIgniter4\system\CodeIgniter.php(336): CodeIgniter\CodeIgniter->handleRequest(NULL, Object(Config\Cache), false)
#4 C:\xampp\htdocs\CodeIgniter4\CodeIgniter4\public\index.php(37): CodeIgniter\CodeIgniter->run()
#5 C:\xampp\htdocs\CodeIgniter4\CodeIgniter4\system\Commands\Server\rewrite.php(45): require_once('C:\\xampp\\htdocs...')
#6 {main}
CRITICAL - 2021-12-15 09:37:08 --> Encrypter needs a starter key.
#0 C:\xampp\htdocs\CodeIgniter4\CodeIgniter4\system\Encryption\Encryption.php(143): CodeIgniter\Encryption\Exceptions\EncryptionException::forNeedsStarterKey()
#1 C:\xampp\htdocs\CodeIgniter4\CodeIgniter4\system\Config\Services.php(247): CodeIgniter\Encryption\Encryption->initialize(Object(Config\Encryption))
#2 C:\xampp\htdocs\CodeIgniter4\CodeIgniter4\system\Config\BaseService.php(263): CodeIgniter\Config\Services::encrypter()
#3 C:\xampp\htdocs\CodeIgniter4\CodeIgniter4\app\Controllers\Cloth.php(501): CodeIgniter\Config\BaseService::__callStatic('encrypter', Array)
#4 C:\xampp\htdocs\CodeIgniter4\CodeIgniter4\system\CodeIgniter.php(928): App\Controllers\Cloth->Encryption()
#5 C:\xampp\htdocs\CodeIgniter4\CodeIgniter4\system\CodeIgniter.php(436): CodeIgniter\CodeIgniter->runController(Object(App\Controllers\Cloth))
#6 C:\xampp\htdocs\CodeIgniter4\CodeIgniter4\system\CodeIgniter.php(336): CodeIgniter\CodeIgniter->handleRequest(NULL, Object(Config\Cache), false)
#7 C:\xampp\htdocs\CodeIgniter4\CodeIgniter4\public\index.php(37): CodeIgniter\CodeIgniter->run()
#8 C:\xampp\htdocs\CodeIgniter4\CodeIgniter4\system\Commands\Server\rewrite.php(45): require_once('C:\\xampp\\htdocs...')
#9 {main}
CRITICAL - 2021-12-15 09:37:51 --> Call to undefined function App\Controllers\sodium_crypto_secretbox_keygen()
#0 C:\xampp\htdocs\CodeIgniter4\CodeIgniter4\system\CodeIgniter.php(928): App\Controllers\Cloth->Encryption()
#1 C:\xampp\htdocs\CodeIgniter4\CodeIgniter4\system\CodeIgniter.php(436): CodeIgniter\CodeIgniter->runController(Object(App\Controllers\Cloth))
#2 C:\xampp\htdocs\CodeIgniter4\CodeIgniter4\system\CodeIgniter.php(336): CodeIgniter\CodeIgniter->handleRequest(NULL, Object(Config\Cache), false)
#3 C:\xampp\htdocs\CodeIgniter4\CodeIgniter4\public\index.php(37): CodeIgniter\CodeIgniter->run()
#4 C:\xampp\htdocs\CodeIgniter4\CodeIgniter4\system\Commands\Server\rewrite.php(45): require_once('C:\\xampp\\htdocs...')
#5 {main}
CRITICAL - 2021-12-15 09:40:52 --> Call to undefined function App\Controllers\sodium_crypto_secretbox_keygen()
#0 C:\xampp\htdocs\CodeIgniter4\CodeIgniter4\system\CodeIgniter.php(928): App\Controllers\Cloth->Encryption()
#1 C:\xampp\htdocs\CodeIgniter4\CodeIgniter4\system\CodeIgniter.php(436): CodeIgniter\CodeIgniter->runController(Object(App\Controllers\Cloth))
#2 C:\xampp\htdocs\CodeIgniter4\CodeIgniter4\system\CodeIgniter.php(336): CodeIgniter\CodeIgniter->handleRequest(NULL, Object(Config\Cache), false)
#3 C:\xampp\htdocs\CodeIgniter4\CodeIgniter4\public\index.php(37): CodeIgniter\CodeIgniter->run()
#4 C:\xampp\htdocs\CodeIgniter4\CodeIgniter4\system\Commands\Server\rewrite.php(45): require_once('C:\\xampp\\htdocs...')
#5 {main}
CRITICAL - 2021-12-15 09:41:33 --> Undefined constant "App\Controllers\SODIUM_CRYPTO_SECRETBOX_KEYBYTES"
#0 C:\xampp\htdocs\CodeIgniter4\CodeIgniter4\system\CodeIgniter.php(928): App\Controllers\Cloth->Encryption()
#1 C:\xampp\htdocs\CodeIgniter4\CodeIgniter4\system\CodeIgniter.php(436): CodeIgniter\CodeIgniter->runController(Object(App\Controllers\Cloth))
#2 C:\xampp\htdocs\CodeIgniter4\CodeIgniter4\system\CodeIgniter.php(336): CodeIgniter\CodeIgniter->handleRequest(NULL, Object(Config\Cache), false)
#3 C:\xampp\htdocs\CodeIgniter4\CodeIgniter4\public\index.php(37): CodeIgniter\CodeIgniter->run()
#4 C:\xampp\htdocs\CodeIgniter4\CodeIgniter4\system\Commands\Server\rewrite.php(45): require_once('C:\\xampp\\htdocs...')
#5 {main}
CRITICAL - 2021-12-15 09:41:45 --> Encrypter needs a starter key.
#0 C:\xampp\htdocs\CodeIgniter4\CodeIgniter4\system\Encryption\Encryption.php(143): CodeIgniter\Encryption\Exceptions\EncryptionException::forNeedsStarterKey()
#1 C:\xampp\htdocs\CodeIgniter4\CodeIgniter4\system\Config\Services.php(247): CodeIgniter\Encryption\Encryption->initialize(Object(Config\Encryption))
#2 C:\xampp\htdocs\CodeIgniter4\CodeIgniter4\system\Config\BaseService.php(263): CodeIgniter\Config\Services::encrypter()
#3 C:\xampp\htdocs\CodeIgniter4\CodeIgniter4\app\Controllers\Cloth.php(503): CodeIgniter\Config\BaseService::__callStatic('encrypter', Array)
#4 C:\xampp\htdocs\CodeIgniter4\CodeIgniter4\system\CodeIgniter.php(928): App\Controllers\Cloth->Encryption()
#5 C:\xampp\htdocs\CodeIgniter4\CodeIgniter4\system\CodeIgniter.php(436): CodeIgniter\CodeIgniter->runController(Object(App\Controllers\Cloth))
#6 C:\xampp\htdocs\CodeIgniter4\CodeIgniter4\system\CodeIgniter.php(336): CodeIgniter\CodeIgniter->handleRequest(NULL, Object(Config\Cache), false)
#7 C:\xampp\htdocs\CodeIgniter4\CodeIgniter4\public\index.php(37): CodeIgniter\CodeIgniter->run()
#8 C:\xampp\htdocs\CodeIgniter4\CodeIgniter4\system\Commands\Server\rewrite.php(45): require_once('C:\\xampp\\htdocs...')
#9 {main}
CRITICAL - 2021-12-15 09:46:47 --> Undefined variable $key
#0 C:\xampp\htdocs\CodeIgniter4\CodeIgniter4\app\Controllers\Cloth.php(503): CodeIgniter\Debug\Exceptions->errorHandler(2, 'Undefined varia...', 'C:\\xampp\\htdocs...', 503)
#1 C:\xampp\htdocs\CodeIgniter4\CodeIgniter4\system\CodeIgniter.php(928): App\Controllers\Cloth->Encryption()
#2 C:\xampp\htdocs\CodeIgniter4\CodeIgniter4\system\CodeIgniter.php(436): CodeIgniter\CodeIgniter->runController(Object(App\Controllers\Cloth))
#3 C:\xampp\htdocs\CodeIgniter4\CodeIgniter4\system\CodeIgniter.php(336): CodeIgniter\CodeIgniter->handleRequest(NULL, Object(Config\Cache), false)
#4 C:\xampp\htdocs\CodeIgniter4\CodeIgniter4\public\index.php(37): CodeIgniter\CodeIgniter->run()
#5 C:\xampp\htdocs\CodeIgniter4\CodeIgniter4\system\Commands\Server\rewrite.php(45): require_once('C:\\xampp\\htdocs...')
#6 {main}
CRITICAL - 2021-12-15 09:47:04 --> CodeIgniter\Config\Services::encrypter(): Argument #1 ($config) must be of type ?Config\Encryption, string given, called in C:\xampp\htdocs\CodeIgniter4\CodeIgniter4\system\Config\BaseService.php on line 263
#0 C:\xampp\htdocs\CodeIgniter4\CodeIgniter4\system\Config\BaseService.php(263): CodeIgniter\Config\Services::encrypter('\x1C\xC2\x17n\x8C\xA9\xE9:h\xD4i\x97R8\xB2...')
#1 C:\xampp\htdocs\CodeIgniter4\CodeIgniter4\app\Controllers\Cloth.php(503): CodeIgniter\Config\BaseService::__callStatic('encrypter', Array)
#2 C:\xampp\htdocs\CodeIgniter4\CodeIgniter4\system\CodeIgniter.php(928): App\Controllers\Cloth->Encryption()
#3 C:\xampp\htdocs\CodeIgniter4\CodeIgniter4\system\CodeIgniter.php(436): CodeIgniter\CodeIgniter->runController(Object(App\Controllers\Cloth))
#4 C:\xampp\htdocs\CodeIgniter4\CodeIgniter4\system\CodeIgniter.php(336): CodeIgniter\CodeIgniter->handleRequest(NULL, Object(Config\Cache), false)
#5 C:\xampp\htdocs\CodeIgniter4\CodeIgniter4\public\index.php(37): CodeIgniter\CodeIgniter->run()
#6 C:\xampp\htdocs\CodeIgniter4\CodeIgniter4\system\Commands\Server\rewrite.php(45): require_once('C:\\xampp\\htdocs...')
#7 {main}
CRITICAL - 2021-12-15 09:49:26 --> CodeIgniter\Config\Services::encrypter(): Argument #1 ($config) must be of type ?Config\Encryption, string given, called in C:\xampp\htdocs\CodeIgniter4\CodeIgniter4\system\Config\BaseService.php on line 263
#0 C:\xampp\htdocs\CodeIgniter4\CodeIgniter4\system\Config\BaseService.php(263): CodeIgniter\Config\Services::encrypter('\eX\x1A\xFC\xA2\xF8\xEC&,\xD8\xD3;p\xDCX...')
#1 C:\xampp\htdocs\CodeIgniter4\CodeIgniter4\app\Controllers\Cloth.php(503): CodeIgniter\Config\BaseService::__callStatic('encrypter', Array)
#2 C:\xampp\htdocs\CodeIgniter4\CodeIgniter4\system\CodeIgniter.php(928): App\Controllers\Cloth->Encryption()
#3 C:\xampp\htdocs\CodeIgniter4\CodeIgniter4\system\CodeIgniter.php(436): CodeIgniter\CodeIgniter->runController(Object(App\Controllers\Cloth))
#4 C:\xampp\htdocs\CodeIgniter4\CodeIgniter4\system\CodeIgniter.php(336): CodeIgniter\CodeIgniter->handleRequest(NULL, Object(Config\Cache), false)
#5 C:\xampp\htdocs\CodeIgniter4\CodeIgniter4\public\index.php(37): CodeIgniter\CodeIgniter->run()
#6 C:\xampp\htdocs\CodeIgniter4\CodeIgniter4\system\Commands\Server\rewrite.php(45): require_once('C:\\xampp\\htdocs...')
#7 {main}
CRITICAL - 2021-12-15 09:55:15 --> CodeIgniter\Config\Services::encrypter(): Argument #1 ($config) must be of type ?Config\Encryption, string given, called in C:\xampp\htdocs\CodeIgniter4\CodeIgniter4\system\Config\BaseService.php on line 263
#0 C:\xampp\htdocs\CodeIgniter4\CodeIgniter4\system\Config\BaseService.php(263): CodeIgniter\Config\Services::encrypter('\tfg\xF7IOw\x84\x9F\x8B$\x10\xF8\xA10...')
#1 C:\xampp\htdocs\CodeIgniter4\CodeIgniter4\app\Controllers\Cloth.php(503): CodeIgniter\Config\BaseService::__callStatic('encrypter', Array)
#2 C:\xampp\htdocs\CodeIgniter4\CodeIgniter4\system\CodeIgniter.php(928): App\Controllers\Cloth->Encryption()
#3 C:\xampp\htdocs\CodeIgniter4\CodeIgniter4\system\CodeIgniter.php(436): CodeIgniter\CodeIgniter->runController(Object(App\Controllers\Cloth))
#4 C:\xampp\htdocs\CodeIgniter4\CodeIgniter4\system\CodeIgniter.php(336): CodeIgniter\CodeIgniter->handleRequest(NULL, Object(Config\Cache), false)
#5 C:\xampp\htdocs\CodeIgniter4\CodeIgniter4\public\index.php(37): CodeIgniter\CodeIgniter->run()
#6 C:\xampp\htdocs\CodeIgniter4\CodeIgniter4\system\Commands\Server\rewrite.php(45): require_once('C:\\xampp\\htdocs...')
#7 {main}
CRITICAL - 2021-12-15 09:55:16 --> CodeIgniter\Config\Services::encrypter(): Argument #1 ($config) must be of type ?Config\Encryption, string given, called in C:\xampp\htdocs\CodeIgniter4\CodeIgniter4\system\Config\BaseService.php on line 263
#0 C:\xampp\htdocs\CodeIgniter4\CodeIgniter4\system\Config\BaseService.php(263): CodeIgniter\Config\Services::encrypter('e\xA1\xC0\x1AL\r,\xF2\x02\x15\xE4\x10N0\x83...')
#1 C:\xampp\htdocs\CodeIgniter4\CodeIgniter4\app\Controllers\Cloth.php(503): CodeIgniter\Config\BaseService::__callStatic('encrypter', Array)
#2 C:\xampp\htdocs\CodeIgniter4\CodeIgniter4\system\CodeIgniter.php(928): App\Controllers\Cloth->Encryption()
#3 C:\xampp\htdocs\CodeIgniter4\CodeIgniter4\system\CodeIgniter.php(436): CodeIgniter\CodeIgniter->runController(Object(App\Controllers\Cloth))
#4 C:\xampp\htdocs\CodeIgniter4\CodeIgniter4\system\CodeIgniter.php(336): CodeIgniter\CodeIgniter->handleRequest(NULL, Object(Config\Cache), false)
#5 C:\xampp\htdocs\CodeIgniter4\CodeIgniter4\public\index.php(37): CodeIgniter\CodeIgniter->run()
#6 C:\xampp\htdocs\CodeIgniter4\CodeIgniter4\system\Commands\Server\rewrite.php(45): require_once('C:\\xampp\\htdocs...')
#7 {main}
CRITICAL - 2021-12-15 10:51:59 --> Undefined variable $config
#0 C:\xampp\htdocs\CodeIgniter4\CodeIgniter4\app\Controllers\Cloth.php(508): CodeIgniter\Debug\Exceptions->errorHandler(2, 'Undefined varia...', 'C:\\xampp\\htdocs...', 508)
#1 C:\xampp\htdocs\CodeIgniter4\CodeIgniter4\system\CodeIgniter.php(928): App\Controllers\Cloth->Encryption()
#2 C:\xampp\htdocs\CodeIgniter4\CodeIgniter4\system\CodeIgniter.php(436): CodeIgniter\CodeIgniter->runController(Object(App\Controllers\Cloth))
#3 C:\xampp\htdocs\CodeIgniter4\CodeIgniter4\system\CodeIgniter.php(336): CodeIgniter\CodeIgniter->handleRequest(NULL, Object(Config\Cache), false)
#4 C:\xampp\htdocs\CodeIgniter4\CodeIgniter4\public\index.php(37): CodeIgniter\CodeIgniter->run()
#5 C:\xampp\htdocs\CodeIgniter4\CodeIgniter4\system\Commands\Server\rewrite.php(45): require_once('C:\\xampp\\htdocs...')
#6 {main}
CRITICAL - 2021-12-15 10:52:30 --> Encrypter needs a starter key.
#0 C:\xampp\htdocs\CodeIgniter4\CodeIgniter4\system\Encryption\Encryption.php(143): CodeIgniter\Encryption\Exceptions\EncryptionException::forNeedsStarterKey()
#1 C:\xampp\htdocs\CodeIgniter4\CodeIgniter4\system\Config\Services.php(247): CodeIgniter\Encryption\Encryption->initialize(Object(Config\Encryption))
#2 C:\xampp\htdocs\CodeIgniter4\CodeIgniter4\system\Config\BaseService.php(263): CodeIgniter\Config\Services::encrypter()
#3 C:\xampp\htdocs\CodeIgniter4\CodeIgniter4\app\Controllers\Cloth.php(508): CodeIgniter\Config\BaseService::__callStatic('encrypter', Array)
#4 C:\xampp\htdocs\CodeIgniter4\CodeIgniter4\system\CodeIgniter.php(928): App\Controllers\Cloth->Encryption()
#5 C:\xampp\htdocs\CodeIgniter4\CodeIgniter4\system\CodeIgniter.php(436): CodeIgniter\CodeIgniter->runController(Object(App\Controllers\Cloth))
#6 C:\xampp\htdocs\CodeIgniter4\CodeIgniter4\system\CodeIgniter.php(336): CodeIgniter\CodeIgniter->handleRequest(NULL, Object(Config\Cache), false)
#7 C:\xampp\htdocs\CodeIgniter4\CodeIgniter4\public\index.php(37): CodeIgniter\CodeIgniter->run()
#8 C:\xampp\htdocs\CodeIgniter4\CodeIgniter4\system\Commands\Server\rewrite.php(45): require_once('C:\\xampp\\htdocs...')
#9 {main}
CRITICAL - 2021-12-15 10:53:20 --> hex2bin(): Input string must be hexadecimal string
#0 [internal function]: CodeIgniter\Debug\Exceptions->errorHandler(2, 'hex2bin(): Inpu...', 'C:\\xampp\\htdocs...', 80)
#1 C:\xampp\htdocs\CodeIgniter4\CodeIgniter4\system\Config\BaseConfig.php(80): hex2bin('<your-hex-encod...')
#2 C:\xampp\htdocs\CodeIgniter4\CodeIgniter4\system\Config\Factories.php(120): CodeIgniter\Config\BaseConfig->__construct()
#3 C:\xampp\htdocs\CodeIgniter4\CodeIgniter4\system\Common.php(228): CodeIgniter\Config\Factories::__callStatic('config', Array)
#4 C:\xampp\htdocs\CodeIgniter4\CodeIgniter4\system\Config\Services.php(244): config('Encryption')
#5 C:\xampp\htdocs\CodeIgniter4\CodeIgniter4\system\Config\BaseService.php(263): CodeIgniter\Config\Services::encrypter()
#6 C:\xampp\htdocs\CodeIgniter4\CodeIgniter4\app\Controllers\Cloth.php(508): CodeIgniter\Config\BaseService::__callStatic('encrypter', Array)
#7 C:\xampp\htdocs\CodeIgniter4\CodeIgniter4\system\CodeIgniter.php(928): App\Controllers\Cloth->Encryption()
#8 C:\xampp\htdocs\CodeIgniter4\CodeIgniter4\system\CodeIgniter.php(436): CodeIgniter\CodeIgniter->runController(Object(App\Controllers\Cloth))
#9 C:\xampp\htdocs\CodeIgniter4\CodeIgniter4\system\CodeIgniter.php(336): CodeIgniter\CodeIgniter->handleRequest(NULL, Object(Config\Cache), false)
#10 C:\xampp\htdocs\CodeIgniter4\CodeIgniter4\public\index.php(37): CodeIgniter\CodeIgniter->run()
#11 C:\xampp\htdocs\CodeIgniter4\CodeIgniter4\system\Commands\Server\rewrite.php(45): require_once('C:\\xampp\\htdocs...')
#12 {main}
CRITICAL - 2021-12-15 10:55:27 --> hex2bin(): Hexadecimal input string must have an even length
#0 [internal function]: CodeIgniter\Debug\Exceptions->errorHandler(2, 'hex2bin(): Hexa...', 'C:\\xampp\\htdocs...', 498)
#1 C:\xampp\htdocs\CodeIgniter4\CodeIgniter4\app\Controllers\Cloth.php(498): hex2bin('My name is Mike')
#2 C:\xampp\htdocs\CodeIgniter4\CodeIgniter4\system\CodeIgniter.php(928): App\Controllers\Cloth->Encryption()
#3 C:\xampp\htdocs\CodeIgniter4\CodeIgniter4\system\CodeIgniter.php(436): CodeIgniter\CodeIgniter->runController(Object(App\Controllers\Cloth))
#4 C:\xampp\htdocs\CodeIgniter4\CodeIgniter4\system\CodeIgniter.php(336): CodeIgniter\CodeIgniter->handleRequest(NULL, Object(Config\Cache), false)
#5 C:\xampp\htdocs\CodeIgniter4\CodeIgniter4\public\index.php(37): CodeIgniter\CodeIgniter->run()
#6 C:\xampp\htdocs\CodeIgniter4\CodeIgniter4\system\Commands\Server\rewrite.php(45): require_once('C:\\xampp\\htdocs...')
#7 {main}
CRITICAL - 2021-12-15 10:56:48 --> Encrypter needs a starter key.
#0 C:\xampp\htdocs\CodeIgniter4\CodeIgniter4\system\Encryption\Encryption.php(143): CodeIgniter\Encryption\Exceptions\EncryptionException::forNeedsStarterKey()
#1 C:\xampp\htdocs\CodeIgniter4\CodeIgniter4\system\Config\Services.php(247): CodeIgniter\Encryption\Encryption->initialize(Object(Config\Encryption))
#2 C:\xampp\htdocs\CodeIgniter4\CodeIgniter4\system\Config\BaseService.php(263): CodeIgniter\Config\Services::encrypter()
#3 C:\xampp\htdocs\CodeIgniter4\CodeIgniter4\app\Controllers\Cloth.php(508): CodeIgniter\Config\BaseService::__callStatic('encrypter', Array)
#4 C:\xampp\htdocs\CodeIgniter4\CodeIgniter4\system\CodeIgniter.php(928): App\Controllers\Cloth->Encryption()
#5 C:\xampp\htdocs\CodeIgniter4\CodeIgniter4\system\CodeIgniter.php(436): CodeIgniter\CodeIgniter->runController(Object(App\Controllers\Cloth))
#6 C:\xampp\htdocs\CodeIgniter4\CodeIgniter4\system\CodeIgniter.php(336): CodeIgniter\CodeIgniter->handleRequest(NULL, Object(Config\Cache), false)
#7 C:\xampp\htdocs\CodeIgniter4\CodeIgniter4\public\index.php(37): CodeIgniter\CodeIgniter->run()
#8 C:\xampp\htdocs\CodeIgniter4\CodeIgniter4\system\Commands\Server\rewrite.php(45): require_once('C:\\xampp\\htdocs...')
#9 {main}
CRITICAL - 2021-12-15 13:02:02 --> include(cart): Failed to open stream: No such file or directory
#0 C:\xampp\htdocs\CodeIgniter4\CodeIgniter4\app\Controllers\Cloth.php(368): CodeIgniter\Debug\Exceptions->errorHandler(2, 'include(cart): ...', 'C:\\xampp\\htdocs...', 368)
#1 C:\xampp\htdocs\CodeIgniter4\CodeIgniter4\app\Controllers\Cloth.php(368): include()
#2 C:\xampp\htdocs\CodeIgniter4\CodeIgniter4\system\CodeIgniter.php(928): App\Controllers\Cloth->Cart()
#3 C:\xampp\htdocs\CodeIgniter4\CodeIgniter4\system\CodeIgniter.php(436): CodeIgniter\CodeIgniter->runController(Object(App\Controllers\Cloth))
#4 C:\xampp\htdocs\CodeIgniter4\CodeIgniter4\system\CodeIgniter.php(336): CodeIgniter\CodeIgniter->handleRequest(NULL, Object(Config\Cache), false)
#5 C:\xampp\htdocs\CodeIgniter4\CodeIgniter4\public\index.php(37): CodeIgniter\CodeIgniter->run()
#6 C:\xampp\htdocs\CodeIgniter4\CodeIgniter4\system\Commands\Server\rewrite.php(45): require_once('C:\\xampp\\htdocs...')
#7 {main}
CRITICAL - 2021-12-15 13:02:24 --> include(&lt;!-- DEBUG-VIEW START 1 APPPATH\Views\cart.php --&gt;
&lt;!DOCTYPE html&gt;
&lt;html lang=&quot;en&quot;&gt;
&lt;head&gt;
    &lt;meta charset=&quot;UTF-8&quot;&gt;
    &lt;meta http-equiv=&quot;X-UA-Compatible&quot; content=&quot;IE=edge&quot;&gt;
    &lt;meta name=&quot;viewport&quot; content=&quot;width=device-width, initial-scale=1.0&quot;&gt;
    &lt;title&gt;Shopping Cart&lt;/title&gt;
    &lt;link rel=&quot;stylesheet&quot; href=&quot;https://stackpath.bootstrapcdn.com/bootstrap/4.5.2/css/bootstrap.min.css&quot;&gt;
&lt;/head&gt;
&lt;body&gt;
    &lt;div class=&quot;container-fluid&quot;&gt;
        &lt;div class=&quot;col-md-12&quot;&gt;
            &lt;div class=&quot;row&quot;&gt;
                &lt;div class=&quot;col-md-12&quot;&gt;
                    &lt;h2 class=&quot;text-center&quot;&gt;Cloth Cart&lt;/h2&gt;
                    &lt;!-- &lt;h5 style=&quot;text-align:right;&quot;&gt;Enjoy your shopping at Cibus  //echo $login_session; ?&gt;&lt;/h5&gt; --&gt;
                    &lt;div class=&quot;col-md-12&quot;&gt;
                        &lt;div class=&quot;row&quot;&gt;

                    
                                        &lt;div class=&quot;col-md-4&quot;&gt;
                        &lt;style&gt;
                            img:hover{
                                border-radius:15%;
                                transform:scale(1.05);
                            }
                        &lt;/style&gt;
                        &lt;!--  --&gt;
                      &lt;form action=&quot;cart?id=1 &quot; method=&quot;post&quot;&gt;
                      


                      &lt;img src=&quot;/assets/guccimen.jpg&quot; class=&quot;img&quot; style=&quot;height:350px; padding:10px;&quot;&gt;
                      &lt;h5 class=&quot;text-center&quot;&gt;sweater &lt;/h5&gt;
                      &lt;h5 class=&quot;text-center&quot;&gt;Men &lt;/h5&gt;
                      &lt;h5 class=&quot;text-center&quot;&gt;Casual &lt;/h5&gt;
                      &lt;h5 class=&quot;text-center&quot;&gt;Ksh600.0 &lt;/h5&gt;

                      &lt;input type=&quot;hidden&quot; name=&quot;name&quot; id=&quot;&quot; value=&quot; sweater&quot;&gt;
                      &lt;input type=&quot;hidden&quot; name=&quot;price&quot; id=&quot;&quot; value=&quot; 600&quot;&gt;
                      &lt;input type=&quot;number&quot; name=&quot;quantity&quot; id=&quot;&quot; value=&quot;1&quot; class=&quot;form-control&quot;&gt;
                      &lt;input type=&quot;submit&quot; value=&quot;Add to Cart&quot; name=&quot;add_to_cart&quot; class=&quot;btn btn-warning btn-block my-2&quot; style=&quot;&quot;&gt;

                      &lt;/form&gt;  
                    &lt;/div&gt;
                                        &lt;div class=&quot;col-md-4&quot;&gt;
                        &lt;style&gt;
                            img:hover{
                                border-radius:15%;
                                transform:scale(1.05);
                            }
                        &lt;/style&gt;
                        &lt;!--  --&gt;
                      &lt;form action=&quot;cart?id=2 &quot; method=&quot;post&quot;&gt;
                      


                      &lt;img src=&quot;/assets/sportswearset.jpg&quot; class=&quot;img&quot; style=&quot;height:350px; padding:10px;&quot;&gt;
                      &lt;h5 class=&quot;text-center&quot;&gt;Trainers &lt;/h5&gt;
                      &lt;h5 class=&quot;text-center&quot;&gt;Men &lt;/h5&gt;
                      &lt;h5 class=&quot;text-center&quot;&gt;Sports &lt;/h5&gt;
                      &lt;h5 class=&quot;text-center&quot;&gt;Ksh400.0 &lt;/h5&gt;

                      &lt;input type=&quot;hidden&quot; name=&quot;name&quot; id=&quot;&quot; value=&quot; Trainers&quot;&gt;
                      &lt;input type=&quot;hidden&quot; name=&quot;price&quot; id=&quot;&quot; value=&quot; 400&quot;&gt;
                      &lt;input type=&quot;number&quot; name=&quot;quantity&quot; id=&quot;&quot; value=&quot;1&quot; class=&quot;form-control&quot;&gt;
                      &lt;input type=&quot;submit&quot; value=&quot;Add to Cart&quot; name=&quot;add_to_cart&quot; class=&quot;btn btn-warning btn-block my-2&quot; style=&quot;&quot;&gt;

                      &lt;/form&gt;  
                    &lt;/div&gt;
                                        &lt;div class=&quot;col-md-4&quot;&gt;
                        &lt;style&gt;
                            img:hover{
                                border-radius:15%;
                                transform:scale(1.05);
                            }
                        &lt;/style&gt;
                        &lt;!--  --&gt;
                      &lt;form action=&quot;cart?id=3 &quot; method=&quot;post&quot;&gt;
                      


                      &lt;img src=&quot;/assets/khakis.jpg&quot; class=&quot;img&quot; style=&quot;height:350px; padding:10px;&quot;&gt;
                      &lt;h5 class=&quot;text-center&quot;&gt;Khakis &lt;/h5&gt;
                      &lt;h5 class=&quot;text-center&quot;&gt;Men &lt;/h5&gt;
                      &lt;h5 class=&quot;text-center&quot;&gt;Casual &lt;/h5&gt;
                      &lt;h5 class=&quot;text-center&quot;&gt;Ksh500.0 &lt;/h5&gt;

                      &lt;input type=&quot;hidden&quot; name=&quot;name&quot; id=&quot;&quot; value=&quot; Khakis&quot;&gt;
                      &lt;input type=&quot;hidden&quot; name=&quot;price&quot; id=&quot;&quot; value=&quot; 500&quot;&gt;
                      &lt;input type=&quot;number&quot; name=&quot;quantity&quot; id=&quot;&quot; value=&quot;1&quot; class=&quot;form-control&quot;&gt;
                      &lt;input type=&quot;submit&quot; value=&quot;Add to Cart&quot; name=&quot;add_to_cart&quot; class=&quot;btn btn-warning btn-block my-2&quot; style=&quot;&quot;&gt;

                      &lt;/form&gt;  
                    &lt;/div&gt;
                                        &lt;div class=&quot;col-md-4&quot;&gt;
                        &lt;style&gt;
                            img:hover{
                                border-radius:15%;
                                transform:scale(1.05);
                            }
                        &lt;/style&gt;
                        &lt;!--  --&gt;
                      &lt;form action=&quot;cart?id=4 &quot; method=&quot;post&quot;&gt;
                      


                      &lt;img src=&quot;/assets/dress.jpg&quot; class=&quot;img&quot; style=&quot;height:350px; padding:10px;&quot;&gt;
                      &lt;h5 class=&quot;text-center&quot;&gt;Dress &lt;/h5&gt;
                      &lt;h5 class=&quot;text-center&quot;&gt;Women &lt;/h5&gt;
                      &lt;h5 class=&quot;text-center&quot;&gt;Casual &lt;/h5&gt;
                      &lt;h5 class=&quot;text-center&quot;&gt;Ksh300.0 &lt;/h5&gt;

                      &lt;input type=&quot;hidden&quot; name=&quot;name&quot; id=&quot;&quot; value=&quot; Dress&quot;&gt;
                      &lt;input type=&quot;hidden&quot; name=&quot;price&quot; id=&quot;&quot; value=&quot; 300&quot;&gt;
                      &lt;input type=&quot;number&quot; name=&quot;quantity&quot; id=&quot;&quot; value=&quot;1&quot; class=&quot;form-control&quot;&gt;
                      &lt;input type=&quot;submit&quot; value=&quot;Add to Cart&quot; name=&quot;add_to_cart&quot; class=&quot;btn btn-warning btn-block my-2&quot; style=&quot;&quot;&gt;

                      &lt;/form&gt;  
                    &lt;/div&gt;
                                           &lt;/div&gt;
                    &lt;/div&gt;
                    
                    
                &lt;/div&gt;
                
                &lt;div class=&quot;col-md-12&quot;&gt;
                    &lt;h2 class=&quot;text-center&quot;&gt;Item Selected&lt;/h2&gt;
                    
                    &lt;table class='table table-bordered table-striped'&gt;
                    &lt;tr&gt;
                    &lt;th&gt;ID&lt;/th&gt;
                    &lt;th&gt;fashion Item&lt;/th&gt;
                    &lt;th&gt;fashion Price&lt;/th&gt;
                    &lt;th&gt;Quantity&lt;/th&gt;
                    &lt;th&gt;Total Price&lt;/th&gt;
                    &lt;th&gt;Action&lt;/th&gt;
                    &lt;/tr&gt;
                    
                            &lt;tr&gt;
                            &lt;td&gt;2&lt;/td&gt;
                            &lt;td&gt; Trainers&lt;/td&gt;
                            &lt;td&gt; 400&lt;/td&gt;
                            &lt;td&gt;1&lt;/td&gt;
                            &lt;td&gt;Ksh400&lt;/td&gt;
                            &lt;td&gt;&lt;a href='cart?action=remove&amp;id=2'&gt;
                             &lt;button class='btn btn-danger btn-block'&gt;Remove&lt;/button&gt;
                            &lt;/a&gt;&lt;/td&gt;
                            &lt;/tr&gt;
                            .
                        &lt;tr&gt;
                        &lt;td colspan='3'&gt;&lt;/td&gt;
                        &lt;td &gt;Total Price&lt;/td&gt;
                        &lt;td&gt;400.0&lt;/td&gt;
                        &lt;td&gt;&lt;a href='cart.php?action+clearall'&gt;
                        &lt;button class='btn btn-warning'&gt;Clear All&lt;/button&gt;&lt;/a&gt;&lt;/td&gt;
                        &lt;/tr&gt;
                        &lt;tr&gt;
                        &lt;td colspan='5'&gt;&lt;/td&gt;
                        &lt;td&gt;&lt;a href='' &gt;&lt;button class='btn btn-warning'&gt;Proceed to Payment&lt;/button&gt;&lt;/a&gt;&lt;/td&gt;
                        &lt;/tr&gt;
                        &lt;/table&gt;                    
                &lt;/div&gt;
            &lt;/div&gt;
        &lt;/div&gt;
    &lt;/div&gt;
 &lt;/body&gt;
 &lt;/html&gt;
&lt;!-- DEBUG-VIEW ENDED 1 APPPATH\Views\cart.php --&gt;
): Failed to open stream: Invalid argument
#0 C:\xampp\htdocs\CodeIgniter4\CodeIgniter4\app\Controllers\Cloth.php(368): CodeIgniter\Debug\Exceptions->errorHandler(2, 'include(&lt;!--...', 'C:\\xampp\\htdocs...', 368)
#1 C:\xampp\htdocs\CodeIgniter4\CodeIgniter4\app\Controllers\Cloth.php(368): include()
#2 C:\xampp\htdocs\CodeIgniter4\CodeIgniter4\system\CodeIgniter.php(928): App\Controllers\Cloth->Cart()
#3 C:\xampp\htdocs\CodeIgniter4\CodeIgniter4\system\CodeIgniter.php(436): CodeIgniter\CodeIgniter->runController(Object(App\Controllers\Cloth))
#4 C:\xampp\htdocs\CodeIgniter4\CodeIgniter4\system\CodeIgniter.php(336): CodeIgniter\CodeIgniter->handleRequest(NULL, Object(Config\Cache), false)
#5 C:\xampp\htdocs\CodeIgniter4\CodeIgniter4\public\index.php(37): CodeIgniter\CodeIgniter->run()
#6 C:\xampp\htdocs\CodeIgniter4\CodeIgniter4\system\Commands\Server\rewrite.php(45): require_once('C:\\xampp\\htdocs...')
#7 {main}
ERROR - 2021-12-15 14:13:29 --> Error connecting to the database: No connection could be made because the target machine actively refused it
CRITICAL - 2021-12-15 14:13:29 --> Unable to connect to the database.
Main connection [MySQLi]: No connection could be made because the target machine actively refused it
#0 C:\xampp\htdocs\CodeIgniter4\CodeIgniter4\system\Database\BaseConnection.php(625): CodeIgniter\Database\BaseConnection->initialize()
#1 C:\xampp\htdocs\CodeIgniter4\CodeIgniter4\app\Views\payment.php(54): CodeIgniter\Database\BaseConnection->query('SELECT `user_id...')
#2 C:\xampp\htdocs\CodeIgniter4\CodeIgniter4\system\View\View.php(230): include('C:\\xampp\\htdocs...')
#3 C:\xampp\htdocs\CodeIgniter4\CodeIgniter4\system\View\View.php(232): CodeIgniter\View\View->CodeIgniter\View\{closure}()
#4 C:\xampp\htdocs\CodeIgniter4\CodeIgniter4\system\Common.php(1271): CodeIgniter\View\View->render('payment', Array, true)
#5 C:\xampp\htdocs\CodeIgniter4\CodeIgniter4\app\Controllers\Cloth.php(448): view('payment')
#6 C:\xampp\htdocs\CodeIgniter4\CodeIgniter4\system\CodeIgniter.php(928): App\Controllers\Cloth->Payment()
#7 C:\xampp\htdocs\CodeIgniter4\CodeIgniter4\system\CodeIgniter.php(436): CodeIgniter\CodeIgniter->runController(Object(App\Controllers\Cloth))
#8 C:\xampp\htdocs\CodeIgniter4\CodeIgniter4\system\CodeIgniter.php(336): CodeIgniter\CodeIgniter->handleRequest(NULL, Object(Config\Cache), false)
#9 C:\xampp\htdocs\CodeIgniter4\CodeIgniter4\public\index.php(37): CodeIgniter\CodeIgniter->run()
#10 C:\xampp\htdocs\CodeIgniter4\CodeIgniter4\system\Commands\Server\rewrite.php(45): require_once('C:\\xampp\\htdocs...')
#11 {main}
